This file contains any messages produced by compilers while
running configure, to aid debugging if configure makes a mistake.

It was created by snmp++ configure 3.3.11, which was
generated by GNU Autoconf 2.69.  Invocation command line was

  $ ./configure 

## --------- ##
## Platform. ##
## --------- ##

hostname = localhost.localdomain
uname -m = x86_64
uname -r = 4.18.0-80.11.2.el8_0.x86_64
uname -s = Linux
uname -v = #1 SMP Tue Sep 24 11:32:19 UTC 2019

/usr/bin/uname -p = x86_64
/bin/uname -X     = unknown

/bin/arch              = x86_64
/usr/bin/arch -k       = unknown
/usr/convex/getsysinfo = unknown
/usr/bin/hostinfo      = unknown
/bin/machine           = unknown
/usr/bin/oslevel       = unknown
/bin/universe          = unknown

PATH: /home/Toni/.local/bin
PATH: /home/Toni/bin
PATH: /home/Toni/.local/bin
PATH: /home/Toni/bin
PATH: /usr/share/Modules/bin
PATH: /usr/local/bin
PATH: /usr/local/sbin
PATH: /usr/bin
PATH: /usr/sbin


## ----------- ##
## Core tests. ##
## ----------- ##

configure:2855: checking for a BSD-compatible install
configure:2923: result: /usr/bin/install -c
configure:2934: checking whether build environment is sane
configure:2989: result: yes
configure:3027: WARNING: 'missing' script is too old or missing
configure:3140: checking for a thread-safe mkdir -p
configure:3179: result: /usr/bin/mkdir -p
configure:3186: checking for gawk
configure:3202: found /usr/bin/gawk
configure:3213: result: gawk
configure:3224: checking whether make sets $(MAKE)
configure:3246: result: yes
configure:3275: checking whether make supports nested variables
configure:3292: result: yes
configure:3422: checking whether to enable maintainer-specific portions of Makefiles
configure:3431: result: no
configure:3449: checking build system type
configure:3463: result: x86_64-unknown-linux-gnu
configure:3483: checking host system type
configure:3496: result: x86_64-unknown-linux-gnu
configure:3579: checking for gcc
configure:3595: found /usr/bin/gcc
configure:3606: result: gcc
configure:3835: checking for C compiler version
configure:3844: gcc --version >&5
gcc (GCC) 8.2.1 20180905 (Red Hat 8.2.1-3)
Copyright (C) 2018 Free Software Foundation, Inc.
This is free software; see the source for copying conditions.  There is NO
warranty; not even for MERCHANTABILITY or FITNESS FOR A PARTICULAR PURPOSE.

configure:3855: $? = 0
configure:3844: gcc -v >&5
Using built-in specs.
COLLECT_GCC=gcc
COLLECT_LTO_WRAPPER=/usr/libexec/gcc/x86_64-redhat-linux/8/lto-wrapper
OFFLOAD_TARGET_NAMES=nvptx-none
OFFLOAD_TARGET_DEFAULT=1
Target: x86_64-redhat-linux
Configured with: ../configure --enable-bootstrap --enable-languages=c,c++,fortran,lto --prefix=/usr --mandir=/usr/share/man --infodir=/usr/share/info --with-bugurl=http://bugzilla.redhat.com/bugzilla --enable-shared --enable-threads=posix --enable-checking=release --enable-multilib --with-system-zlib --enable-__cxa_atexit --disable-libunwind-exceptions --enable-gnu-unique-object --enable-linker-build-id --with-gcc-major-version-only --with-linker-hash-style=gnu --enable-plugin --enable-initfini-array --with-isl --disable-libmpx --enable-offload-targets=nvptx-none --without-cuda-driver --enable-gnu-indirect-function --enable-cet --with-tune=generic --with-arch_32=x86-64 --build=x86_64-redhat-linux
Thread model: posix
gcc version 8.2.1 20180905 (Red Hat 8.2.1-3) (GCC) 
configure:3855: $? = 0
configure:3844: gcc -V >&5
gcc: error: unrecognized command line option '-V'
gcc: fatal error: no input files
compilation terminated.
configure:3855: $? = 1
configure:3844: gcc -qversion >&5
gcc: error: unrecognized command line option '-qversion'; did you mean '--version'?
gcc: fatal error: no input files
compilation terminated.
configure:3855: $? = 1
configure:3875: checking whether the C compiler works
configure:3897: gcc    conftest.c  >&5
configure:3901: $? = 0
configure:3949: result: yes
configure:3952: checking for C compiler default output file name
configure:3954: result: a.out
configure:3960: checking for suffix of executables
configure:3967: gcc -o conftest    conftest.c  >&5
configure:3971: $? = 0
configure:3993: result: 
configure:4015: checking whether we are cross compiling
configure:4023: gcc -o conftest    conftest.c  >&5
configure:4027: $? = 0
configure:4034: ./conftest
configure:4038: $? = 0
configure:4053: result: no
configure:4058: checking for suffix of object files
configure:4080: gcc -c   conftest.c >&5
configure:4084: $? = 0
configure:4105: result: o
configure:4109: checking whether we are using the GNU C compiler
configure:4128: gcc -c   conftest.c >&5
configure:4128: $? = 0
configure:4137: result: yes
configure:4146: checking whether gcc accepts -g
configure:4166: gcc -c -g  conftest.c >&5
configure:4166: $? = 0
configure:4207: result: yes
configure:4224: checking for gcc option to accept ISO C89
configure:4287: gcc  -c -g -O2  conftest.c >&5
configure:4287: $? = 0
configure:4300: result: none needed
configure:4325: checking whether gcc understands -c and -o together
configure:4347: gcc -c conftest.c -o conftest2.o
configure:4350: $? = 0
configure:4347: gcc -c conftest.c -o conftest2.o
configure:4350: $? = 0
configure:4362: result: yes
configure:4390: checking for style of include used by make
configure:4418: result: GNU
configure:4444: checking dependency style of gcc
configure:4555: result: gcc3
configure:4628: checking for g++
configure:4644: found /usr/bin/g++
configure:4655: result: g++
configure:4682: checking for C++ compiler version
configure:4691: g++ --version >&5
g++ (GCC) 8.2.1 20180905 (Red Hat 8.2.1-3)
Copyright (C) 2018 Free Software Foundation, Inc.
This is free software; see the source for copying conditions.  There is NO
warranty; not even for MERCHANTABILITY or FITNESS FOR A PARTICULAR PURPOSE.

configure:4702: $? = 0
configure:4691: g++ -v >&5
Using built-in specs.
COLLECT_GCC=g++
COLLECT_LTO_WRAPPER=/usr/libexec/gcc/x86_64-redhat-linux/8/lto-wrapper
OFFLOAD_TARGET_NAMES=nvptx-none
OFFLOAD_TARGET_DEFAULT=1
Target: x86_64-redhat-linux
Configured with: ../configure --enable-bootstrap --enable-languages=c,c++,fortran,lto --prefix=/usr --mandir=/usr/share/man --infodir=/usr/share/info --with-bugurl=http://bugzilla.redhat.com/bugzilla --enable-shared --enable-threads=posix --enable-checking=release --enable-multilib --with-system-zlib --enable-__cxa_atexit --disable-libunwind-exceptions --enable-gnu-unique-object --enable-linker-build-id --with-gcc-major-version-only --with-linker-hash-style=gnu --enable-plugin --enable-initfini-array --with-isl --disable-libmpx --enable-offload-targets=nvptx-none --without-cuda-driver --enable-gnu-indirect-function --enable-cet --with-tune=generic --with-arch_32=x86-64 --build=x86_64-redhat-linux
Thread model: posix
gcc version 8.2.1 20180905 (Red Hat 8.2.1-3) (GCC) 
configure:4702: $? = 0
configure:4691: g++ -V >&5
g++: error: unrecognized command line option '-V'
g++: fatal error: no input files
compilation terminated.
configure:4702: $? = 1
configure:4691: g++ -qversion >&5
g++: error: unrecognized command line option '-qversion'; did you mean '--version'?
g++: fatal error: no input files
compilation terminated.
configure:4702: $? = 1
configure:4706: checking whether we are using the GNU C++ compiler
configure:4725: g++ -c   conftest.cpp >&5
configure:4725: $? = 0
configure:4734: result: yes
configure:4743: checking whether g++ accepts -g
configure:4763: g++ -c -g  conftest.cpp >&5
configure:4763: $? = 0
configure:4804: result: yes
configure:4829: checking dependency style of g++
configure:4940: result: gcc3
configure:4959: checking for gawk
configure:4986: result: gawk
configure:4997: checking for grep that handles long lines and -e
configure:5055: result: /usr/bin/grep
configure:5060: checking for a sed that does not truncate output
configure:5124: result: /usr/bin/sed
configure:5134: checking how to run the C preprocessor
configure:5165: gcc -E  conftest.c
configure:5165: $? = 0
configure:5179: gcc -E  conftest.c
conftest.c:12:10: fatal error: ac_nonexistent.h: No such file or directory
 #include <ac_nonexistent.h>
          ^~~~~~~~~~~~~~~~~~
compilation terminated.
configure:5179: $? = 1
configure: failed program was:
| /* confdefs.h */
| #define PACKAGE_NAME "snmp++"
| #define PACKAGE_TARNAME "snmp++"
| #define PACKAGE_VERSION "3.3.11"
| #define PACKAGE_STRING "snmp++ 3.3.11"
| #define PACKAGE_BUGREPORT "support@agentpp.com"
| #define PACKAGE_URL ""
| #define PACKAGE "snmp++"
| #define VERSION "3.3.11"
| #define OS_TYPE "linux-gnu"
| /* end confdefs.h.  */
| #include <ac_nonexistent.h>
configure:5204: result: gcc -E
configure:5224: gcc -E  conftest.c
configure:5224: $? = 0
configure:5238: gcc -E  conftest.c
conftest.c:12:10: fatal error: ac_nonexistent.h: No such file or directory
 #include <ac_nonexistent.h>
          ^~~~~~~~~~~~~~~~~~
compilation terminated.
configure:5238: $? = 1
configure: failed program was:
| /* confdefs.h */
| #define PACKAGE_NAME "snmp++"
| #define PACKAGE_TARNAME "snmp++"
| #define PACKAGE_VERSION "3.3.11"
| #define PACKAGE_STRING "snmp++ 3.3.11"
| #define PACKAGE_BUGREPORT "support@agentpp.com"
| #define PACKAGE_URL ""
| #define PACKAGE "snmp++"
| #define VERSION "3.3.11"
| #define OS_TYPE "linux-gnu"
| /* end confdefs.h.  */
| #include <ac_nonexistent.h>
configure:5267: checking whether ln -s works
configure:5271: result: yes
configure:5328: checking for ar
configure:5344: found /usr/bin/ar
configure:5355: result: ar
configure:5381: checking the archiver (ar) interface
configure:5397: gcc -c -g -O2  conftest.c >&5
configure:5397: $? = 0
configure:5399: ar cru libconftest.a conftest.o >&5
configure:5402: $? = 0
configure:5430: result: ar
configure:5450: checking whether make sets $(MAKE)
configure:5472: result: yes
configure:5535: checking for pkg-config
configure:5553: found /usr/bin/pkg-config
configure:5565: result: /usr/bin/pkg-config
configure:5590: checking pkg-config is at least version 0.9.0
configure:5593: result: yes
configure:5603: checking for egrep
configure:5665: result: /usr/bin/grep -E
configure:5670: checking for ANSI C header files
configure:5690: gcc -c -g -O2  conftest.c >&5
configure:5690: $? = 0
configure:5763: gcc -o conftest -g -O2   conftest.c  >&5
configure:5763: $? = 0
configure:5763: ./conftest
configure:5763: $? = 0
configure:5774: result: yes
configure:5787: checking for sys/types.h
configure:5787: gcc -c -g -O2  conftest.c >&5
configure:5787: $? = 0
configure:5787: result: yes
configure:5787: checking for sys/stat.h
configure:5787: gcc -c -g -O2  conftest.c >&5
configure:5787: $? = 0
configure:5787: result: yes
configure:5787: checking for stdlib.h
configure:5787: gcc -c -g -O2  conftest.c >&5
configure:5787: $? = 0
configure:5787: result: yes
configure:5787: checking for string.h
configure:5787: gcc -c -g -O2  conftest.c >&5
configure:5787: $? = 0
configure:5787: result: yes
configure:5787: checking for memory.h
configure:5787: gcc -c -g -O2  conftest.c >&5
configure:5787: $? = 0
configure:5787: result: yes
configure:5787: checking for strings.h
configure:5787: gcc -c -g -O2  conftest.c >&5
configure:5787: $? = 0
configure:5787: result: yes
configure:5787: checking for inttypes.h
configure:5787: gcc -c -g -O2  conftest.c >&5
configure:5787: $? = 0
configure:5787: result: yes
configure:5787: checking for stdint.h
configure:5787: gcc -c -g -O2  conftest.c >&5
configure:5787: $? = 0
configure:5787: result: yes
configure:5787: checking for unistd.h
configure:5787: gcc -c -g -O2  conftest.c >&5
configure:5787: $? = 0
configure:5787: result: yes
configure:5799: checking whether _AIX is declared
configure:5799: gcc -c -g -O2  conftest.c >&5
conftest.c: In function 'main':
conftest.c:62:10: error: '_AIX' undeclared (first use in this function)
   (void) _AIX;
          ^~~~
conftest.c:62:10: note: each undeclared identifier is reported only once for each function it appears in
configure:5799: $? = 1
configure: failed program was:
| /* confdefs.h */
| #define PACKAGE_NAME "snmp++"
| #define PACKAGE_TARNAME "snmp++"
| #define PACKAGE_VERSION "3.3.11"
| #define PACKAGE_STRING "snmp++ 3.3.11"
| #define PACKAGE_BUGREPORT "support@agentpp.com"
| #define PACKAGE_URL ""
| #define PACKAGE "snmp++"
| #define VERSION "3.3.11"
| #define OS_TYPE "linux-gnu"
| #define STDC_HEADERS 1
| #define HAVE_SYS_TYPES_H 1
| #define HAVE_SYS_STAT_H 1
| #define HAVE_STDLIB_H 1
| #define HAVE_STRING_H 1
| #define HAVE_MEMORY_H 1
| #define HAVE_STRINGS_H 1
| #define HAVE_INTTYPES_H 1
| #define HAVE_STDINT_H 1
| #define HAVE_UNISTD_H 1
| /* end confdefs.h.  */
| #include <stdio.h>
| #ifdef HAVE_SYS_TYPES_H
| # include <sys/types.h>
| #endif
| #ifdef HAVE_SYS_STAT_H
| # include <sys/stat.h>
| #endif
| #ifdef STDC_HEADERS
| # include <stdlib.h>
| # include <stddef.h>
| #else
| # ifdef HAVE_STDLIB_H
| #  include <stdlib.h>
| # endif
| #endif
| #ifdef HAVE_STRING_H
| # if !defined STDC_HEADERS && defined HAVE_MEMORY_H
| #  include <memory.h>
| # endif
| # include <string.h>
| #endif
| #ifdef HAVE_STRINGS_H
| # include <strings.h>
| #endif
| #ifdef HAVE_INTTYPES_H
| # include <inttypes.h>
| #endif
| #ifdef HAVE_STDINT_H
| # include <stdint.h>
| #endif
| #ifdef HAVE_UNISTD_H
| # include <unistd.h>
| #endif
| int
| main ()
| {
| #ifndef _AIX
| #ifdef __cplusplus
|   (void) _AIX;
| #else
|   (void) _AIX;
| #endif
| #endif
| 
|   ;
|   return 0;
| }
configure:5799: result: no
configure:5804: checking whether __linux is declared
configure:5804: gcc -c -g -O2  conftest.c >&5
configure:5804: $? = 0
configure:5804: result: yes
configure:5808: checking whether __sun is declared
configure:5808: gcc -c -g -O2  conftest.c >&5
conftest.c: In function 'main':
conftest.c:62:10: error: '__sun' undeclared (first use in this function)
   (void) __sun;
          ^~~~~
conftest.c:62:10: note: each undeclared identifier is reported only once for each function it appears in
configure:5808: $? = 1
configure: failed program was:
| /* confdefs.h */
| #define PACKAGE_NAME "snmp++"
| #define PACKAGE_TARNAME "snmp++"
| #define PACKAGE_VERSION "3.3.11"
| #define PACKAGE_STRING "snmp++ 3.3.11"
| #define PACKAGE_BUGREPORT "support@agentpp.com"
| #define PACKAGE_URL ""
| #define PACKAGE "snmp++"
| #define VERSION "3.3.11"
| #define OS_TYPE "linux-gnu"
| #define STDC_HEADERS 1
| #define HAVE_SYS_TYPES_H 1
| #define HAVE_SYS_STAT_H 1
| #define HAVE_STDLIB_H 1
| #define HAVE_STRING_H 1
| #define HAVE_MEMORY_H 1
| #define HAVE_STRINGS_H 1
| #define HAVE_INTTYPES_H 1
| #define HAVE_STDINT_H 1
| #define HAVE_UNISTD_H 1
| /* end confdefs.h.  */
| #include <stdio.h>
| #ifdef HAVE_SYS_TYPES_H
| # include <sys/types.h>
| #endif
| #ifdef HAVE_SYS_STAT_H
| # include <sys/stat.h>
| #endif
| #ifdef STDC_HEADERS
| # include <stdlib.h>
| # include <stddef.h>
| #else
| # ifdef HAVE_STDLIB_H
| #  include <stdlib.h>
| # endif
| #endif
| #ifdef HAVE_STRING_H
| # if !defined STDC_HEADERS && defined HAVE_MEMORY_H
| #  include <memory.h>
| # endif
| # include <string.h>
| #endif
| #ifdef HAVE_STRINGS_H
| # include <strings.h>
| #endif
| #ifdef HAVE_INTTYPES_H
| # include <inttypes.h>
| #endif
| #ifdef HAVE_STDINT_H
| # include <stdint.h>
| #endif
| #ifdef HAVE_UNISTD_H
| # include <unistd.h>
| #endif
| int
| main ()
| {
| #ifndef __sun
| #ifdef __cplusplus
|   (void) __sun;
| #else
|   (void) __sun;
| #endif
| #endif
| 
|   ;
|   return 0;
| }
configure:5808: result: no
configure:5842: checking which _XOPEN_SOURCE macro must be defined
configure:5863: g++ -c -g -O2  -D_GNU_SOURCE conftest.cpp >&5
conftest.cpp: In function 'int main()':
conftest.cpp:26:1: error: 'xpg3_testcode' was not declared in this scope
 xpg3_testcode
 ^~~~~~~~~~~~~
configure:5863: $? = 1
configure: failed program was:
| /* confdefs.h */
| #define PACKAGE_NAME "snmp++"
| #define PACKAGE_TARNAME "snmp++"
| #define PACKAGE_VERSION "3.3.11"
| #define PACKAGE_STRING "snmp++ 3.3.11"
| #define PACKAGE_BUGREPORT "support@agentpp.com"
| #define PACKAGE_URL ""
| #define PACKAGE "snmp++"
| #define VERSION "3.3.11"
| #define OS_TYPE "linux-gnu"
| #define STDC_HEADERS 1
| #define HAVE_SYS_TYPES_H 1
| #define HAVE_SYS_STAT_H 1
| #define HAVE_STDLIB_H 1
| #define HAVE_STRING_H 1
| #define HAVE_MEMORY_H 1
| #define HAVE_STRINGS_H 1
| #define HAVE_INTTYPES_H 1
| #define HAVE_STDINT_H 1
| #define HAVE_UNISTD_H 1
| /* end confdefs.h.  */
| 
| int
| main ()
| {
| xpg3_testcode
|   ;
|   return 0;
| }
configure:5905: g++ -c -g -O2  -D_GNU_SOURCE -D_XOPEN_SOURCE conftest.cpp >&5
conftest.cpp:25:8: warning: character constant too long for its type
 ac_cpp='  -D_GNU_SOURCE -D_XOPEN_SOURCE'
        ^~~~~~~~~~~~~~~~~~~~~~~~~~~~~~~~~
conftest.cpp:26:12: warning: character constant too long for its type
 ac_compile='g++ -c -g -O2  -D_GNU_SOURCE -D_XOPEN_SOURCE conftest.cpp >&5'
            ^~~~~~~~~~~~~~~~~~~~~~~~~~~~~~~~~~~~~~~~~~~~~~~~~~~~~~~~~~~~~~~
conftest.cpp:27:9: warning: character constant too long for its type
 ac_link='g++ -o conftest -g -O2  -D_GNU_SOURCE -D_XOPEN_SOURCE  conftest.cpp  >&5'
         ^~~~~~~~~~~~~~~~~~~~~~~~~~~~~~~~~~~~~~~~~~~~~~~~~~~~~~~~~~~~~~~~~~~~~~~~~~
conftest.cpp:45:8: warning: character constant too long for its type
 ac_cpp='  -D_GNU_SOURCE -D_XOPEN_SOURCE'
        ^~~~~~~~~~~~~~~~~~~~~~~~~~~~~~~~~
conftest.cpp:46:12: warning: character constant too long for its type
 ac_compile='g++ -c -g -O2  -D_GNU_SOURCE -D_XOPEN_SOURCE conftest.cpp >&5'
            ^~~~~~~~~~~~~~~~~~~~~~~~~~~~~~~~~~~~~~~~~~~~~~~~~~~~~~~~~~~~~~~
conftest.cpp:47:9: warning: character constant too long for its type
 ac_link='g++ -o conftest -g -O2  -D_GNU_SOURCE -D_XOPEN_SOURCE  conftest.cpp  >&5'
         ^~~~~~~~~~~~~~~~~~~~~~~~~~~~~~~~~~~~~~~~~~~~~~~~~~~~~~~~~~~~~~~~~~~~~~~~~~
conftest.cpp:24:1: error: 'ac_ext' does not name a type
 ac_ext=cpp
 ^~~~~~
conftest.cpp: In function 'int main()':
conftest.cpp:38:8: error: 'nice' was not declared in this scope
   rc = nice( 5 );
        ^~~~
conftest.cpp:39:8: error: 'chroot' was not declared in this scope
   rc = chroot( "/tmp" );
        ^~~~~~
conftest.cpp:39:8: note: suggested alternative: 'short'
   rc = chroot( "/tmp" );
        ^~~~~~
        short
conftest.cpp: At global scope:
conftest.cpp:44:1: error: 'ac_ext' does not name a type
 ac_ext=cpp
 ^~~~~~
configure:5905: $? = 1
configure: failed program was:
| /* confdefs.h */
| #define PACKAGE_NAME "snmp++"
| #define PACKAGE_TARNAME "snmp++"
| #define PACKAGE_VERSION "3.3.11"
| #define PACKAGE_STRING "snmp++ 3.3.11"
| #define PACKAGE_BUGREPORT "support@agentpp.com"
| #define PACKAGE_URL ""
| #define PACKAGE "snmp++"
| #define VERSION "3.3.11"
| #define OS_TYPE "linux-gnu"
| #define STDC_HEADERS 1
| #define HAVE_SYS_TYPES_H 1
| #define HAVE_SYS_STAT_H 1
| #define HAVE_STDLIB_H 1
| #define HAVE_STRING_H 1
| #define HAVE_MEMORY_H 1
| #define HAVE_STRINGS_H 1
| #define HAVE_INTTYPES_H 1
| #define HAVE_STDINT_H 1
| #define HAVE_UNISTD_H 1
| /* end confdefs.h.  */
| 
| 
| ac_ext=cpp
| ac_cpp='  -D_GNU_SOURCE -D_XOPEN_SOURCE'
| ac_compile='g++ -c -g -O2  -D_GNU_SOURCE -D_XOPEN_SOURCE conftest.cpp >&5'
| ac_link='g++ -o conftest -g -O2  -D_GNU_SOURCE -D_XOPEN_SOURCE  conftest.cpp  >&5'
| ac_compiler_gnu=yes
| 
| 
| #include <unistd.h>
| 
| int
| main ()
| {
|   int rc;
| 
|   rc = nice( 5 );
|   rc = chroot( "/tmp" );
| 
|   return 0;
| }
| 
| ac_ext=cpp
| ac_cpp='  -D_GNU_SOURCE -D_XOPEN_SOURCE'
| ac_compile='g++ -c -g -O2  -D_GNU_SOURCE -D_XOPEN_SOURCE conftest.cpp >&5'
| ac_link='g++ -o conftest -g -O2  -D_GNU_SOURCE -D_XOPEN_SOURCE  conftest.cpp  >&5'
| ac_compiler_gnu=yes
| 
| 
configure:5945: g++ -c -g -O2  -D_GNU_SOURCE conftest.cpp >&5
conftest.cpp: In function 'int main()':
conftest.cpp:26:1: error: 'xpg4_testcode' was not declared in this scope
 xpg4_testcode
 ^~~~~~~~~~~~~
configure:5945: $? = 1
configure: failed program was:
| /* confdefs.h */
| #define PACKAGE_NAME "snmp++"
| #define PACKAGE_TARNAME "snmp++"
| #define PACKAGE_VERSION "3.3.11"
| #define PACKAGE_STRING "snmp++ 3.3.11"
| #define PACKAGE_BUGREPORT "support@agentpp.com"
| #define PACKAGE_URL ""
| #define PACKAGE "snmp++"
| #define VERSION "3.3.11"
| #define OS_TYPE "linux-gnu"
| #define STDC_HEADERS 1
| #define HAVE_SYS_TYPES_H 1
| #define HAVE_SYS_STAT_H 1
| #define HAVE_STDLIB_H 1
| #define HAVE_STRING_H 1
| #define HAVE_MEMORY_H 1
| #define HAVE_STRINGS_H 1
| #define HAVE_INTTYPES_H 1
| #define HAVE_STDINT_H 1
| #define HAVE_UNISTD_H 1
| /* end confdefs.h.  */
| 
| int
| main ()
| {
| xpg4_testcode
|   ;
|   return 0;
| }
configure:5992: g++ -c -g -O2  -D_GNU_SOURCE -D_XOPEN_SOURCE=4 conftest.cpp >&5
conftest.cpp:25:8: warning: character constant too long for its type
 ac_cpp='  -D_GNU_SOURCE -D_XOPEN_SOURCE=4'
        ^~~~~~~~~~~~~~~~~~~~~~~~~~~~~~~~~~~
conftest.cpp:26:12: warning: character constant too long for its type
 ac_compile='g++ -c -g -O2  -D_GNU_SOURCE -D_XOPEN_SOURCE=4 conftest.cpp >&5'
            ^~~~~~~~~~~~~~~~~~~~~~~~~~~~~~~~~~~~~~~~~~~~~~~~~~~~~~~~~~~~~~~~~
conftest.cpp:27:9: warning: character constant too long for its type
 ac_link='g++ -o conftest -g -O2  -D_GNU_SOURCE -D_XOPEN_SOURCE=4  conftest.cpp  >&5'
         ^~~~~~~~~~~~~~~~~~~~~~~~~~~~~~~~~~~~~~~~~~~~~~~~~~~~~~~~~~~~~~~~~~~~~~~~~~~~
conftest.cpp:50:8: warning: character constant too long for its type
 ac_cpp='  -D_GNU_SOURCE -D_XOPEN_SOURCE=4'
        ^~~~~~~~~~~~~~~~~~~~~~~~~~~~~~~~~~~
conftest.cpp:51:12: warning: character constant too long for its type
 ac_compile='g++ -c -g -O2  -D_GNU_SOURCE -D_XOPEN_SOURCE=4 conftest.cpp >&5'
            ^~~~~~~~~~~~~~~~~~~~~~~~~~~~~~~~~~~~~~~~~~~~~~~~~~~~~~~~~~~~~~~~~
conftest.cpp:52:9: warning: character constant too long for its type
 ac_link='g++ -o conftest -g -O2  -D_GNU_SOURCE -D_XOPEN_SOURCE=4  conftest.cpp  >&5'
         ^~~~~~~~~~~~~~~~~~~~~~~~~~~~~~~~~~~~~~~~~~~~~~~~~~~~~~~~~~~~~~~~~~~~~~~~~~~~
conftest.cpp:24:1: error: 'ac_ext' does not name a type
 ac_ext=cpp
 ^~~~~~
In file included from /usr/include/signal.h:32,
                 from /usr/include/sys/wait.h:36,
                 from conftest.cpp:32:
/usr/include/bits/types/sig_atomic_t.h:8:9: error: '__sig_atomic_t' does not name a type
 typedef __sig_atomic_t sig_atomic_t;
         ^~~~~~~~~~~~~~
In file included from /usr/include/signal.h:53,
                 from /usr/include/sys/wait.h:36,
                 from conftest.cpp:32:
/usr/include/bits/types/struct_timespec.h:11:3: error: '__time_t' does not name a type; did you mean '__sigset_t'?
   __time_t tv_sec;  /* Seconds.  */
   ^~~~~~~~
   __sigset_t
/usr/include/bits/types/struct_timespec.h:12:3: error: '__syscall_slong_t' does not name a type
   __syscall_slong_t tv_nsec; /* Nanoseconds.  */
   ^~~~~~~~~~~~~~~~~
In file included from /usr/include/signal.h:57,
                 from /usr/include/sys/wait.h:36,
                 from conftest.cpp:32:
/usr/include/bits/types/siginfo_t.h:58:6: error: '__pid_t' does not name a type; did you mean '__divdc3'?
      __pid_t si_pid; /* Sending process ID.  */
      ^~~~~~~
      __divdc3
/usr/include/bits/types/siginfo_t.h:59:6: error: '__uid_t' does not name a type; did you mean '__divdc3'?
      __uid_t si_uid; /* Real user ID of sending process.  */
      ^~~~~~~
      __divdc3
/usr/include/bits/types/siginfo_t.h:73:6: error: '__pid_t' does not name a type; did you mean '__divdc3'?
      __pid_t si_pid; /* Sending process ID.  */
      ^~~~~~~
      __divdc3
/usr/include/bits/types/siginfo_t.h:74:6: error: '__uid_t' does not name a type; did you mean '__divdc3'?
      __uid_t si_uid; /* Real user ID of sending process.  */
      ^~~~~~~
      __divdc3
/usr/include/bits/types/siginfo_t.h:81:6: error: '__pid_t' does not name a type; did you mean '__divdc3'?
      __pid_t si_pid; /* Which child.  */
      ^~~~~~~
      __divdc3
/usr/include/bits/types/siginfo_t.h:82:6: error: '__uid_t' does not name a type; did you mean '__divdc3'?
      __uid_t si_uid; /* Real user ID of sending process.  */
      ^~~~~~~
      __divdc3
/usr/include/bits/types/siginfo_t.h:84:6: error: '__clock_t' does not name a type
      __SI_CLOCK_T si_utime;
      ^~~~~~~~~~~~
/usr/include/bits/types/siginfo_t.h:85:6: error: '__clock_t' does not name a type
      __SI_CLOCK_T si_stime;
      ^~~~~~~~~~~~
/usr/include/bits/types/siginfo_t.h:103:3: error: '__uint32_t' does not name a type; did you mean '__uint128_t'?
   __uint32_t _pkey;
   ^~~~~~~~~~
   __uint128_t
In file included from /usr/include/signal.h:66,
                 from /usr/include/sys/wait.h:36,
                 from conftest.cpp:32:
/usr/include/bits/types/sigevent_t.h:34:2: error: '__pid_t' does not name a type; did you mean '__divdc3'?
  __pid_t _tid;
  ^~~~~~~
  __divdc3
In file included from /usr/include/sys/wait.h:36,
                 from conftest.cpp:32:
/usr/include/signal.h:112:18: error: '__pid_t' was not declared in this scope
 extern int kill (__pid_t __pid, int __sig) __THROW;
                  ^~~~~~~
/usr/include/signal.h:112:18: note: suggested alternative: '__divdc3'
 extern int kill (__pid_t __pid, int __sig) __THROW;
                  ^~~~~~~
                  __divdc3
/usr/include/signal.h:112:33: error: expected primary-expression before 'int'
 extern int kill (__pid_t __pid, int __sig) __THROW;
                                 ^~~
/usr/include/signal.h:112:42: error: expression list treated as compound expression in initializer [-fpermissive]
 extern int kill (__pid_t __pid, int __sig) __THROW;
                                          ^
/usr/include/signal.h:119:20: error: '__pid_t' was not declared in this scope
 extern int killpg (__pid_t __pgrp, int __sig) __THROW;
                    ^~~~~~~
/usr/include/signal.h:119:20: note: suggested alternative: '__divdc3'
 extern int killpg (__pid_t __pgrp, int __sig) __THROW;
                    ^~~~~~~
                    __divdc3
/usr/include/signal.h:119:36: error: expected primary-expression before 'int'
 extern int killpg (__pid_t __pgrp, int __sig) __THROW;
                                    ^~~
/usr/include/signal.h:119:45: error: expression list treated as compound expression in initializer [-fpermissive]
 extern int killpg (__pid_t __pgrp, int __sig) __THROW;
                                             ^
In file included from /usr/include/sys/wait.h:36,
                 from conftest.cpp:32:
/usr/include/signal.h:276:22: error: '__pid_t' was not declared in this scope
 extern int sigqueue (__pid_t __pid, int __sig, const union sigval __val)
                      ^~~~~~~
/usr/include/signal.h:276:37: error: expected primary-expression before 'int'
 extern int sigqueue (__pid_t __pid, int __sig, const union sigval __val)
                                     ^~~
/usr/include/signal.h:276:48: error: expected primary-expression before 'const'
 extern int sigqueue (__pid_t __pid, int __sig, const union sigval __val)
                                                ^~~~~
/usr/include/signal.h:276:72: error: expression list treated as compound expression in initializer [-fpermissive]
 extern int sigqueue (__pid_t __pid, int __sig, const union sigval __val)
                                                                        ^
In file included from /usr/include/signal.h:291,
                 from /usr/include/sys/wait.h:36,
                 from conftest.cpp:32:
/usr/include/bits/sigcontext.h:33:3: error: '__uint32_t' does not name a type; did you mean '__uint128_t'?
   __uint32_t magic1;
   ^~~~~~~~~~
   __uint128_t
/usr/include/bits/sigcontext.h:34:3: error: '__uint32_t' does not name a type; did you mean '__uint128_t'?
   __uint32_t extended_size;
   ^~~~~~~~~~
   __uint128_t
/usr/include/bits/sigcontext.h:35:3: error: '__uint64_t' does not name a type; did you mean '__uint128_t'?
   __uint64_t xstate_bv;
   ^~~~~~~~~~
   __uint128_t
/usr/include/bits/sigcontext.h:36:3: error: '__uint32_t' does not name a type; did you mean '__uint128_t'?
   __uint32_t xstate_size;
   ^~~~~~~~~~
   __uint128_t
/usr/include/bits/sigcontext.h:37:3: error: '__uint32_t' does not name a type; did you mean '__uint128_t'?
   __uint32_t __glibc_reserved1[7];
   ^~~~~~~~~~
   __uint128_t
/usr/include/bits/sigcontext.h:55:3: error: '__uint32_t' does not name a type; did you mean '__uint128_t'?
   __uint32_t element[4];
   ^~~~~~~~~~
   __uint128_t
/usr/include/bits/sigcontext.h:126:3: error: '__uint16_t' does not name a type; did you mean '__uint128_t'?
   __uint16_t  cwd;
   ^~~~~~~~~~
   __uint128_t
/usr/include/bits/sigcontext.h:127:3: error: '__uint16_t' does not name a type; did you mean '__uint128_t'?
   __uint16_t  swd;
   ^~~~~~~~~~
   __uint128_t
/usr/include/bits/sigcontext.h:128:3: error: '__uint16_t' does not name a type; did you mean '__uint128_t'?
   __uint16_t  ftw;
   ^~~~~~~~~~
   __uint128_t
/usr/include/bits/sigcontext.h:129:3: error: '__uint16_t' does not name a type; did you mean '__uint128_t'?
   __uint16_t  fop;
   ^~~~~~~~~~
   __uint128_t
/usr/include/bits/sigcontext.h:130:3: error: '__uint64_t' does not name a type; did you mean '__uint128_t'?
   __uint64_t  rip;
   ^~~~~~~~~~
   __uint128_t
/usr/include/bits/sigcontext.h:131:3: error: '__uint64_t' does not name a type; did you mean '__uint128_t'?
   __uint64_t  rdp;
   ^~~~~~~~~~
   __uint128_t
/usr/include/bits/sigcontext.h:132:3: error: '__uint32_t' does not name a type; did you mean '__uint128_t'?
   __uint32_t  mxcsr;
   ^~~~~~~~~~
   __uint128_t
/usr/include/bits/sigcontext.h:133:3: error: '__uint32_t' does not name a type; did you mean '__uint128_t'?
   __uint32_t  mxcr_mask;
   ^~~~~~~~~~
   __uint128_t
/usr/include/bits/sigcontext.h:136:3: error: '__uint32_t' does not name a type; did you mean '__uint128_t'?
   __uint32_t  __glibc_reserved1[24];
   ^~~~~~~~~~
   __uint128_t
/usr/include/bits/sigcontext.h:141:3: error: '__uint64_t' does not name a type; did you mean '__uint128_t'?
   __uint64_t r8;
   ^~~~~~~~~~
   __uint128_t
/usr/include/bits/sigcontext.h:142:3: error: '__uint64_t' does not name a type; did you mean '__uint128_t'?
   __uint64_t r9;
   ^~~~~~~~~~
   __uint128_t
/usr/include/bits/sigcontext.h:143:3: error: '__uint64_t' does not name a type; did you mean '__uint128_t'?
   __uint64_t r10;
   ^~~~~~~~~~
   __uint128_t
/usr/include/bits/sigcontext.h:144:3: error: '__uint64_t' does not name a type; did you mean '__uint128_t'?
   __uint64_t r11;
   ^~~~~~~~~~
   __uint128_t
/usr/include/bits/sigcontext.h:145:3: error: '__uint64_t' does not name a type; did you mean '__uint128_t'?
   __uint64_t r12;
   ^~~~~~~~~~
   __uint128_t
/usr/include/bits/sigcontext.h:146:3: error: '__uint64_t' does not name a type; did you mean '__uint128_t'?
   __uint64_t r13;
   ^~~~~~~~~~
   __uint128_t
/usr/include/bits/sigcontext.h:147:3: error: '__uint64_t' does not name a type; did you mean '__uint128_t'?
   __uint64_t r14;
   ^~~~~~~~~~
   __uint128_t
/usr/include/bits/sigcontext.h:148:3: error: '__uint64_t' does not name a type; did you mean '__uint128_t'?
   __uint64_t r15;
   ^~~~~~~~~~
   __uint128_t
/usr/include/bits/sigcontext.h:149:3: error: '__uint64_t' does not name a type; did you mean '__uint128_t'?
   __uint64_t rdi;
   ^~~~~~~~~~
   __uint128_t
/usr/include/bits/sigcontext.h:150:3: error: '__uint64_t' does not name a type; did you mean '__uint128_t'?
   __uint64_t rsi;
   ^~~~~~~~~~
   __uint128_t
/usr/include/bits/sigcontext.h:151:3: error: '__uint64_t' does not name a type; did you mean '__uint128_t'?
   __uint64_t rbp;
   ^~~~~~~~~~
   __uint128_t
/usr/include/bits/sigcontext.h:152:3: error: '__uint64_t' does not name a type; did you mean '__uint128_t'?
   __uint64_t rbx;
   ^~~~~~~~~~
   __uint128_t
/usr/include/bits/sigcontext.h:153:3: error: '__uint64_t' does not name a type; did you mean '__uint128_t'?
   __uint64_t rdx;
   ^~~~~~~~~~
   __uint128_t
/usr/include/bits/sigcontext.h:154:3: error: '__uint64_t' does not name a type; did you mean '__uint128_t'?
   __uint64_t rax;
   ^~~~~~~~~~
   __uint128_t
/usr/include/bits/sigcontext.h:155:3: error: '__uint64_t' does not name a type; did you mean '__uint128_t'?
   __uint64_t rcx;
   ^~~~~~~~~~
   __uint128_t
/usr/include/bits/sigcontext.h:156:3: error: '__uint64_t' does not name a type; did you mean '__uint128_t'?
   __uint64_t rsp;
   ^~~~~~~~~~
   __uint128_t
/usr/include/bits/sigcontext.h:157:3: error: '__uint64_t' does not name a type; did you mean '__uint128_t'?
   __uint64_t rip;
   ^~~~~~~~~~
   __uint128_t
/usr/include/bits/sigcontext.h:158:3: error: '__uint64_t' does not name a type; did you mean '__uint128_t'?
   __uint64_t eflags;
   ^~~~~~~~~~
   __uint128_t
/usr/include/bits/sigcontext.h:163:3: error: '__uint64_t' does not name a type; did you mean '__uint128_t'?
   __uint64_t err;
   ^~~~~~~~~~
   __uint128_t
/usr/include/bits/sigcontext.h:164:3: error: '__uint64_t' does not name a type; did you mean '__uint128_t'?
   __uint64_t trapno;
   ^~~~~~~~~~
   __uint128_t
/usr/include/bits/sigcontext.h:165:3: error: '__uint64_t' does not name a type; did you mean '__uint128_t'?
   __uint64_t oldmask;
   ^~~~~~~~~~
   __uint128_t
/usr/include/bits/sigcontext.h:166:3: error: '__uint64_t' does not name a type; did you mean '__uint128_t'?
   __uint64_t cr2;
   ^~~~~~~~~~
   __uint128_t
/usr/include/bits/sigcontext.h:170:7: error: '__uint64_t' does not name a type; did you mean '__uint128_t'?
       __uint64_t __fpstate_word;
       ^~~~~~~~~~
       __uint128_t
/usr/include/bits/sigcontext.h:172:3: error: '__uint64_t' does not name a type; did you mean '__uint128_t'?
   __uint64_t __reserved1 [8];
   ^~~~~~~~~~
   __uint128_t
/usr/include/bits/sigcontext.h:179:3: error: '__uint64_t' does not name a type; did you mean '__uint128_t'?
   __uint64_t xstate_bv;
   ^~~~~~~~~~
   __uint128_t
/usr/include/bits/sigcontext.h:180:3: error: '__uint64_t' does not name a type; did you mean '__uint128_t'?
   __uint64_t __glibc_reserved1[2];
   ^~~~~~~~~~
   __uint128_t
/usr/include/bits/sigcontext.h:181:3: error: '__uint64_t' does not name a type; did you mean '__uint128_t'?
   __uint64_t __glibc_reserved2[5];
   ^~~~~~~~~~
   __uint128_t
/usr/include/bits/sigcontext.h:186:3: error: '__uint32_t' does not name a type; did you mean '__uint128_t'?
   __uint32_t ymmh_space[64];
   ^~~~~~~~~~
   __uint128_t
In file included from /usr/include/signal.h:303,
                 from /usr/include/sys/wait.h:36,
                 from conftest.cpp:32:
/usr/include/bits/types/stack_t.h:30:5: error: 'size_t' does not name a type
     size_t ss_size;
     ^~~~~~
/usr/include/bits/types/stack_t.h:30:5: note: 'size_t' is defined in header '<cstddef>'; did you forget to '#include <cstddef>'?
/usr/include/bits/types/stack_t.h:24:1:
 
/usr/include/bits/types/stack_t.h:30:5:
     size_t ss_size;
     ^~~~~~
In file included from /usr/include/signal.h:306,
                 from /usr/include/sys/wait.h:36,
                 from conftest.cpp:32:
/usr/include/sys/ucontext.h:110:3: error: '__uint32_t' does not name a type; did you mean '__uint128_t'?
   __uint32_t __ctx(element)[4];
   ^~~~~~~~~~
   __uint128_t
/usr/include/sys/ucontext.h:116:3: error: '__uint16_t' does not name a type; did you mean '__uint128_t'?
   __uint16_t  __ctx(cwd);
   ^~~~~~~~~~
   __uint128_t
/usr/include/sys/ucontext.h:117:3: error: '__uint16_t' does not name a type; did you mean '__uint128_t'?
   __uint16_t  __ctx(swd);
   ^~~~~~~~~~
   __uint128_t
/usr/include/sys/ucontext.h:118:3: error: '__uint16_t' does not name a type; did you mean '__uint128_t'?
   __uint16_t  __ctx(ftw);
   ^~~~~~~~~~
   __uint128_t
/usr/include/sys/ucontext.h:119:3: error: '__uint16_t' does not name a type; did you mean '__uint128_t'?
   __uint16_t  __ctx(fop);
   ^~~~~~~~~~
   __uint128_t
/usr/include/sys/ucontext.h:120:3: error: '__uint64_t' does not name a type; did you mean '__uint128_t'?
   __uint64_t  __ctx(rip);
   ^~~~~~~~~~
   __uint128_t
/usr/include/sys/ucontext.h:121:3: error: '__uint64_t' does not name a type; did you mean '__uint128_t'?
   __uint64_t  __ctx(rdp);
   ^~~~~~~~~~
   __uint128_t
/usr/include/sys/ucontext.h:122:3: error: '__uint32_t' does not name a type; did you mean '__uint128_t'?
   __uint32_t  __ctx(mxcsr);
   ^~~~~~~~~~
   __uint128_t
/usr/include/sys/ucontext.h:123:3: error: '__uint32_t' does not name a type; did you mean '__uint128_t'?
   __uint32_t  __ctx(mxcr_mask);
   ^~~~~~~~~~
   __uint128_t
/usr/include/sys/ucontext.h:126:3: error: '__uint32_t' does not name a type; did you mean '__uint128_t'?
   __uint32_t  __glibc_reserved1[24];
   ^~~~~~~~~~
   __uint128_t
In file included from conftest.cpp:32:
/usr/include/sys/wait.h:88:8: error: '__pid_t' does not name a type
 extern __pid_t wait (int *__stat_loc);
        ^~~~~~~
/usr/include/sys/wait.h:111:8: error: '__pid_t' does not name a type
 extern __pid_t waitpid (__pid_t __pid, int *__stat_loc, int __options);
        ^~~~~~~
/usr/include/sys/wait.h:115:9: error: '__id_t' does not name a type; did you mean 'sig_t'?
 typedef __id_t id_t;
         ^~~~~~
         sig_t
/usr/include/sys/wait.h:132:39: error: '__id_t' has not been declared
 extern int waitid (idtype_t __idtype, __id_t __id, siginfo_t *__infop,
                                       ^~~~~~
/usr/include/sys/wait.h:147:8: error: '__pid_t' does not name a type
 extern __pid_t wait3 (int *__stat_loc, int __options,
        ^~~~~~~
/usr/include/sys/wait.h:153:8: error: '__pid_t' does not name a type
 extern __pid_t wait4 (__pid_t __pid, int *__stat_loc, int __options,
        ^~~~~~~
conftest.cpp: In function 'int main(int, char**)':
conftest.cpp:37:3: error: 'size_t' was not declared in this scope
   size_t len;
   ^~~~~~
conftest.cpp:37:3: note: 'size_t' is defined in header '<cstddef>'; did you forget to '#include <cstddef>'?
conftest.cpp:33:1:
 
conftest.cpp:37:3:
   size_t len;
   ^~~~~~
conftest.cpp:40:3: error: 'pid_t' was not declared in this scope
   pid_t child = 100;
   ^~~~~
conftest.cpp:40:3: note: suggested alternative: 'sig_t'
   pid_t child = 100;
   ^~~~~
   sig_t
conftest.cpp:42:3: error: 'len' was not declared in this scope
   len = confstr( 1, buf, sizeof(buf ) );
   ^~~
conftest.cpp:42:3: note: suggested alternative: 'long'
   len = confstr( 1, buf, sizeof(buf ) );
   ^~~
   long
conftest.cpp:42:9: error: 'confstr' was not declared in this scope
   len = confstr( 1, buf, sizeof(buf ) );
         ^~~~~~~
conftest.cpp:42:9: note: suggested alternative: 'constexpr'
   len = confstr( 1, buf, sizeof(buf ) );
         ^~~~~~~
         constexpr
conftest.cpp:43:8: error: 'getopt' was not declared in this scope
   ch = getopt( argc, argv, "h" );
        ^~~~~~
conftest.cpp:44:3: error: 'rc' was not declared in this scope
   rc = waitpid( child, &status, WNOHANG );
   ^~
conftest.cpp:44:17: error: 'child' was not declared in this scope
   rc = waitpid( child, &status, WNOHANG );
                 ^~~~~
conftest.cpp:44:8: error: 'waitpid' was not declared in this scope
   rc = waitpid( child, &status, WNOHANG );
        ^~~~~~~
conftest.cpp:44:8: note: suggested alternative: 'waitid'
   rc = waitpid( child, &status, WNOHANG );
        ^~~~~~~
        waitid
conftest.cpp: At global scope:
conftest.cpp:49:1: error: 'ac_ext' does not name a type
 ac_ext=cpp
 ^~~~~~
configure:5992: $? = 1
configure: failed program was:
| /* confdefs.h */
| #define PACKAGE_NAME "snmp++"
| #define PACKAGE_TARNAME "snmp++"
| #define PACKAGE_VERSION "3.3.11"
| #define PACKAGE_STRING "snmp++ 3.3.11"
| #define PACKAGE_BUGREPORT "support@agentpp.com"
| #define PACKAGE_URL ""
| #define PACKAGE "snmp++"
| #define VERSION "3.3.11"
| #define OS_TYPE "linux-gnu"
| #define STDC_HEADERS 1
| #define HAVE_SYS_TYPES_H 1
| #define HAVE_SYS_STAT_H 1
| #define HAVE_STDLIB_H 1
| #define HAVE_STRING_H 1
| #define HAVE_MEMORY_H 1
| #define HAVE_STRINGS_H 1
| #define HAVE_INTTYPES_H 1
| #define HAVE_STDINT_H 1
| #define HAVE_UNISTD_H 1
| /* end confdefs.h.  */
| 
| 
| ac_ext=cpp
| ac_cpp='  -D_GNU_SOURCE -D_XOPEN_SOURCE=4'
| ac_compile='g++ -c -g -O2  -D_GNU_SOURCE -D_XOPEN_SOURCE=4 conftest.cpp >&5'
| ac_link='g++ -o conftest -g -O2  -D_GNU_SOURCE -D_XOPEN_SOURCE=4  conftest.cpp  >&5'
| ac_compiler_gnu=yes
| 
| 
| #include <unistd.h>
| #include <sys/wait.h>
| 
| int
| main (int argc, char **argv)
| {
|   size_t len;
|   char buf[1024];
|   int ch, status = 0;
|   pid_t child = 100;
| 
|   len = confstr( 1, buf, sizeof(buf ) );
|   ch = getopt( argc, argv, "h" );
|   rc = waitpid( child, &status, WNOHANG );
| 
|   return 0;
| }
| 
| ac_ext=cpp
| ac_cpp='  -D_GNU_SOURCE -D_XOPEN_SOURCE=4'
| ac_compile='g++ -c -g -O2  -D_GNU_SOURCE -D_XOPEN_SOURCE=4 conftest.cpp >&5'
| ac_link='g++ -o conftest -g -O2  -D_GNU_SOURCE -D_XOPEN_SOURCE=4  conftest.cpp  >&5'
| ac_compiler_gnu=yes
| 
| 
configure:6032: g++ -c -g -O2  -D_GNU_SOURCE conftest.cpp >&5
conftest.cpp: In function 'int main()':
conftest.cpp:26:1: error: 'xpg42_testcode' was not declared in this scope
 xpg42_testcode
 ^~~~~~~~~~~~~~
configure:6032: $? = 1
configure: failed program was:
| /* confdefs.h */
| #define PACKAGE_NAME "snmp++"
| #define PACKAGE_TARNAME "snmp++"
| #define PACKAGE_VERSION "3.3.11"
| #define PACKAGE_STRING "snmp++ 3.3.11"
| #define PACKAGE_BUGREPORT "support@agentpp.com"
| #define PACKAGE_URL ""
| #define PACKAGE "snmp++"
| #define VERSION "3.3.11"
| #define OS_TYPE "linux-gnu"
| #define STDC_HEADERS 1
| #define HAVE_SYS_TYPES_H 1
| #define HAVE_SYS_STAT_H 1
| #define HAVE_STDLIB_H 1
| #define HAVE_STRING_H 1
| #define HAVE_MEMORY_H 1
| #define HAVE_STRINGS_H 1
| #define HAVE_INTTYPES_H 1
| #define HAVE_STDINT_H 1
| #define HAVE_UNISTD_H 1
| /* end confdefs.h.  */
| 
| int
| main ()
| {
| xpg42_testcode
|   ;
|   return 0;
| }
configure:6078: g++ -c -g -O2  -D_GNU_SOURCE -D_XOPEN_SOURE -D_XOPEN_SOURCE_EXTENDED conftest.cpp >&5
conftest.cpp:25:8: warning: character constant too long for its type
 ac_cpp='  -D_GNU_SOURCE -D_XOPEN_SOURE -D_XOPEN_SOURCE_EXTENDED'
        ^~~~~~~~~~~~~~~~~~~~~~~~~~~~~~~~~~~~~~~~~~~~~~~~~~~~~~~~~
conftest.cpp:26:12: warning: character constant too long for its type
 ac_compile='g++ -c -g -O2  -D_GNU_SOURCE -D_XOPEN_SOURE -D_XOPEN_SOURCE_EXTENDED conftest.cpp >&5'
            ^~~~~~~~~~~~~~~~~~~~~~~~~~~~~~~~~~~~~~~~~~~~~~~~~~~~~~~~~~~~~~~~~~~~~~~~~~~~~~~~~~~~~~~
conftest.cpp:27:9: warning: character constant too long for its type
 ac_link='g++ -o conftest -g -O2  -D_GNU_SOURCE -D_XOPEN_SOURE -D_XOPEN_SOURCE_EXTENDED  conftest.cpp  >&5'
         ^~~~~~~~~~~~~~~~~~~~~~~~~~~~~~~~~~~~~~~~~~~~~~~~~~~~~~~~~~~~~~~~~~~~~~~~~~~~~~~~~~~~~~~~~~~~~~~~~~
conftest.cpp:49:8: warning: character constant too long for its type
 ac_cpp='  -D_GNU_SOURCE -D_XOPEN_SOURE -D_XOPEN_SOURCE_EXTENDED'
        ^~~~~~~~~~~~~~~~~~~~~~~~~~~~~~~~~~~~~~~~~~~~~~~~~~~~~~~~~
conftest.cpp:50:12: warning: character constant too long for its type
 ac_compile='g++ -c -g -O2  -D_GNU_SOURCE -D_XOPEN_SOURE -D_XOPEN_SOURCE_EXTENDED conftest.cpp >&5'
            ^~~~~~~~~~~~~~~~~~~~~~~~~~~~~~~~~~~~~~~~~~~~~~~~~~~~~~~~~~~~~~~~~~~~~~~~~~~~~~~~~~~~~~~
conftest.cpp:51:9: warning: character constant too long for its type
 ac_link='g++ -o conftest -g -O2  -D_GNU_SOURCE -D_XOPEN_SOURE -D_XOPEN_SOURCE_EXTENDED  conftest.cpp  >&5'
         ^~~~~~~~~~~~~~~~~~~~~~~~~~~~~~~~~~~~~~~~~~~~~~~~~~~~~~~~~~~~~~~~~~~~~~~~~~~~~~~~~~~~~~~~~~~~~~~~~~
conftest.cpp:24:1: error: 'ac_ext' does not name a type
 ac_ext=cpp
 ^~~~~~
In file included from /usr/include/sys/resource.h:24,
                 from conftest.cpp:32:
/usr/include/bits/resource.h:131:9: error: '__rlim_t' does not name a type
 typedef __rlim_t rlim_t;
         ^~~~~~~~
/usr/include/bits/resource.h:136:9: error: '__rlim64_t' does not name a type
 typedef __rlim64_t rlim64_t;
         ^~~~~~~~~~
/usr/include/bits/resource.h:142:5: error: 'rlim_t' does not name a type; did you mean 'rlimit'?
     rlim_t rlim_cur;
     ^~~~~~
     rlimit
/usr/include/bits/resource.h:144:5: error: 'rlim_t' does not name a type; did you mean 'rlimit'?
     rlim_t rlim_max;
     ^~~~~~
     rlimit
/usr/include/bits/resource.h:151:5: error: 'rlim64_t' does not name a type; did you mean 'rlimit'?
     rlim64_t rlim_cur;
     ^~~~~~~~
     rlimit
/usr/include/bits/resource.h:153:5: error: 'rlim64_t' does not name a type; did you mean 'rlimit'?
     rlim64_t rlim_max;
     ^~~~~~~~
     rlimit
In file included from /usr/include/bits/resource.h:178,
                 from /usr/include/sys/resource.h:24,
                 from conftest.cpp:32:
/usr/include/bits/types/struct_timeval.h:10:3: error: '__time_t' does not name a type
   __time_t tv_sec;  /* Seconds.  */
   ^~~~~~~~
/usr/include/bits/types/struct_timeval.h:11:3: error: '__suseconds_t' does not name a type
   __suseconds_t tv_usec; /* Microseconds.  */
   ^~~~~~~~~~~~~
In file included from /usr/include/bits/resource.h:179,
                 from /usr/include/sys/resource.h:24,
                 from conftest.cpp:32:
/usr/include/bits/types/struct_rusage.h:41:2: error: '__syscall_slong_t' does not name a type
  __syscall_slong_t __ru_maxrss_word;
  ^~~~~~~~~~~~~~~~~
/usr/include/bits/types/struct_rusage.h:49:2: error: '__syscall_slong_t' does not name a type
  __syscall_slong_t __ru_ixrss_word;
  ^~~~~~~~~~~~~~~~~
/usr/include/bits/types/struct_rusage.h:55:2: error: '__syscall_slong_t' does not name a type
  __syscall_slong_t __ru_idrss_word;
  ^~~~~~~~~~~~~~~~~
/usr/include/bits/types/struct_rusage.h:61:3: error: '__syscall_slong_t' does not name a type
   __syscall_slong_t __ru_isrss_word;
   ^~~~~~~~~~~~~~~~~
/usr/include/bits/types/struct_rusage.h:68:2: error: '__syscall_slong_t' does not name a type
  __syscall_slong_t __ru_minflt_word;
  ^~~~~~~~~~~~~~~~~
/usr/include/bits/types/struct_rusage.h:74:2: error: '__syscall_slong_t' does not name a type
  __syscall_slong_t __ru_majflt_word;
  ^~~~~~~~~~~~~~~~~
/usr/include/bits/types/struct_rusage.h:80:2: error: '__syscall_slong_t' does not name a type
  __syscall_slong_t __ru_nswap_word;
  ^~~~~~~~~~~~~~~~~
/usr/include/bits/types/struct_rusage.h:87:2: error: '__syscall_slong_t' does not name a type
  __syscall_slong_t __ru_inblock_word;
  ^~~~~~~~~~~~~~~~~
/usr/include/bits/types/struct_rusage.h:93:2: error: '__syscall_slong_t' does not name a type
  __syscall_slong_t __ru_oublock_word;
  ^~~~~~~~~~~~~~~~~
/usr/include/bits/types/struct_rusage.h:99:2: error: '__syscall_slong_t' does not name a type
  __syscall_slong_t __ru_msgsnd_word;
  ^~~~~~~~~~~~~~~~~
/usr/include/bits/types/struct_rusage.h:105:2: error: '__syscall_slong_t' does not name a type
  __syscall_slong_t __ru_msgrcv_word;
  ^~~~~~~~~~~~~~~~~
/usr/include/bits/types/struct_rusage.h:111:2: error: '__syscall_slong_t' does not name a type
  __syscall_slong_t __ru_nsignals_word;
  ^~~~~~~~~~~~~~~~~
/usr/include/bits/types/struct_rusage.h:119:2: error: '__syscall_slong_t' does not name a type
  __syscall_slong_t __ru_nvcsw_word;
  ^~~~~~~~~~~~~~~~~
/usr/include/bits/types/struct_rusage.h:126:2: error: '__syscall_slong_t' does not name a type
  __syscall_slong_t __ru_nivcsw_word;
  ^~~~~~~~~~~~~~~~~
In file included from /usr/include/sys/resource.h:24,
                 from conftest.cpp:32:
/usr/include/bits/resource.h:203:21: error: '__pid_t' was not declared in this scope
 extern int prlimit (__pid_t __pid, enum __rlimit_resource __resource,
                     ^~~~~~~
/usr/include/bits/resource.h:203:21: note: suggested alternative: '__divdc3'
 extern int prlimit (__pid_t __pid, enum __rlimit_resource __resource,
                     ^~~~~~~
                     __divdc3
/usr/include/bits/resource.h:203:36: error: expected primary-expression before 'enum'
 extern int prlimit (__pid_t __pid, enum __rlimit_resource __resource,
                                    ^~~~
/usr/include/bits/resource.h:204:7: error: expected primary-expression before 'const'
       const struct rlimit *__new_limit,
       ^~~~~
/usr/include/bits/resource.h:205:7: error: expected primary-expression before 'struct'
       struct rlimit *__old_limit) __THROW;
       ^~~~~~
/usr/include/bits/resource.h:205:33: error: expression list treated as compound expression in initializer [-fpermissive]
       struct rlimit *__old_limit) __THROW;
                                 ^
/usr/include/bits/resource.h:217:23: error: '__pid_t' was not declared in this scope
 extern int prlimit64 (__pid_t __pid, enum __rlimit_resource __resource,
                       ^~~~~~~
/usr/include/bits/resource.h:217:23: note: suggested alternative: '__divdc3'
 extern int prlimit64 (__pid_t __pid, enum __rlimit_resource __resource,
                       ^~~~~~~
                       __divdc3
/usr/include/bits/resource.h:217:38: error: expected primary-expression before 'enum'
 extern int prlimit64 (__pid_t __pid, enum __rlimit_resource __resource,
                                      ^~~~
/usr/include/bits/resource.h:218:9: error: expected primary-expression before 'const'
         const struct rlimit64 *__new_limit,
         ^~~~~
/usr/include/bits/resource.h:219:9: error: expected primary-expression before 'struct'
         struct rlimit64 *__old_limit) __THROW;
         ^~~~~~
/usr/include/bits/resource.h:219:37: error: expression list treated as compound expression in initializer [-fpermissive]
         struct rlimit64 *__old_limit) __THROW;
                                     ^
In file included from conftest.cpp:32:
/usr/include/sys/resource.h:27:9: error: '__id_t' does not name a type
 typedef __id_t id_t;
         ^~~~~~
/usr/include/sys/resource.h:93:53: error: 'id_t' has not been declared
 extern int getpriority (__priority_which_t __which, id_t __who) __THROW;
                                                     ^~~~
/usr/include/sys/resource.h:97:53: error: 'id_t' has not been declared
 extern int setpriority (__priority_which_t __which, id_t __who, int __prio)
                                                     ^~~~
conftest.cpp: In function 'int main()':
conftest.cpp:38:3: error: 'size_t' was not declared in this scope
   size_t sz = sizeof(buf);
   ^~~~~~
conftest.cpp:38:3: note: 'size_t' is defined in header '<cstddef>'; did you forget to '#include <cstddef>'?
conftest.cpp:33:1:
 
conftest.cpp:38:3:
   size_t sz = sizeof(buf);
   ^~~~~~
conftest.cpp:42:26: error: 'sz' was not declared in this scope
   rc = gethostname( buf, sz );
                          ^~
conftest.cpp:42:8: error: 'gethostname' was not declared in this scope
   rc = gethostname( buf, sz );
        ^~~~~~~~~~~
conftest.cpp:42:8: note: suggested alternative: 'getrusage'
   rc = gethostname( buf, sz );
        ^~~~~~~~~~~
        getrusage
conftest.cpp: At global scope:
conftest.cpp:48:1: error: 'ac_ext' does not name a type
 ac_ext=cpp
 ^~~~~~
configure:6078: $? = 1
configure: failed program was:
| /* confdefs.h */
| #define PACKAGE_NAME "snmp++"
| #define PACKAGE_TARNAME "snmp++"
| #define PACKAGE_VERSION "3.3.11"
| #define PACKAGE_STRING "snmp++ 3.3.11"
| #define PACKAGE_BUGREPORT "support@agentpp.com"
| #define PACKAGE_URL ""
| #define PACKAGE "snmp++"
| #define VERSION "3.3.11"
| #define OS_TYPE "linux-gnu"
| #define STDC_HEADERS 1
| #define HAVE_SYS_TYPES_H 1
| #define HAVE_SYS_STAT_H 1
| #define HAVE_STDLIB_H 1
| #define HAVE_STRING_H 1
| #define HAVE_MEMORY_H 1
| #define HAVE_STRINGS_H 1
| #define HAVE_INTTYPES_H 1
| #define HAVE_STDINT_H 1
| #define HAVE_UNISTD_H 1
| /* end confdefs.h.  */
| 
| 
| ac_ext=cpp
| ac_cpp='  -D_GNU_SOURCE -D_XOPEN_SOURE -D_XOPEN_SOURCE_EXTENDED'
| ac_compile='g++ -c -g -O2  -D_GNU_SOURCE -D_XOPEN_SOURE -D_XOPEN_SOURCE_EXTENDED conftest.cpp >&5'
| ac_link='g++ -o conftest -g -O2  -D_GNU_SOURCE -D_XOPEN_SOURE -D_XOPEN_SOURCE_EXTENDED  conftest.cpp  >&5'
| ac_compiler_gnu=yes
| 
| 
| #include <unistd.h>
| #include <sys/resource.h>
| 
| int
| main ()
| {
|   char buf[1024];
|   size_t sz = sizeof(buf);
|   int rc;
|   struct rlimit rl;
| 
|   rc = gethostname( buf, sz );
|   rc = getrlimit( RLIMIT_CORE, &rl );
| 
|   return 0;
| }
| 
| ac_ext=cpp
| ac_cpp='  -D_GNU_SOURCE -D_XOPEN_SOURE -D_XOPEN_SOURCE_EXTENDED'
| ac_compile='g++ -c -g -O2  -D_GNU_SOURCE -D_XOPEN_SOURE -D_XOPEN_SOURCE_EXTENDED conftest.cpp >&5'
| ac_link='g++ -o conftest -g -O2  -D_GNU_SOURCE -D_XOPEN_SOURE -D_XOPEN_SOURCE_EXTENDED  conftest.cpp  >&5'
| ac_compiler_gnu=yes
| 
| 
configure:6118: g++ -c -g -O2  -D_GNU_SOURCE conftest.cpp >&5
conftest.cpp: In function 'int main()':
conftest.cpp:26:1: error: 'xpg5_testcode' was not declared in this scope
 xpg5_testcode
 ^~~~~~~~~~~~~
configure:6118: $? = 1
configure: failed program was:
| /* confdefs.h */
| #define PACKAGE_NAME "snmp++"
| #define PACKAGE_TARNAME "snmp++"
| #define PACKAGE_VERSION "3.3.11"
| #define PACKAGE_STRING "snmp++ 3.3.11"
| #define PACKAGE_BUGREPORT "support@agentpp.com"
| #define PACKAGE_URL ""
| #define PACKAGE "snmp++"
| #define VERSION "3.3.11"
| #define OS_TYPE "linux-gnu"
| #define STDC_HEADERS 1
| #define HAVE_SYS_TYPES_H 1
| #define HAVE_SYS_STAT_H 1
| #define HAVE_STDLIB_H 1
| #define HAVE_STRING_H 1
| #define HAVE_MEMORY_H 1
| #define HAVE_STRINGS_H 1
| #define HAVE_INTTYPES_H 1
| #define HAVE_STDINT_H 1
| #define HAVE_UNISTD_H 1
| /* end confdefs.h.  */
| 
| int
| main ()
| {
| xpg5_testcode
|   ;
|   return 0;
| }
configure:6165: g++ -c -g -O2  -D_GNU_SOURCE -D_XOPEN_SOURE=500 conftest.cpp >&5
conftest.cpp:25:8: warning: character constant too long for its type
 ac_cpp='  -D_GNU_SOURCE -D_XOPEN_SOURE=500'
        ^~~~~~~~~~~~~~~~~~~~~~~~~~~~~~~~~~~~
conftest.cpp:26:12: warning: character constant too long for its type
 ac_compile='g++ -c -g -O2  -D_GNU_SOURCE -D_XOPEN_SOURE=500 conftest.cpp >&5'
            ^~~~~~~~~~~~~~~~~~~~~~~~~~~~~~~~~~~~~~~~~~~~~~~~~~~~~~~~~~~~~~~~~~
conftest.cpp:27:9: warning: character constant too long for its type
 ac_link='g++ -o conftest -g -O2  -D_GNU_SOURCE -D_XOPEN_SOURE=500  conftest.cpp  >&5'
         ^~~~~~~~~~~~~~~~~~~~~~~~~~~~~~~~~~~~~~~~~~~~~~~~~~~~~~~~~~~~~~~~~~~~~~~~~~~~~
conftest.cpp:50:8: warning: character constant too long for its type
 ac_cpp='  -D_GNU_SOURCE -D_XOPEN_SOURE=500'
        ^~~~~~~~~~~~~~~~~~~~~~~~~~~~~~~~~~~~
conftest.cpp:51:12: warning: character constant too long for its type
 ac_compile='g++ -c -g -O2  -D_GNU_SOURCE -D_XOPEN_SOURE=500 conftest.cpp >&5'
            ^~~~~~~~~~~~~~~~~~~~~~~~~~~~~~~~~~~~~~~~~~~~~~~~~~~~~~~~~~~~~~~~~~
conftest.cpp:52:9: warning: character constant too long for its type
 ac_link='g++ -o conftest -g -O2  -D_GNU_SOURCE -D_XOPEN_SOURE=500  conftest.cpp  >&5'
         ^~~~~~~~~~~~~~~~~~~~~~~~~~~~~~~~~~~~~~~~~~~~~~~~~~~~~~~~~~~~~~~~~~~~~~~~~~~~~
conftest.cpp:24:1: error: 'ac_ext' does not name a type
 ac_ext=cpp
 ^~~~~~
In file included from /usr/include/sys/time.h:24,
                 from /usr/include/utmpx.h:22,
                 from conftest.cpp:32:
/usr/include/bits/types/time_t.h:7:9: error: '__time_t' does not name a type
 typedef __time_t time_t;
         ^~~~~~~~
In file included from /usr/include/sys/time.h:25,
                 from /usr/include/utmpx.h:22,
                 from conftest.cpp:32:
/usr/include/bits/types/struct_timeval.h:10:3: error: '__time_t' does not name a type
   __time_t tv_sec;  /* Seconds.  */
   ^~~~~~~~
/usr/include/bits/types/struct_timeval.h:11:3: error: '__suseconds_t' does not name a type
   __suseconds_t tv_usec; /* Microseconds.  */
   ^~~~~~~~~~~~~
In file included from /usr/include/utmpx.h:22,
                 from conftest.cpp:32:
/usr/include/sys/time.h:28:9: error: '__suseconds_t' does not name a type
 typedef __suseconds_t suseconds_t;
         ^~~~~~~~~~~~~
In file included from /usr/include/sys/select.h:39,
                 from /usr/include/sys/time.h:32,
                 from /usr/include/utmpx.h:22,
                 from conftest.cpp:32:
/usr/include/bits/types/struct_timespec.h:11:3: error: '__time_t' does not name a type; did you mean '__sigset_t'?
   __time_t tv_sec;  /* Seconds.  */
   ^~~~~~~~
   __sigset_t
/usr/include/bits/types/struct_timespec.h:12:3: error: '__syscall_slong_t' does not name a type
   __syscall_slong_t tv_nsec; /* Nanoseconds.  */
   ^~~~~~~~~~~~~~~~~
In file included from /usr/include/utmpx.h:31,
                 from conftest.cpp:32:
/usr/include/bits/utmpx.h:58:3: error: '__pid_t' does not name a type; did you mean '__divdc3'?
   __pid_t ut_pid;  /* Process ID of login process.  */
   ^~~~~~~
   __divdc3
/usr/include/bits/utmpx.h:70:3: error: '__int32_t' does not name a type; did you mean '__int128_t'?
   __int32_t ut_session;  /* Session ID, used for windowing.  */
   ^~~~~~~~~
   __int128_t
/usr/include/bits/utmpx.h:73:5: error: '__int32_t' does not name a type; did you mean '__int128_t'?
     __int32_t tv_sec;  /* Seconds.  */
     ^~~~~~~~~
     __int128_t
/usr/include/bits/utmpx.h:74:5: error: '__int32_t' does not name a type; did you mean '__int128_t'?
     __int32_t tv_usec;  /* Microseconds.  */
     ^~~~~~~~~
     __int128_t
/usr/include/bits/utmpx.h:80:3: error: '__int32_t' does not name a type; did you mean '__int128_t'?
   __int32_t ut_addr_v6[4]; /* Internet address of remote host.  */
   ^~~~~~~~~
   __int128_t
conftest.cpp: In function 'int main()':
conftest.cpp:40:8: error: 'ftruncate' was not declared in this scope
   rc = ftruncate( 1, 1024 );
        ^~~~~~~~~
conftest.cpp:40:8: note: suggested alternative: 'struct'
   rc = ftruncate( 1, 1024 );
        ^~~~~~~~~
        struct
conftest.cpp:41:8: error: 'fsync' was not declared in this scope
   rc = fsync( 1 );
        ^~~~~
conftest.cpp: At global scope:
conftest.cpp:48:1: error: expected unqualified-id before ')' token
 )
 ^
configure:6165: $? = 1
configure: failed program was:
| /* confdefs.h */
| #define PACKAGE_NAME "snmp++"
| #define PACKAGE_TARNAME "snmp++"
| #define PACKAGE_VERSION "3.3.11"
| #define PACKAGE_STRING "snmp++ 3.3.11"
| #define PACKAGE_BUGREPORT "support@agentpp.com"
| #define PACKAGE_URL ""
| #define PACKAGE "snmp++"
| #define VERSION "3.3.11"
| #define OS_TYPE "linux-gnu"
| #define STDC_HEADERS 1
| #define HAVE_SYS_TYPES_H 1
| #define HAVE_SYS_STAT_H 1
| #define HAVE_STDLIB_H 1
| #define HAVE_STRING_H 1
| #define HAVE_MEMORY_H 1
| #define HAVE_STRINGS_H 1
| #define HAVE_INTTYPES_H 1
| #define HAVE_STDINT_H 1
| #define HAVE_UNISTD_H 1
| /* end confdefs.h.  */
| 
| 
| ac_ext=cpp
| ac_cpp='  -D_GNU_SOURCE -D_XOPEN_SOURE=500'
| ac_compile='g++ -c -g -O2  -D_GNU_SOURCE -D_XOPEN_SOURE=500 conftest.cpp >&5'
| ac_link='g++ -o conftest -g -O2  -D_GNU_SOURCE -D_XOPEN_SOURE=500  conftest.cpp  >&5'
| ac_compiler_gnu=yes
| 
| =(
| #include <unistd.h>
| #include <utmpx.h>
| 
| int
| main ()
| {
|   int rc;
|   struct utmpx *utent;
| 
|   rc = ftruncate( 1, 1024 );
|   rc = fsync( 1 );
|   setutxent();
|   utent = getutxent();
|   endutxent();
| 
|   return 0;
| }
| )
| ac_ext=cpp
| ac_cpp='  -D_GNU_SOURCE -D_XOPEN_SOURE=500'
| ac_compile='g++ -c -g -O2  -D_GNU_SOURCE -D_XOPEN_SOURE=500 conftest.cpp >&5'
| ac_link='g++ -o conftest -g -O2  -D_GNU_SOURCE -D_XOPEN_SOURE=500  conftest.cpp  >&5'
| ac_compiler_gnu=yes
| 
| 
configure:6205: g++ -c -g -O2  -D_GNU_SOURCE conftest.cpp >&5
conftest.cpp: In function 'int main()':
conftest.cpp:26:1: error: 'xpg52_testcode' was not declared in this scope
 xpg52_testcode
 ^~~~~~~~~~~~~~
configure:6205: $? = 1
configure: failed program was:
| /* confdefs.h */
| #define PACKAGE_NAME "snmp++"
| #define PACKAGE_TARNAME "snmp++"
| #define PACKAGE_VERSION "3.3.11"
| #define PACKAGE_STRING "snmp++ 3.3.11"
| #define PACKAGE_BUGREPORT "support@agentpp.com"
| #define PACKAGE_URL ""
| #define PACKAGE "snmp++"
| #define VERSION "3.3.11"
| #define OS_TYPE "linux-gnu"
| #define STDC_HEADERS 1
| #define HAVE_SYS_TYPES_H 1
| #define HAVE_SYS_STAT_H 1
| #define HAVE_STDLIB_H 1
| #define HAVE_STRING_H 1
| #define HAVE_MEMORY_H 1
| #define HAVE_STRINGS_H 1
| #define HAVE_INTTYPES_H 1
| #define HAVE_STDINT_H 1
| #define HAVE_UNISTD_H 1
| /* end confdefs.h.  */
| 
| int
| main ()
| {
| xpg52_testcode
|   ;
|   return 0;
| }
configure:6251: g++ -c -g -O2  -D_GNU_SOURCE -D_XOPEN_SOURE=520 conftest.cpp >&5
conftest.cpp:25:8: warning: character constant too long for its type
 ac_cpp='  -D_GNU_SOURCE -D_XOPEN_SOURE=520'
        ^~~~~~~~~~~~~~~~~~~~~~~~~~~~~~~~~~~~
conftest.cpp:26:12: warning: character constant too long for its type
 ac_compile='g++ -c -g -O2  -D_GNU_SOURCE -D_XOPEN_SOURE=520 conftest.cpp >&5'
            ^~~~~~~~~~~~~~~~~~~~~~~~~~~~~~~~~~~~~~~~~~~~~~~~~~~~~~~~~~~~~~~~~~
conftest.cpp:27:9: warning: character constant too long for its type
 ac_link='g++ -o conftest -g -O2  -D_GNU_SOURCE -D_XOPEN_SOURE=520  conftest.cpp  >&5'
         ^~~~~~~~~~~~~~~~~~~~~~~~~~~~~~~~~~~~~~~~~~~~~~~~~~~~~~~~~~~~~~~~~~~~~~~~~~~~~
conftest.cpp:49:8: warning: character constant too long for its type
 ac_cpp='  -D_GNU_SOURCE -D_XOPEN_SOURE=520'
        ^~~~~~~~~~~~~~~~~~~~~~~~~~~~~~~~~~~~
conftest.cpp:50:12: warning: character constant too long for its type
 ac_compile='g++ -c -g -O2  -D_GNU_SOURCE -D_XOPEN_SOURE=520 conftest.cpp >&5'
            ^~~~~~~~~~~~~~~~~~~~~~~~~~~~~~~~~~~~~~~~~~~~~~~~~~~~~~~~~~~~~~~~~~
conftest.cpp:51:9: warning: character constant too long for its type
 ac_link='g++ -o conftest -g -O2  -D_GNU_SOURCE -D_XOPEN_SOURE=520  conftest.cpp  >&5'
         ^~~~~~~~~~~~~~~~~~~~~~~~~~~~~~~~~~~~~~~~~~~~~~~~~~~~~~~~~~~~~~~~~~~~~~~~~~~~~
conftest.cpp:24:1: error: 'ac_ext' does not name a type
 ac_ext=cpp
 ^~~~~~
In file included from /usr/include/bits/socket.h:29,
                 from /usr/include/sys/socket.h:33,
                 from /usr/include/netinet/in.h:23,
                 from /usr/include/arpa/inet.h:22,
                 from conftest.cpp:31:
/usr/include/sys/types.h:33:9: error: '__u_char' does not name a type; did you mean '__u_short'?
 typedef __u_char u_char;
         ^~~~~~~~
         __u_short
conftest.cpp: In function 'int main()':
conftest.cpp:37:14: error: 'NULL' was not declared in this scope
   char *s1 = NULL, *s2 = NULL;
              ^~~~
conftest.cpp:37:14: note: 'NULL' is defined in header '<cstddef>'; did you forget to '#include <cstddef>'?
conftest.cpp:32:1:
 
conftest.cpp:37:14:
   char *s1 = NULL, *s2 = NULL;
              ^~~~
conftest.cpp: At global scope:
conftest.cpp:48:1: error: 'ac_ext' does not name a type; did you mean 'accept'?
 ac_ext=cpp
 ^~~~~~
 accept
configure:6251: $? = 1
configure: failed program was:
| /* confdefs.h */
| #define PACKAGE_NAME "snmp++"
| #define PACKAGE_TARNAME "snmp++"
| #define PACKAGE_VERSION "3.3.11"
| #define PACKAGE_STRING "snmp++ 3.3.11"
| #define PACKAGE_BUGREPORT "support@agentpp.com"
| #define PACKAGE_URL ""
| #define PACKAGE "snmp++"
| #define VERSION "3.3.11"
| #define OS_TYPE "linux-gnu"
| #define STDC_HEADERS 1
| #define HAVE_SYS_TYPES_H 1
| #define HAVE_SYS_STAT_H 1
| #define HAVE_STDLIB_H 1
| #define HAVE_STRING_H 1
| #define HAVE_MEMORY_H 1
| #define HAVE_STRINGS_H 1
| #define HAVE_INTTYPES_H 1
| #define HAVE_STDINT_H 1
| #define HAVE_UNISTD_H 1
| /* end confdefs.h.  */
| 
| 
| ac_ext=cpp
| ac_cpp='  -D_GNU_SOURCE -D_XOPEN_SOURE=520'
| ac_compile='g++ -c -g -O2  -D_GNU_SOURCE -D_XOPEN_SOURE=520 conftest.cpp >&5'
| ac_link='g++ -o conftest -g -O2  -D_GNU_SOURCE -D_XOPEN_SOURE=520  conftest.cpp  >&5'
| ac_compiler_gnu=yes
| 
| 
| #include <arpa/inet.h>
| 
| int
| main ()
| {
|   int rc;
|   char *s1 = NULL, *s2 = NULL;
|   const char *addr;
|   char addr_str[64];
|   struct sockaddr_in sock_buf;
| 
|   rc = inet_pton( AF_INET, "127.0.0.1", &sock_buf );
|   addr = inet_ntop( AF_INET, &sock_buf, addr_str, sizeof(addr_str) );
| 
|   return 0;
| }
| 
| ac_ext=cpp
| ac_cpp='  -D_GNU_SOURCE -D_XOPEN_SOURE=520'
| ac_compile='g++ -c -g -O2  -D_GNU_SOURCE -D_XOPEN_SOURE=520 conftest.cpp >&5'
| ac_link='g++ -o conftest -g -O2  -D_GNU_SOURCE -D_XOPEN_SOURE=520  conftest.cpp  >&5'
| ac_compiler_gnu=yes
| 
| 
configure:6291: g++ -c -g -O2  -D_GNU_SOURCE conftest.cpp >&5
conftest.cpp: In function 'int main()':
conftest.cpp:26:1: error: 'xpg6_testcode' was not declared in this scope
 xpg6_testcode
 ^~~~~~~~~~~~~
configure:6291: $? = 1
configure: failed program was:
| /* confdefs.h */
| #define PACKAGE_NAME "snmp++"
| #define PACKAGE_TARNAME "snmp++"
| #define PACKAGE_VERSION "3.3.11"
| #define PACKAGE_STRING "snmp++ 3.3.11"
| #define PACKAGE_BUGREPORT "support@agentpp.com"
| #define PACKAGE_URL ""
| #define PACKAGE "snmp++"
| #define VERSION "3.3.11"
| #define OS_TYPE "linux-gnu"
| #define STDC_HEADERS 1
| #define HAVE_SYS_TYPES_H 1
| #define HAVE_SYS_STAT_H 1
| #define HAVE_STDLIB_H 1
| #define HAVE_STRING_H 1
| #define HAVE_MEMORY_H 1
| #define HAVE_STRINGS_H 1
| #define HAVE_INTTYPES_H 1
| #define HAVE_STDINT_H 1
| #define HAVE_UNISTD_H 1
| /* end confdefs.h.  */
| 
| int
| main ()
| {
| xpg6_testcode
|   ;
|   return 0;
| }
configure:6335: g++ -c -g -O2  -D_GNU_SOURCE -D_XOPEN_SOURE=600 conftest.cpp >&5
conftest.cpp:25:8: warning: character constant too long for its type
 ac_cpp='  -D_GNU_SOURCE -D_XOPEN_SOURE=600'
        ^~~~~~~~~~~~~~~~~~~~~~~~~~~~~~~~~~~~
conftest.cpp:26:12: warning: character constant too long for its type
 ac_compile='g++ -c -g -O2  -D_GNU_SOURCE -D_XOPEN_SOURE=600 conftest.cpp >&5'
            ^~~~~~~~~~~~~~~~~~~~~~~~~~~~~~~~~~~~~~~~~~~~~~~~~~~~~~~~~~~~~~~~~~
conftest.cpp:27:9: warning: character constant too long for its type
 ac_link='g++ -o conftest -g -O2  -D_GNU_SOURCE -D_XOPEN_SOURE=600  conftest.cpp  >&5'
         ^~~~~~~~~~~~~~~~~~~~~~~~~~~~~~~~~~~~~~~~~~~~~~~~~~~~~~~~~~~~~~~~~~~~~~~~~~~~~
conftest.cpp:47:8: warning: character constant too long for its type
 ac_cpp='  -D_GNU_SOURCE -D_XOPEN_SOURE=600'
        ^~~~~~~~~~~~~~~~~~~~~~~~~~~~~~~~~~~~
conftest.cpp:48:12: warning: character constant too long for its type
 ac_compile='g++ -c -g -O2  -D_GNU_SOURCE -D_XOPEN_SOURE=600 conftest.cpp >&5'
            ^~~~~~~~~~~~~~~~~~~~~~~~~~~~~~~~~~~~~~~~~~~~~~~~~~~~~~~~~~~~~~~~~~
conftest.cpp:49:9: warning: character constant too long for its type
 ac_link='g++ -o conftest -g -O2  -D_GNU_SOURCE -D_XOPEN_SOURE=600  conftest.cpp  >&5'
         ^~~~~~~~~~~~~~~~~~~~~~~~~~~~~~~~~~~~~~~~~~~~~~~~~~~~~~~~~~~~~~~~~~~~~~~~~~~~~
conftest.cpp:24:1: error: 'ac_ext' does not name a type
 ac_ext=cpp
 ^~~~~~
conftest.cpp: In function 'int main()':
conftest.cpp:39:8: error: 'setenv' was not declared in this scope
   rc = setenv( s1, s2, 0 );
        ^~~~~~
conftest.cpp:40:8: error: 'setegid' was not declared in this scope
   rc = setegid( 0 );
        ^~~~~~~
conftest.cpp:41:8: error: 'seteuid' was not declared in this scope
   rc = seteuid( 0 );
        ^~~~~~~
conftest.cpp: At global scope:
conftest.cpp:46:1: error: 'ac_ext' does not name a type
 ac_ext=cpp
 ^~~~~~
configure:6335: $? = 1
configure: failed program was:
| /* confdefs.h */
| #define PACKAGE_NAME "snmp++"
| #define PACKAGE_TARNAME "snmp++"
| #define PACKAGE_VERSION "3.3.11"
| #define PACKAGE_STRING "snmp++ 3.3.11"
| #define PACKAGE_BUGREPORT "support@agentpp.com"
| #define PACKAGE_URL ""
| #define PACKAGE "snmp++"
| #define VERSION "3.3.11"
| #define OS_TYPE "linux-gnu"
| #define STDC_HEADERS 1
| #define HAVE_SYS_TYPES_H 1
| #define HAVE_SYS_STAT_H 1
| #define HAVE_STDLIB_H 1
| #define HAVE_STRING_H 1
| #define HAVE_MEMORY_H 1
| #define HAVE_STRINGS_H 1
| #define HAVE_INTTYPES_H 1
| #define HAVE_STDINT_H 1
| #define HAVE_UNISTD_H 1
| /* end confdefs.h.  */
| 
| 
| ac_ext=cpp
| ac_cpp='  -D_GNU_SOURCE -D_XOPEN_SOURE=600'
| ac_compile='g++ -c -g -O2  -D_GNU_SOURCE -D_XOPEN_SOURE=600 conftest.cpp >&5'
| ac_link='g++ -o conftest -g -O2  -D_GNU_SOURCE -D_XOPEN_SOURE=600  conftest.cpp  >&5'
| ac_compiler_gnu=yes
| 
| 
| #include <unistd.h>
| 
| int
| main ()
| {
|   int rc;
|   char *s1 = NULL, *s2 = NULL;
| 
|   rc = setenv( s1, s2, 0 );
|   rc = setegid( 0 );
|   rc = seteuid( 0 );
| 
|   return 0;
| }
| 
| ac_ext=cpp
| ac_cpp='  -D_GNU_SOURCE -D_XOPEN_SOURE=600'
| ac_compile='g++ -c -g -O2  -D_GNU_SOURCE -D_XOPEN_SOURE=600 conftest.cpp >&5'
| ac_link='g++ -o conftest -g -O2  -D_GNU_SOURCE -D_XOPEN_SOURE=600  conftest.cpp  >&5'
| ac_compiler_gnu=yes
| 
| 
configure:6375: g++ -c -g -O2  -D_GNU_SOURCE conftest.cpp >&5
conftest.cpp: In function 'int main()':
conftest.cpp:26:1: error: 'xpg7_testcode' was not declared in this scope
 xpg7_testcode
 ^~~~~~~~~~~~~
configure:6375: $? = 1
configure: failed program was:
| /* confdefs.h */
| #define PACKAGE_NAME "snmp++"
| #define PACKAGE_TARNAME "snmp++"
| #define PACKAGE_VERSION "3.3.11"
| #define PACKAGE_STRING "snmp++ 3.3.11"
| #define PACKAGE_BUGREPORT "support@agentpp.com"
| #define PACKAGE_URL ""
| #define PACKAGE "snmp++"
| #define VERSION "3.3.11"
| #define OS_TYPE "linux-gnu"
| #define STDC_HEADERS 1
| #define HAVE_SYS_TYPES_H 1
| #define HAVE_SYS_STAT_H 1
| #define HAVE_STDLIB_H 1
| #define HAVE_STRING_H 1
| #define HAVE_MEMORY_H 1
| #define HAVE_STRINGS_H 1
| #define HAVE_INTTYPES_H 1
| #define HAVE_STDINT_H 1
| #define HAVE_UNISTD_H 1
| /* end confdefs.h.  */
| 
| int
| main ()
| {
| xpg7_testcode
|   ;
|   return 0;
| }
configure:6435: g++ -c -g -O2  -D_GNU_SOURCE -D_XOPEN_SOURE=700 conftest.cpp >&5
conftest.cpp:25:8: warning: character constant too long for its type
 ac_cpp='  -D_GNU_SOURCE -D_XOPEN_SOURE=700'
        ^~~~~~~~~~~~~~~~~~~~~~~~~~~~~~~~~~~~
conftest.cpp:26:12: warning: character constant too long for its type
 ac_compile='g++ -c -g -O2  -D_GNU_SOURCE -D_XOPEN_SOURE=700 conftest.cpp >&5'
            ^~~~~~~~~~~~~~~~~~~~~~~~~~~~~~~~~~~~~~~~~~~~~~~~~~~~~~~~~~~~~~~~~~
conftest.cpp:27:9: warning: character constant too long for its type
 ac_link='g++ -o conftest -g -O2  -D_GNU_SOURCE -D_XOPEN_SOURE=700  conftest.cpp  >&5'
         ^~~~~~~~~~~~~~~~~~~~~~~~~~~~~~~~~~~~~~~~~~~~~~~~~~~~~~~~~~~~~~~~~~~~~~~~~~~~~
conftest.cpp:63:8: warning: character constant too long for its type
 ac_cpp='  -D_GNU_SOURCE -D_XOPEN_SOURE=700'
        ^~~~~~~~~~~~~~~~~~~~~~~~~~~~~~~~~~~~
conftest.cpp:64:12: warning: character constant too long for its type
 ac_compile='g++ -c -g -O2  -D_GNU_SOURCE -D_XOPEN_SOURE=700 conftest.cpp >&5'
            ^~~~~~~~~~~~~~~~~~~~~~~~~~~~~~~~~~~~~~~~~~~~~~~~~~~~~~~~~~~~~~~~~~
conftest.cpp:65:9: warning: character constant too long for its type
 ac_link='g++ -o conftest -g -O2  -D_GNU_SOURCE -D_XOPEN_SOURE=700  conftest.cpp  >&5'
         ^~~~~~~~~~~~~~~~~~~~~~~~~~~~~~~~~~~~~~~~~~~~~~~~~~~~~~~~~~~~~~~~~~~~~~~~~~~~~
conftest.cpp:24:1: error: 'ac_ext' does not name a type
 ac_ext=cpp
 ^~~~~~
In file included from conftest.cpp:32:
/usr/include/string.h:43:8: error: 'size_t' has not been declared
        size_t __n) __THROW __nonnull ((1, 2));
        ^~~~~~
/usr/include/string.h:46:56: error: 'size_t' has not been declared
 extern void *memmove (void *__dest, const void *__src, size_t __n)
                                                        ^~~~~~
/usr/include/string.h:54:18: error: 'size_t' has not been declared
         int __c, size_t __n)
                  ^~~~~~
/usr/include/string.h:60:42: error: 'size_t' has not been declared
 extern void *memset (void *__s, int __c, size_t __n) __THROW __nonnull ((1));
                                          ^~~~~~
/usr/include/string.h:63:56: error: 'size_t' has not been declared
 extern int memcmp (const void *__s1, const void *__s2, size_t __n)
                                                        ^~~~~~
/usr/include/string.h:70:42: error: 'size_t' has not been declared
 extern void *memchr (void *__s, int __c, size_t __n)
                                          ^~~~~~
/usr/include/string.h:72:54: error: 'size_t' has not been declared
 extern const void *memchr (const void *__s, int __c, size_t __n)
                                                      ^~~~~~
/usr/include/string.h:77:29: error: 'size_t' has not been declared
 memchr (void *__s, int __c, size_t __n) __THROW
                             ^~~~~~
/usr/include/string.h:83:35: error: 'size_t' has not been declared
 memchr (const void *__s, int __c, size_t __n) __THROW
                                   ^~~~~~
/usr/include/string.h:109:49: error: 'size_t' has not been declared
 extern "C++" void *memrchr (void *__s, int __c, size_t __n)
                                                 ^~~~~~
/usr/include/string.h:111:61: error: 'size_t' has not been declared
 extern "C++" const void *memrchr (const void *__s, int __c, size_t __n)
                                                             ^~~~~~
/usr/include/string.h:125:39: error: 'size_t' has not been declared
         const char *__restrict __src, size_t __n)
                                       ^~~~~~
/usr/include/string.h:133:9: error: 'size_t' has not been declared
         size_t __n) __THROW __nonnull ((1, 2));
         ^~~~~~
/usr/include/string.h:139:57: error: 'size_t' has not been declared
 extern int strncmp (const char *__s1, const char *__s2, size_t __n)
                                                         ^~~~~~
/usr/include/string.h:146:8: error: 'size_t' does not name a type
 extern size_t strxfrm (char *__restrict __dest,
        ^~~~~~
/usr/include/string.h:146:8: note: 'size_t' is defined in header '<cstddef>'; did you forget to '#include <cstddef>'?
/usr/include/string.h:34:1:
 
/usr/include/string.h:146:8:
 extern size_t strxfrm (char *__restrict __dest,
        ^~~~~~
In file included from conftest.cpp:32:
/usr/include/string.h:159:8: error: 'size_t' does not name a type
 extern size_t strxfrm_l (char *__dest, const char *__src, size_t __n,
        ^~~~~~
/usr/include/string.h:159:8: note: 'size_t' is defined in header '<cstddef>'; did you forget to '#include <cstddef>'?
/usr/include/string.h:174:45: error: 'size_t' has not been declared
 extern char *strndup (const char *__string, size_t __n)
                                             ^~~~~~
/usr/include/string.h:272:8: error: 'size_t' does not name a type
 extern size_t strcspn (const char *__s, const char *__reject)
        ^~~~~~
/usr/include/string.h:272:8: note: 'size_t' is defined in header '<cstddef>'; did you forget to '#include <cstddef>'?
/usr/include/string.h:276:8: error: 'size_t' does not name a type
 extern size_t strspn (const char *__s, const char *__accept)
        ^~~~~~
/usr/include/string.h:276:8: note: 'size_t' is defined in header '<cstddef>'; did you forget to '#include <cstddef>'?
/usr/include/string.h:368:46: error: 'size_t' has not been declared
 extern void *memmem (const void *__haystack, size_t __haystacklen,
                                              ^~~~~~
/usr/include/string.h:369:30: error: 'size_t' has not been declared
        const void *__needle, size_t __needlelen)
                              ^~~~~~
/usr/include/string.h:375:34: error: 'size_t' has not been declared
    const void *__restrict __src, size_t __n)
                                  ^~~~~~
/usr/include/string.h:378:39: error: 'size_t' has not been declared
         const void *__restrict __src, size_t __n)
                                       ^~~~~~
/usr/include/string.h:384:8: error: 'size_t' does not name a type
 extern size_t strlen (const char *__s)
        ^~~~~~
/usr/include/string.h:384:8: note: 'size_t' is defined in header '<cstddef>'; did you forget to '#include <cstddef>'?
/usr/include/string.h:390:8: error: 'size_t' does not name a type
 extern size_t strnlen (const char *__string, size_t __maxlen)
        ^~~~~~
/usr/include/string.h:390:8: note: 'size_t' is defined in header '<cstddef>'; did you forget to '#include <cstddef>'?
/usr/include/string.h:420:53: error: 'size_t' has not been declared
 extern char *strerror_r (int __errnum, char *__buf, size_t __buflen)
                                                     ^~~~~~
In file included from /usr/include/string.h:431,
                 from conftest.cpp:32:
/usr/include/strings.h:34:54: error: 'size_t' has not been declared
 extern int bcmp (const void *__s1, const void *__s2, size_t __n)
                                                      ^~~~~~
/usr/include/strings.h:38:53: error: 'size_t' has not been declared
 extern void bcopy (const void *__src, void *__dest, size_t __n)
                                                     ^~~~~~
/usr/include/strings.h:42:31: error: 'size_t' has not been declared
 extern void bzero (void *__s, size_t __n) __THROW __nonnull ((1));
                               ^~~~~~
/usr/include/strings.h:120:61: error: 'size_t' has not been declared
 extern int strncasecmp (const char *__s1, const char *__s2, size_t __n)
                                                             ^~~~~~
/usr/include/strings.h:134:6: error: 'size_t' has not been declared
      size_t __n, locale_t __loc)
      ^~~~~~
In file included from conftest.cpp:32:
/usr/include/string.h:435:40: error: 'size_t' has not been declared
 extern void explicit_bzero (void *__s, size_t __n) __THROW __nonnull ((1));
                                        ^~~~~~
/usr/include/string.h:457:34: error: 'size_t' has not been declared
    const char *__restrict __src, size_t __n)
                                  ^~~~~~
/usr/include/string.h:460:39: error: 'size_t' has not been declared
         const char *__restrict __src, size_t __n)
                                       ^~~~~~
/usr/include/string.h:473:34: error: 'size_t' has not been declared
 extern void *memfrob (void *__s, size_t __n) __THROW __nonnull ((1));
                                  ^~~~~~
In file included from conftest.cpp:33:
/usr/include/unistd.h:220:9: error: '__ssize_t' does not name a type; did you mean '__locale_t'?
 typedef __ssize_t ssize_t;
         ^~~~~~~~~
         __locale_t
In file included from conftest.cpp:33:
/usr/include/unistd.h:232:9: error: '__gid_t' does not name a type; did you mean '__divdc3'?
 typedef __gid_t gid_t;
         ^~~~~~~
         __divdc3
/usr/include/unistd.h:237:9: error: '__uid_t' does not name a type; did you mean '__divdc3'?
 typedef __uid_t uid_t;
         ^~~~~~~
         __divdc3
/usr/include/unistd.h:243:9: error: '__off_t' does not name a type; did you mean '__locale_t'?
 typedef __off_t off_t;
         ^~~~~~~
         __locale_t
/usr/include/unistd.h:250:9: error: '__off64_t' does not name a type; did you mean '__locale_t'?
 typedef __off64_t off64_t;
         ^~~~~~~~~
         __locale_t
/usr/include/unistd.h:255:9: error: '__useconds_t' does not name a type
 typedef __useconds_t useconds_t;
         ^~~~~~~~~~~~
/usr/include/unistd.h:260:9: error: '__pid_t' does not name a type; did you mean '__divdc3'?
 typedef __pid_t pid_t;
         ^~~~~~~
         __divdc3
/usr/include/unistd.h:267:9: error: '__intptr_t' does not name a type; did you mean '__int128_t'?
 typedef __intptr_t intptr_t;
         ^~~~~~~~~~
         __int128_t
/usr/include/unistd.h:274:9: error: '__socklen_t' does not name a type; did you mean '__locale_t'?
 typedef __socklen_t socklen_t;
         ^~~~~~~~~~~
         __locale_t
/usr/include/unistd.h:334:8: error: '__off_t' does not name a type; did you mean '__locale_t'?
 extern __off_t lseek (int __fd, __off_t __offset, int __whence) __THROW;
        ^~~~~~~
        __locale_t
/usr/include/unistd.h:345:8: error: '__off64_t' does not name a type; did you mean '__locale_t'?
 extern __off64_t lseek64 (int __fd, __off64_t __offset, int __whence)
        ^~~~~~~~~
        __locale_t
/usr/include/unistd.h:360:8: error: 'ssize_t' does not name a type
 extern ssize_t read (int __fd, void *__buf, size_t __nbytes) __wur;
        ^~~~~~~
/usr/include/unistd.h:366:8: error: 'ssize_t' does not name a type
 extern ssize_t write (int __fd, const void *__buf, size_t __n) __wur;
        ^~~~~~~
/usr/include/unistd.h:376:8: error: 'ssize_t' does not name a type
 extern ssize_t pread (int __fd, void *__buf, size_t __nbytes,
        ^~~~~~~
/usr/include/unistd.h:384:8: error: 'ssize_t' does not name a type
 extern ssize_t pwrite (int __fd, const void *__buf, size_t __n,
        ^~~~~~~
/usr/include/unistd.h:404:8: error: 'ssize_t' does not name a type
 extern ssize_t pread64 (int __fd, void *__buf, size_t __nbytes,
        ^~~~~~~
/usr/include/unistd.h:408:8: error: 'ssize_t' does not name a type
 extern ssize_t pwrite64 (int __fd, const void *__buf, size_t __n,
        ^~~~~~~
/usr/include/unistd.h:452:8: error: '__useconds_t' does not name a type
 extern __useconds_t ualarm (__useconds_t __value, __useconds_t __interval)
        ^~~~~~~~~~~~
/usr/include/unistd.h:460:20: error: '__useconds_t' was not declared in this scope
 extern int usleep (__useconds_t __useconds);
                    ^~~~~~~~~~~~
/usr/include/unistd.h:473:39: error: '__uid_t' has not been declared
 extern int chown (const char *__file, __uid_t __owner, __gid_t __group)
                                       ^~~~~~~
/usr/include/unistd.h:473:56: error: '__gid_t' has not been declared
 extern int chown (const char *__file, __uid_t __owner, __gid_t __group)
                                                        ^~~~~~~
/usr/include/unistd.h:478:30: error: '__uid_t' has not been declared
 extern int fchown (int __fd, __uid_t __owner, __gid_t __group) __THROW __wur;
                              ^~~~~~~
/usr/include/unistd.h:478:47: error: '__gid_t' has not been declared
 extern int fchown (int __fd, __uid_t __owner, __gid_t __group) __THROW __wur;
                                               ^~~~~~~
/usr/include/unistd.h:483:40: error: '__uid_t' has not been declared
 extern int lchown (const char *__file, __uid_t __owner, __gid_t __group)
                                        ^~~~~~~
/usr/include/unistd.h:483:57: error: '__gid_t' has not been declared
 extern int lchown (const char *__file, __uid_t __owner, __gid_t __group)
                                                         ^~~~~~~
/usr/include/unistd.h:491:52: error: '__uid_t' has not been declared
 extern int fchownat (int __fd, const char *__file, __uid_t __owner,
                                                    ^~~~~~~
/usr/include/unistd.h:492:8: error: '__gid_t' has not been declared
        __gid_t __group, int __flag)
        ^~~~~~~
/usr/include/unistd.h:511:35: error: 'size_t' has not been declared
 extern char *getcwd (char *__buf, size_t __size) __THROW __wur;
                                   ^~~~~~
In file included from conftest.cpp:33:
/usr/include/unistd.h:623:8: error: 'size_t' does not name a type
 extern size_t confstr (int __name, char *__buf, size_t __len) __THROW;
        ^~~~~~
/usr/include/unistd.h:623:8: note: 'size_t' is defined in header '<cstddef>'; did you forget to '#include <cstddef>'?
/usr/include/unistd.h:610:1:
 
/usr/include/unistd.h:623:8:
 extern size_t confstr (int __name, char *__buf, size_t __len) __THROW;
        ^~~~~~
/usr/include/unistd.h:628:8: error: '__pid_t' does not name a type; did you mean '__divdc3'?
 extern __pid_t getpid (void) __THROW;
        ^~~~~~~
        __divdc3
/usr/include/unistd.h:631:8: error: '__pid_t' does not name a type; did you mean '__divdc3'?
 extern __pid_t getppid (void) __THROW;
        ^~~~~~~
        __divdc3
/usr/include/unistd.h:634:8: error: '__pid_t' does not name a type; did you mean '__divdc3'?
 extern __pid_t getpgrp (void) __THROW;
        ^~~~~~~
        __divdc3
/usr/include/unistd.h:637:8: error: '__pid_t' does not name a type; did you mean '__divdc3'?
 extern __pid_t __getpgid (__pid_t __pid) __THROW;
        ^~~~~~~
        __divdc3
/usr/include/unistd.h:639:8: error: '__pid_t' does not name a type; did you mean '__divdc3'?
 extern __pid_t getpgid (__pid_t __pid) __THROW;
        ^~~~~~~
        __divdc3
/usr/include/unistd.h:646:21: error: '__pid_t' was not declared in this scope
 extern int setpgid (__pid_t __pid, __pid_t __pgid) __THROW;
                     ^~~~~~~
/usr/include/unistd.h:646:21: note: suggested alternative: '__divdc3'
 extern int setpgid (__pid_t __pid, __pid_t __pgid) __THROW;
                     ^~~~~~~
                     __divdc3
/usr/include/unistd.h:646:36: error: '__pid_t' was not declared in this scope
 extern int setpgid (__pid_t __pid, __pid_t __pgid) __THROW;
                                    ^~~~~~~
/usr/include/unistd.h:646:36: note: suggested alternative: '__divdc3'
 extern int setpgid (__pid_t __pid, __pid_t __pgid) __THROW;
                                    ^~~~~~~
                                    __divdc3
/usr/include/unistd.h:646:50: error: expression list treated as compound expression in initializer [-fpermissive]
 extern int setpgid (__pid_t __pid, __pid_t __pgid) __THROW;
                                                  ^
/usr/include/unistd.h:667:8: error: '__pid_t' does not name a type; did you mean '__divdc3'?
 extern __pid_t setsid (void) __THROW;
        ^~~~~~~
        __divdc3
/usr/include/unistd.h:671:8: error: '__pid_t' does not name a type; did you mean '__divdc3'?
 extern __pid_t getsid (__pid_t __pid) __THROW;
        ^~~~~~~
        __divdc3
/usr/include/unistd.h:675:8: error: '__uid_t' does not name a type; did you mean '__divdc3'?
 extern __uid_t getuid (void) __THROW;
        ^~~~~~~
        __divdc3
/usr/include/unistd.h:678:8: error: '__uid_t' does not name a type; did you mean '__divdc3'?
 extern __uid_t geteuid (void) __THROW;
        ^~~~~~~
        __divdc3
/usr/include/unistd.h:681:8: error: '__gid_t' does not name a type; did you mean '__divdc3'?
 extern __gid_t getgid (void) __THROW;
        ^~~~~~~
        __divdc3
/usr/include/unistd.h:684:8: error: '__gid_t' does not name a type; did you mean '__divdc3'?
 extern __gid_t getegid (void) __THROW;
        ^~~~~~~
        __divdc3
/usr/include/unistd.h:689:35: error: '__gid_t' has not been declared
 extern int getgroups (int __size, __gid_t __list[]) __THROW __wur;
                                   ^~~~~~~
/usr/include/unistd.h:693:26: error: '__gid_t' was not declared in this scope
 extern int group_member (__gid_t __gid) __THROW;
                          ^~~~~~~
/usr/include/unistd.h:693:26: note: suggested alternative: '__divdc3'
 extern int group_member (__gid_t __gid) __THROW;
                          ^~~~~~~
                          __divdc3
/usr/include/unistd.h:700:20: error: '__uid_t' was not declared in this scope
 extern int setuid (__uid_t __uid) __THROW __wur;
                    ^~~~~~~
/usr/include/unistd.h:700:20: note: suggested alternative: '__divdc3'
 extern int setuid (__uid_t __uid) __THROW __wur;
                    ^~~~~~~
                    __divdc3
/usr/include/unistd.h:705:22: error: '__uid_t' was not declared in this scope
 extern int setreuid (__uid_t __ruid, __uid_t __euid) __THROW __wur;
                      ^~~~~~~
/usr/include/unistd.h:705:22: note: suggested alternative: '__divdc3'
 extern int setreuid (__uid_t __ruid, __uid_t __euid) __THROW __wur;
                      ^~~~~~~
                      __divdc3
/usr/include/unistd.h:705:38: error: '__uid_t' was not declared in this scope
 extern int setreuid (__uid_t __ruid, __uid_t __euid) __THROW __wur;
                                      ^~~~~~~
/usr/include/unistd.h:705:38: note: suggested alternative: '__divdc3'
 extern int setreuid (__uid_t __ruid, __uid_t __euid) __THROW __wur;
                                      ^~~~~~~
                                      __divdc3
/usr/include/unistd.h:705:52: error: expression list treated as compound expression in initializer [-fpermissive]
 extern int setreuid (__uid_t __ruid, __uid_t __euid) __THROW __wur;
                                                    ^
/usr/include/unistd.h:710:21: error: '__uid_t' was not declared in this scope
 extern int seteuid (__uid_t __uid) __THROW __wur;
                     ^~~~~~~
/usr/include/unistd.h:710:21: note: suggested alternative: '__divdc3'
 extern int seteuid (__uid_t __uid) __THROW __wur;
                     ^~~~~~~
                     __divdc3
/usr/include/unistd.h:717:20: error: '__gid_t' was not declared in this scope
 extern int setgid (__gid_t __gid) __THROW __wur;
                    ^~~~~~~
/usr/include/unistd.h:717:20: note: suggested alternative: '__divdc3'
 extern int setgid (__gid_t __gid) __THROW __wur;
                    ^~~~~~~
                    __divdc3
/usr/include/unistd.h:722:22: error: '__gid_t' was not declared in this scope
 extern int setregid (__gid_t __rgid, __gid_t __egid) __THROW __wur;
                      ^~~~~~~
/usr/include/unistd.h:722:22: note: suggested alternative: '__divdc3'
 extern int setregid (__gid_t __rgid, __gid_t __egid) __THROW __wur;
                      ^~~~~~~
                      __divdc3
/usr/include/unistd.h:722:38: error: '__gid_t' was not declared in this scope
 extern int setregid (__gid_t __rgid, __gid_t __egid) __THROW __wur;
                                      ^~~~~~~
/usr/include/unistd.h:722:38: note: suggested alternative: '__divdc3'
 extern int setregid (__gid_t __rgid, __gid_t __egid) __THROW __wur;
                                      ^~~~~~~
                                      __divdc3
/usr/include/unistd.h:722:52: error: expression list treated as compound expression in initializer [-fpermissive]
 extern int setregid (__gid_t __rgid, __gid_t __egid) __THROW __wur;
                                                    ^
/usr/include/unistd.h:727:21: error: '__gid_t' was not declared in this scope
 extern int setegid (__gid_t __gid) __THROW __wur;
                     ^~~~~~~
/usr/include/unistd.h:727:21: note: suggested alternative: '__divdc3'
 extern int setegid (__gid_t __gid) __THROW __wur;
                     ^~~~~~~
                     __divdc3
/usr/include/unistd.h:733:23: error: '__uid_t' was not declared in this scope
 extern int getresuid (__uid_t *__ruid, __uid_t *__euid, __uid_t *__suid)
                       ^~~~~~~
/usr/include/unistd.h:733:23: note: suggested alternative: '__divdc3'
 extern int getresuid (__uid_t *__ruid, __uid_t *__euid, __uid_t *__suid)
                       ^~~~~~~
                       __divdc3
/usr/include/unistd.h:733:32: error: '__ruid' was not declared in this scope
 extern int getresuid (__uid_t *__ruid, __uid_t *__euid, __uid_t *__suid)
                                ^~~~~~
/usr/include/unistd.h:733:32: note: suggested alternative: 'setuid'
 extern int getresuid (__uid_t *__ruid, __uid_t *__euid, __uid_t *__suid)
                                ^~~~~~
                                setuid
/usr/include/unistd.h:733:40: error: '__uid_t' was not declared in this scope
 extern int getresuid (__uid_t *__ruid, __uid_t *__euid, __uid_t *__suid)
                                        ^~~~~~~
/usr/include/unistd.h:733:40: note: suggested alternative: '__divdc3'
 extern int getresuid (__uid_t *__ruid, __uid_t *__euid, __uid_t *__suid)
                                        ^~~~~~~
                                        __divdc3
/usr/include/unistd.h:733:49: error: '__euid' was not declared in this scope
 extern int getresuid (__uid_t *__ruid, __uid_t *__euid, __uid_t *__suid)
                                                 ^~~~~~
/usr/include/unistd.h:733:49: note: suggested alternative: 'seteuid'
 extern int getresuid (__uid_t *__ruid, __uid_t *__euid, __uid_t *__suid)
                                                 ^~~~~~
                                                 seteuid
/usr/include/unistd.h:733:57: error: '__uid_t' was not declared in this scope
 extern int getresuid (__uid_t *__ruid, __uid_t *__euid, __uid_t *__suid)
                                                         ^~~~~~~
/usr/include/unistd.h:733:57: note: suggested alternative: '__divdc3'
 extern int getresuid (__uid_t *__ruid, __uid_t *__euid, __uid_t *__suid)
                                                         ^~~~~~~
                                                         __divdc3
/usr/include/unistd.h:733:66: error: '__suid' was not declared in this scope
 extern int getresuid (__uid_t *__ruid, __uid_t *__euid, __uid_t *__suid)
                                                                  ^~~~~~
/usr/include/unistd.h:733:66: note: suggested alternative: 'setuid'
 extern int getresuid (__uid_t *__ruid, __uid_t *__euid, __uid_t *__suid)
                                                                  ^~~~~~
                                                                  setuid
/usr/include/unistd.h:733:72: error: expression list treated as compound expression in initializer [-fpermissive]
 extern int getresuid (__uid_t *__ruid, __uid_t *__euid, __uid_t *__suid)
                                                                        ^
/usr/include/unistd.h:738:23: error: '__gid_t' was not declared in this scope
 extern int getresgid (__gid_t *__rgid, __gid_t *__egid, __gid_t *__sgid)
                       ^~~~~~~
/usr/include/unistd.h:738:23: note: suggested alternative: '__divdc3'
 extern int getresgid (__gid_t *__rgid, __gid_t *__egid, __gid_t *__sgid)
                       ^~~~~~~
                       __divdc3
/usr/include/unistd.h:738:32: error: '__rgid' was not declared in this scope
 extern int getresgid (__gid_t *__rgid, __gid_t *__egid, __gid_t *__sgid)
                                ^~~~~~
/usr/include/unistd.h:738:32: note: suggested alternative: 'setgid'
 extern int getresgid (__gid_t *__rgid, __gid_t *__egid, __gid_t *__sgid)
                                ^~~~~~
                                setgid
/usr/include/unistd.h:738:40: error: '__gid_t' was not declared in this scope
 extern int getresgid (__gid_t *__rgid, __gid_t *__egid, __gid_t *__sgid)
                                        ^~~~~~~
/usr/include/unistd.h:738:40: note: suggested alternative: '__divdc3'
 extern int getresgid (__gid_t *__rgid, __gid_t *__egid, __gid_t *__sgid)
                                        ^~~~~~~
                                        __divdc3
/usr/include/unistd.h:738:49: error: '__egid' was not declared in this scope
 extern int getresgid (__gid_t *__rgid, __gid_t *__egid, __gid_t *__sgid)
                                                 ^~~~~~
/usr/include/unistd.h:738:49: note: suggested alternative: 'setegid'
 extern int getresgid (__gid_t *__rgid, __gid_t *__egid, __gid_t *__sgid)
                                                 ^~~~~~
                                                 setegid
/usr/include/unistd.h:738:57: error: '__gid_t' was not declared in this scope
 extern int getresgid (__gid_t *__rgid, __gid_t *__egid, __gid_t *__sgid)
                                                         ^~~~~~~
/usr/include/unistd.h:738:57: note: suggested alternative: '__divdc3'
 extern int getresgid (__gid_t *__rgid, __gid_t *__egid, __gid_t *__sgid)
                                                         ^~~~~~~
                                                         __divdc3
/usr/include/unistd.h:738:66: error: '__sgid' was not declared in this scope
 extern int getresgid (__gid_t *__rgid, __gid_t *__egid, __gid_t *__sgid)
                                                                  ^~~~~~
/usr/include/unistd.h:738:66: note: suggested alternative: 'setgid'
 extern int getresgid (__gid_t *__rgid, __gid_t *__egid, __gid_t *__sgid)
                                                                  ^~~~~~
                                                                  setgid
/usr/include/unistd.h:738:72: error: expression list treated as compound expression in initializer [-fpermissive]
 extern int getresgid (__gid_t *__rgid, __gid_t *__egid, __gid_t *__sgid)
                                                                        ^
/usr/include/unistd.h:743:23: error: '__uid_t' was not declared in this scope
 extern int setresuid (__uid_t __ruid, __uid_t __euid, __uid_t __suid)
                       ^~~~~~~
/usr/include/unistd.h:743:23: note: suggested alternative: '__divdc3'
 extern int setresuid (__uid_t __ruid, __uid_t __euid, __uid_t __suid)
                       ^~~~~~~
                       __divdc3
/usr/include/unistd.h:743:39: error: '__uid_t' was not declared in this scope
 extern int setresuid (__uid_t __ruid, __uid_t __euid, __uid_t __suid)
                                       ^~~~~~~
/usr/include/unistd.h:743:39: note: suggested alternative: '__divdc3'
 extern int setresuid (__uid_t __ruid, __uid_t __euid, __uid_t __suid)
                                       ^~~~~~~
                                       __divdc3
/usr/include/unistd.h:743:55: error: '__uid_t' was not declared in this scope
 extern int setresuid (__uid_t __ruid, __uid_t __euid, __uid_t __suid)
                                                       ^~~~~~~
/usr/include/unistd.h:743:55: note: suggested alternative: '__divdc3'
 extern int setresuid (__uid_t __ruid, __uid_t __euid, __uid_t __suid)
                                                       ^~~~~~~
                                                       __divdc3
/usr/include/unistd.h:743:69: error: expression list treated as compound expression in initializer [-fpermissive]
 extern int setresuid (__uid_t __ruid, __uid_t __euid, __uid_t __suid)
                                                                     ^
/usr/include/unistd.h:748:23: error: '__gid_t' was not declared in this scope
 extern int setresgid (__gid_t __rgid, __gid_t __egid, __gid_t __sgid)
                       ^~~~~~~
/usr/include/unistd.h:748:23: note: suggested alternative: '__divdc3'
 extern int setresgid (__gid_t __rgid, __gid_t __egid, __gid_t __sgid)
                       ^~~~~~~
                       __divdc3
/usr/include/unistd.h:748:39: error: '__gid_t' was not declared in this scope
 extern int setresgid (__gid_t __rgid, __gid_t __egid, __gid_t __sgid)
                                       ^~~~~~~
/usr/include/unistd.h:748:39: note: suggested alternative: '__divdc3'
 extern int setresgid (__gid_t __rgid, __gid_t __egid, __gid_t __sgid)
                                       ^~~~~~~
                                       __divdc3
/usr/include/unistd.h:748:55: error: '__gid_t' was not declared in this scope
 extern int setresgid (__gid_t __rgid, __gid_t __egid, __gid_t __sgid)
                                                       ^~~~~~~
/usr/include/unistd.h:748:55: note: suggested alternative: '__divdc3'
 extern int setresgid (__gid_t __rgid, __gid_t __egid, __gid_t __sgid)
                                                       ^~~~~~~
                                                       __divdc3
/usr/include/unistd.h:748:69: error: expression list treated as compound expression in initializer [-fpermissive]
 extern int setresgid (__gid_t __rgid, __gid_t __egid, __gid_t __sgid)
                                                                     ^
/usr/include/unistd.h:756:8: error: '__pid_t' does not name a type; did you mean '__divdc3'?
 extern __pid_t fork (void) __THROWNL;
        ^~~~~~~
        __divdc3
/usr/include/unistd.h:764:8: error: '__pid_t' does not name a type; did you mean '__divdc3'?
 extern __pid_t vfork (void) __THROW;
        ^~~~~~~
        __divdc3
/usr/include/unistd.h:774:46: error: 'size_t' has not been declared
 extern int ttyname_r (int __fd, char *__buf, size_t __buflen)
                                              ^~~~~~
/usr/include/unistd.h:808:8: error: 'ssize_t' does not name a type
 extern ssize_t readlink (const char *__restrict __path,
        ^~~~~~~
/usr/include/unistd.h:819:8: error: 'ssize_t' does not name a type
 extern ssize_t readlinkat (int __fd, const char *__restrict __path,
        ^~~~~~~
/usr/include/unistd.h:838:8: error: '__pid_t' does not name a type; did you mean '__divdc3'?
 extern __pid_t tcgetpgrp (int __fd) __THROW;
        ^~~~~~~
        __divdc3
/usr/include/unistd.h:841:33: error: '__pid_t' has not been declared
 extern int tcsetpgrp (int __fd, __pid_t __pgrp_id) __THROW;
                                 ^~~~~~~
/usr/include/unistd.h:856:38: error: 'size_t' has not been declared
 extern int getlogin_r (char *__name, size_t __name_len) __nonnull ((1));
                                      ^~~~~~
In file included from conftest.cpp:33:
/usr/include/unistd.h:877:39: error: 'size_t' has not been declared
 extern int gethostname (char *__name, size_t __len) __THROW __nonnull ((1));
                                       ^~~~~~
/usr/include/unistd.h:884:45: error: 'size_t' has not been declared
 extern int sethostname (const char *__name, size_t __len)
                                             ^~~~~~
/usr/include/unistd.h:895:41: error: 'size_t' has not been declared
 extern int getdomainname (char *__name, size_t __len)
                                         ^~~~~~
/usr/include/unistd.h:897:47: error: 'size_t' has not been declared
 extern int setdomainname (const char *__name, size_t __len)
                                               ^~~~~~
/usr/include/unistd.h:915:57: error: 'size_t' has not been declared
 extern int profil (unsigned short int *__sample_buffer, size_t __size,
                                                         ^~~~~~
/usr/include/unistd.h:916:6: error: 'size_t' has not been declared
      size_t __offset, unsigned int __scale)
      ^~~~~~
/usr/include/unistd.h:991:42: error: '__off_t' has not been declared
 extern int truncate (const char *__file, __off_t __length)
                                          ^~~~~~~
/usr/include/unistd.h:1003:44: error: '__off64_t' has not been declared
 extern int truncate64 (const char *__file, __off64_t __length)
                                            ^~~~~~~~~
/usr/include/unistd.h:1014:33: error: '__off_t' has not been declared
 extern int ftruncate (int __fd, __off_t __length) __THROW __wur;
                                 ^~~~~~~
/usr/include/unistd.h:1024:35: error: '__off64_t' has not been declared
 extern int ftruncate64 (int __fd, __off64_t __length) __THROW __wur;
                                   ^~~~~~~~~
/usr/include/unistd.h:1041:20: error: 'intptr_t' was not declared in this scope
 extern void *sbrk (intptr_t __delta) __THROW;
                    ^~~~~~~~
/usr/include/unistd.h:1079:40: error: '__off_t' has not been declared
 extern int lockf (int __fd, int __cmd, __off_t __len) __wur;
                                        ^~~~~~~
/usr/include/unistd.h:1089:42: error: '__off64_t' has not been declared
 extern int lockf64 (int __fd, int __cmd, __off64_t __len) __wur;
                                          ^~~~~~~~~
/usr/include/unistd.h:1107:1: error: 'ssize_t' does not name a type
 ssize_t copy_file_range (int __infd, __off64_t *__pinoff,
 ^~~~~~~
/usr/include/unistd.h:1134:5: error: 'ssize_t' has not been declared
     ssize_t __n) __THROW __nonnull ((1, 2));
     ^~~~~~~
/usr/include/unistd.h:1161:33: error: 'size_t' has not been declared
 int getentropy (void *__buffer, size_t __length) __wur;
                                 ^~~~~~
In file included from /usr/include/stdio.h:39,
                 from conftest.cpp:34:
/usr/include/bits/types/__fpos_t.h:12:3: error: '__off_t' does not name a type
   __off_t __pos;
   ^~~~~~~
In file included from /usr/include/stdio.h:40,
                 from conftest.cpp:34:
/usr/include/bits/types/__fpos64_t.h:12:3: error: '__off64_t' does not name a type; did you mean '__fpos_t'?
   __off64_t __pos;
   ^~~~~~~~~
   __fpos_t
In file included from /usr/include/stdio.h:43,
                 from conftest.cpp:34:
/usr/include/bits/types/struct_FILE.h:74:3: error: '__off_t' does not name a type; did you mean '__fpos_t'?
   __off_t _old_offset; /* This used to be _offset but it's too small.  */
   ^~~~~~~
   __fpos_t
/usr/include/bits/types/struct_FILE.h:89:3: error: '__off64_t' does not name a type; did you mean '__fpos64_t'?
   __off64_t _offset;
   ^~~~~~~~~
   __fpos64_t
/usr/include/bits/types/struct_FILE.h:95:3: error: 'size_t' does not name a type
   size_t __pad5;
   ^~~~~~
/usr/include/bits/types/struct_FILE.h:95:3: note: 'size_t' is defined in header '<cstddef>'; did you forget to '#include <cstddef>'?
/usr/include/bits/types/struct_FILE.h:1:1:
 /* Copyright (C) 1991-2018 Free Software Foundation, Inc.
/usr/include/bits/types/struct_FILE.h:95:3:
   size_t __pad5;
   ^~~~~~
/usr/include/bits/types/struct_FILE.h:98:67: error: 'size_t' was not declared in this scope
   char _unused2[15 * sizeof (int) - 4 * sizeof (void *) - sizeof (size_t)];
                                                                   ^~~~~~
/usr/include/bits/types/struct_FILE.h:98:67: note: 'size_t' is defined in header '<cstddef>'; did you forget to '#include <cstddef>'?
In file included from /usr/include/stdio.h:46,
                 from conftest.cpp:34:
/usr/include/bits/types/cookie_io_functions_t.h:27:9: error: '__ssize_t' does not name a type
 typedef __ssize_t cookie_read_function_t (void *__cookie, char *__buf,
         ^~~~~~~~~
/usr/include/bits/types/cookie_io_functions_t.h:36:9: error: '__ssize_t' does not name a type
 typedef __ssize_t cookie_write_function_t (void *__cookie, const char *__buf,
         ^~~~~~~~~
/usr/include/bits/types/cookie_io_functions_t.h:45:53: error: '__off64_t' has not been declared
 typedef int cookie_seek_function_t (void *__cookie, __off64_t *__pos, int __w);
                                                     ^~~~~~~~~
/usr/include/bits/types/cookie_io_functions_t.h:57:3: error: 'cookie_read_function_t' does not name a type; did you mean 'cookie_seek_function_t'?
   cookie_read_function_t *read;  /* Read bytes.  */
   ^~~~~~~~~~~~~~~~~~~~~~
   cookie_seek_function_t
/usr/include/bits/types/cookie_io_functions_t.h:58:3: error: 'cookie_write_function_t' does not name a type; did you mean 'cookie_close_function_t'?
   cookie_write_function_t *write; /* Write bytes.  */
   ^~~~~~~~~~~~~~~~~~~~~~~
   cookie_close_function_t
In file included from conftest.cpp:34:
/usr/include/stdio.h:292:35: error: 'size_t' has not been declared
 extern FILE *fmemopen (void *__s, size_t __len, const char *__modes)
                                   ^~~~~~
/usr/include/stdio.h:298:47: error: 'size_t' has not been declared
 extern FILE *open_memstream (char **__bufloc, size_t *__sizeloc) __THROW __wur;
                                               ^~~~~~
/usr/include/stdio.h:309:20: error: 'size_t' has not been declared
       int __modes, size_t __n) __THROW;
                    ^~~~~~
/usr/include/stdio.h:315:10: error: 'size_t' has not been declared
          size_t __size) __THROW;
          ^~~~~~
/usr/include/stdio.h:354:44: error: 'size_t' has not been declared
 extern int snprintf (char *__restrict __s, size_t __maxlen,
                                            ^~~~~~
/usr/include/stdio.h:358:45: error: 'size_t' has not been declared
 extern int vsnprintf (char *__restrict __s, size_t __maxlen,
                                             ^~~~~~
/usr/include/stdio.h:609:8: error: '__ssize_t' does not name a type
 extern __ssize_t __getdelim (char **__restrict __lineptr,
        ^~~~~~~~~
/usr/include/stdio.h:612:8: error: '__ssize_t' does not name a type
 extern __ssize_t getdelim (char **__restrict __lineptr,
        ^~~~~~~~~
/usr/include/stdio.h:622:8: error: '__ssize_t' does not name a type
 extern __ssize_t getline (char **__restrict __lineptr,
        ^~~~~~~~~
/usr/include/stdio.h:652:8: error: 'size_t' does not name a type
 extern size_t fread (void *__restrict __ptr, size_t __size,
        ^~~~~~
/usr/include/stdio.h:652:8: note: 'size_t' is defined in header '<cstddef>'; did you forget to '#include <cstddef>'?
/usr/include/stdio.h:134:1:
 
/usr/include/stdio.h:652:8:
 extern size_t fread (void *__restrict __ptr, size_t __size,
        ^~~~~~
/usr/include/stdio.h:658:8: error: 'size_t' does not name a type
 extern size_t fwrite (const void *__restrict __ptr, size_t __size,
        ^~~~~~
/usr/include/stdio.h:658:8: note: 'size_t' is defined in header '<cstddef>'; did you forget to '#include <cstddef>'?
/usr/include/stdio.h:679:8: error: 'size_t' does not name a type
 extern size_t fread_unlocked (void *__restrict __ptr, size_t __size,
        ^~~~~~
/usr/include/stdio.h:679:8: note: 'size_t' is defined in header '<cstddef>'; did you forget to '#include <cstddef>'?
/usr/include/stdio.h:681:8: error: 'size_t' does not name a type
 extern size_t fwrite_unlocked (const void *__restrict __ptr, size_t __size,
        ^~~~~~
/usr/include/stdio.h:681:8: note: 'size_t' is defined in header '<cstddef>'; did you forget to '#include <cstddef>'?
/usr/include/stdio.h:713:36: error: '__off_t' has not been declared
 extern int fseeko (FILE *__stream, __off_t __off, int __whence);
                                    ^~~~~~~
/usr/include/stdio.h:718:8: error: '__off_t' does not name a type
 extern __off_t ftello (FILE *__stream) __wur;
        ^~~~~~~
/usr/include/stdio.h:756:38: error: '__off64_t' has not been declared
 extern int fseeko64 (FILE *__stream, __off64_t __off, int __whence);
                                      ^~~~~~~~~
/usr/include/stdio.h:757:8: error: '__off64_t' does not name a type; did you mean 'fpos64_t'?
 extern __off64_t ftello64 (FILE *__stream) __wur;
        ^~~~~~~~~
        fpos64_t
In file included from /usr/include/stdio.h:870,
                 from conftest.cpp:34:
/usr/include/bits/stdio.h:117:16: error: '__ssize_t' does not name a type
 __STDIO_INLINE __ssize_t
                ^~~~~~~~~
In file included from /usr/include/fcntl.h:35,
                 from conftest.cpp:35:
/usr/include/bits/fcntl.h:40:5: error: '__off_t' does not name a type
     __off_t l_start; /* Offset where the lock begins.  */
     ^~~~~~~
/usr/include/bits/fcntl.h:41:5: error: '__off_t' does not name a type
     __off_t l_len; /* Size of the locked area; zero means until EOF.  */
     ^~~~~~~
/usr/include/bits/fcntl.h:46:5: error: '__pid_t' does not name a type; did you mean '__fpos_t'?
     __pid_t l_pid; /* Process holding the lock.  */
     ^~~~~~~
     __fpos_t
/usr/include/bits/fcntl.h:54:5: error: '__off64_t' does not name a type; did you mean 'fpos64_t'?
     __off64_t l_start; /* Offset where the lock begins.  */
     ^~~~~~~~~
     fpos64_t
/usr/include/bits/fcntl.h:55:5: error: '__off64_t' does not name a type; did you mean 'fpos64_t'?
     __off64_t l_len; /* Size of the locked area; zero means until EOF.  */
     ^~~~~~~~~
     fpos64_t
/usr/include/bits/fcntl.h:56:5: error: '__pid_t' does not name a type; did you mean '__fpos_t'?
     __pid_t l_pid; /* Process holding the lock.  */
     ^~~~~~~
     __fpos_t
In file included from /usr/include/bits/fcntl-linux.h:38,
                 from /usr/include/bits/fcntl.h:61,
                 from /usr/include/fcntl.h:35,
                 from conftest.cpp:35:
/usr/include/bits/types/struct_iovec.h:29:5: error: 'size_t' does not name a type
     size_t iov_len; /* Length of data.  */
     ^~~~~~
/usr/include/bits/types/struct_iovec.h:29:5: note: 'size_t' is defined in header '<cstddef>'; did you forget to '#include <cstddef>'?
/usr/include/bits/types/struct_iovec.h:24:1:
 
/usr/include/bits/types/struct_iovec.h:29:5:
     size_t iov_len; /* Length of data.  */
     ^~~~~~
In file included from /usr/include/bits/fcntl.h:61,
                 from /usr/include/fcntl.h:35,
                 from conftest.cpp:35:
/usr/include/bits/fcntl-linux.h:277:5: error: '__pid_t' does not name a type; did you mean '__pid_type'?
     __pid_t pid;  /* ID of owner.  */
     ^~~~~~~
     __pid_type
In file included from /usr/include/bits/fcntl.h:61,
                 from /usr/include/fcntl.h:35,
                 from conftest.cpp:35:
/usr/include/bits/fcntl-linux.h:367:8: error: '__ssize_t' does not name a type
 extern __ssize_t readahead (int __fd, __off64_t __offset, size_t __count)
        ^~~~~~~~~
/usr/include/bits/fcntl-linux.h:375:39: error: '__off64_t' has not been declared
 extern int sync_file_range (int __fd, __off64_t __offset, __off64_t __count,
                                       ^~~~~~~~~
/usr/include/bits/fcntl-linux.h:375:59: error: '__off64_t' has not been declared
 extern int sync_file_range (int __fd, __off64_t __offset, __off64_t __count,
                                                           ^~~~~~~~~
/usr/include/bits/fcntl-linux.h:383:8: error: '__ssize_t' does not name a type
 extern __ssize_t vmsplice (int __fdout, const struct iovec *__iov,
        ^~~~~~~~~
/usr/include/bits/fcntl-linux.h:390:8: error: '__ssize_t' does not name a type
 extern __ssize_t splice (int __fdin, __off64_t *__offin, int __fdout,
        ^~~~~~~~~
/usr/include/bits/fcntl-linux.h:398:8: error: '__ssize_t' does not name a type
 extern __ssize_t tee (int __fdin, int __fdout, size_t __len,
        ^~~~~~~~~
/usr/include/bits/fcntl-linux.h:406:45: error: '__off_t' has not been declared
 extern int fallocate (int __fd, int __mode, __off_t __offset, __off_t __len);
                                             ^~~~~~~
/usr/include/bits/fcntl-linux.h:406:63: error: '__off_t' has not been declared
 extern int fallocate (int __fd, int __mode, __off_t __offset, __off_t __len);
                                                               ^~~~~~~
/usr/include/bits/fcntl-linux.h:417:47: error: '__off64_t' has not been declared
 extern int fallocate64 (int __fd, int __mode, __off64_t __offset,
                                               ^~~~~~~~~
/usr/include/bits/fcntl-linux.h:418:4: error: '__off64_t' has not been declared
    __off64_t __len);
    ^~~~~~~~~
In file included from conftest.cpp:35:
/usr/include/fcntl.h:50:9: error: '__mode_t' does not name a type; did you mean '__fpos_t'?
 typedef __mode_t mode_t;
         ^~~~~~~~
         __fpos_t
In file included from /usr/include/fcntl.h:75,
                 from conftest.cpp:35:
/usr/include/bits/types/struct_timespec.h:11:3: error: '__time_t' does not name a type; did you mean '__fpos_t'?
   __time_t tv_sec;  /* Seconds.  */
   ^~~~~~~~
   __fpos_t
/usr/include/bits/types/struct_timespec.h:12:3: error: '__syscall_slong_t' does not name a type
   __syscall_slong_t tv_nsec; /* Nanoseconds.  */
   ^~~~~~~~~~~~~~~~~
In file included from /usr/include/fcntl.h:78,
                 from conftest.cpp:35:
/usr/include/bits/stat.h:48:5: error: '__dev_t' does not name a type; did you mean '__fpos_t'?
     __dev_t st_dev;  /* Device.  */
     ^~~~~~~
     __fpos_t
/usr/include/bits/stat.h:53:5: error: '__ino_t' does not name a type; did you mean '__fpos_t'?
     __ino_t st_ino;  /* File serial number. */
     ^~~~~~~
     __fpos_t
/usr/include/bits/stat.h:61:5: error: '__nlink_t' does not name a type; did you mean 'unlinkat'?
     __nlink_t st_nlink;  /* Link count.  */
     ^~~~~~~~~
     unlinkat
/usr/include/bits/stat.h:62:5: error: '__mode_t' does not name a type; did you mean '__fpos_t'?
     __mode_t st_mode;  /* File mode.  */
     ^~~~~~~~
     __fpos_t
/usr/include/bits/stat.h:64:5: error: '__uid_t' does not name a type; did you mean '__pid_type'?
     __uid_t st_uid;  /* User ID of the file's owner. */
     ^~~~~~~
     __pid_type
/usr/include/bits/stat.h:65:5: error: '__gid_t' does not name a type; did you mean '__pid_type'?
     __gid_t st_gid;  /* Group ID of the file's group.*/
     ^~~~~~~
     __pid_type
/usr/include/bits/stat.h:69:5: error: '__dev_t' does not name a type; did you mean '__fpos_t'?
     __dev_t st_rdev;  /* Device number, if device.  */
     ^~~~~~~
     __fpos_t
/usr/include/bits/stat.h:74:5: error: '__off_t' does not name a type
     __off_t st_size;   /* Size of file, in bytes.  */
     ^~~~~~~
/usr/include/bits/stat.h:78:5: error: '__blksize_t' does not name a type; did you mean '__locale_t'?
     __blksize_t st_blksize; /* Optimal block size for I/O.  */
     ^~~~~~~~~~~
     __locale_t
/usr/include/bits/stat.h:80:5: error: '__blkcnt_t' does not name a type; did you mean '__locale_t'?
     __blkcnt_t st_blocks;  /* Number 512-byte blocks allocated. */
     ^~~~~~~~~~
     __locale_t
/usr/include/bits/stat.h:106:5: error: '__syscall_slong_t' does not name a type
     __syscall_slong_t __glibc_reserved[3];
     ^~~~~~~~~~~~~~~~~
/usr/include/bits/stat.h:121:5: error: '__dev_t' does not name a type; did you mean '__fpos_t'?
     __dev_t st_dev;  /* Device.  */
     ^~~~~~~
     __fpos_t
/usr/include/bits/stat.h:123:5: error: '__ino64_t' does not name a type; did you mean '__fpos64_t'?
     __ino64_t st_ino;  /* File serial number.  */
     ^~~~~~~~~
     __fpos64_t
/usr/include/bits/stat.h:124:5: error: '__nlink_t' does not name a type; did you mean 'unlinkat'?
     __nlink_t st_nlink;  /* Link count.  */
     ^~~~~~~~~
     unlinkat
/usr/include/bits/stat.h:125:5: error: '__mode_t' does not name a type; did you mean '__fpos_t'?
     __mode_t st_mode;  /* File mode.  */
     ^~~~~~~~
     __fpos_t
/usr/include/bits/stat.h:132:5: error: '__uid_t' does not name a type; did you mean '__pid_type'?
     __uid_t st_uid;  /* User ID of the file's owner. */
     ^~~~~~~
     __pid_type
/usr/include/bits/stat.h:133:5: error: '__gid_t' does not name a type; did you mean '__pid_type'?
     __gid_t st_gid;  /* Group ID of the file's group.*/
     ^~~~~~~
     __pid_type
/usr/include/bits/stat.h:136:5: error: '__dev_t' does not name a type; did you mean '__fpos_t'?
     __dev_t st_rdev;  /* Device number, if device.  */
     ^~~~~~~
     __fpos_t
/usr/include/bits/stat.h:137:5: error: '__off_t' does not name a type
     __off_t st_size;  /* Size of file, in bytes.  */
     ^~~~~~~
/usr/include/bits/stat.h:143:5: error: '__blksize_t' does not name a type; did you mean '__locale_t'?
     __blksize_t st_blksize; /* Optimal block size for I/O.  */
     ^~~~~~~~~~~
     __locale_t
/usr/include/bits/stat.h:144:5: error: '__blkcnt64_t' does not name a type; did you mean '__fpos64_t'?
     __blkcnt64_t st_blocks; /* Nr. 512-byte blocks allocated.  */
     ^~~~~~~~~~~~
     __fpos64_t
/usr/include/bits/stat.h:164:5: error: '__syscall_slong_t' does not name a type
     __syscall_slong_t __glibc_reserved[3];
     ^~~~~~~~~~~~~~~~~
In file included from conftest.cpp:35:
/usr/include/fcntl.h:241:39: error: 'mode_t' has not been declared
 extern int creat (const char *__file, mode_t __mode) __nonnull ((1));
                                       ^~~~~~
/usr/include/fcntl.h:251:41: error: 'mode_t' has not been declared
 extern int creat64 (const char *__file, mode_t __mode) __nonnull ((1));
                                         ^~~~~~
/usr/include/fcntl.h:287:37: error: 'off_t' has not been declared
 extern int posix_fadvise (int __fd, off_t __offset, off_t __len,
                                     ^~~~~
/usr/include/fcntl.h:287:53: error: 'off_t' has not been declared
 extern int posix_fadvise (int __fd, off_t __offset, off_t __len,
                                                     ^~~~~
/usr/include/fcntl.h:299:39: error: 'off64_t' has not been declared
 extern int posix_fadvise64 (int __fd, off64_t __offset, off64_t __len,
                                       ^~~~~~~
/usr/include/fcntl.h:299:57: error: 'off64_t' has not been declared
 extern int posix_fadvise64 (int __fd, off64_t __offset, off64_t __len,
                                                         ^~~~~~~
/usr/include/fcntl.h:309:39: error: 'off_t' has not been declared
 extern int posix_fallocate (int __fd, off_t __offset, off_t __len);
                                       ^~~~~
/usr/include/fcntl.h:309:55: error: 'off_t' has not been declared
 extern int posix_fallocate (int __fd, off_t __offset, off_t __len);
                                                       ^~~~~
/usr/include/fcntl.h:320:41: error: 'off64_t' has not been declared
 extern int posix_fallocate64 (int __fd, off64_t __offset, off64_t __len);
                                         ^~~~~~~
/usr/include/fcntl.h:320:59: error: 'off64_t' has not been declared
 extern int posix_fallocate64 (int __fd, off64_t __offset, off64_t __len);
                                                           ^~~~~~~
conftest.cpp: In function 'int main()':
conftest.cpp:44:3: error: 'size_t' was not declared in this scope
   size_t len = 1024;
   ^~~~~~
conftest.cpp:44:3: note: 'size_t' is defined in header '<cstddef>'; did you forget to '#include <cstddef>'?
conftest.cpp:36:1:
 
conftest.cpp:44:3:
   size_t len = 1024;
   ^~~~~~
conftest.cpp:45:3: error: 'ssize_t' was not declared in this scope
   ssize_t si;
   ^~~~~~~
conftest.cpp:47:8: error: 'alphasort' was not declared in this scope
   rc = alphasort( &d1, &d2 );
        ^~~~~~~~~
conftest.cpp:51:3: error: 'si' was not declared in this scope
   si = getdelim( &s1, &len, ' ', f );
   ^~
conftest.cpp:51:3: note: suggested alternative: 's3'
   si = getdelim( &s1, &len, ' ', f );
   ^~
   s3
conftest.cpp:51:24: error: 'len' was not declared in this scope
   si = getdelim( &s1, &len, ' ', f );
                        ^~~
conftest.cpp:51:24: note: suggested alternative: 'open'
   si = getdelim( &s1, &len, ' ', f );
                        ^~~
                        open
conftest.cpp:51:8: error: 'getdelim' was not declared in this scope
   si = getdelim( &s1, &len, ' ', f );
        ^~~~~~~~
conftest.cpp:51:8: note: suggested alternative: 'getlogin'
   si = getdelim( &s1, &len, ' ', f );
        ^~~~~~~~
        getlogin
conftest.cpp:52:8: error: 'getline' was not declared in this scope
   si = getline( &s1, &len, f );
        ^~~~~~~
conftest.cpp:52:8: note: suggested alternative: 'getlogin'
   si = getline( &s1, &len, f );
        ^~~~~~~
        getlogin
conftest.cpp:55:9: error: 'strnlen' was not declared in this scope
   len = strnlen( s1, 1024 );
         ^~~~~~~
conftest.cpp:55:9: note: suggested alternative: 'strsep'
   len = strnlen( s1, 1024 );
         ^~~~~~~
         strsep
conftest.cpp:57:19: error: 'SIGINT' was not declared in this scope
   s1 = strsignal( SIGINT );
                   ^~~~~~
conftest.cpp: At global scope:
conftest.cpp:62:1: error: 'ac_ext' does not name a type; did you mean 'creat'?
 ac_ext=cpp
 ^~~~~~
 creat
configure:6435: $? = 1
configure: failed program was:
| /* confdefs.h */
| #define PACKAGE_NAME "snmp++"
| #define PACKAGE_TARNAME "snmp++"
| #define PACKAGE_VERSION "3.3.11"
| #define PACKAGE_STRING "snmp++ 3.3.11"
| #define PACKAGE_BUGREPORT "support@agentpp.com"
| #define PACKAGE_URL ""
| #define PACKAGE "snmp++"
| #define VERSION "3.3.11"
| #define OS_TYPE "linux-gnu"
| #define STDC_HEADERS 1
| #define HAVE_SYS_TYPES_H 1
| #define HAVE_SYS_STAT_H 1
| #define HAVE_STDLIB_H 1
| #define HAVE_STRING_H 1
| #define HAVE_MEMORY_H 1
| #define HAVE_STRINGS_H 1
| #define HAVE_INTTYPES_H 1
| #define HAVE_STDINT_H 1
| #define HAVE_UNISTD_H 1
| /* end confdefs.h.  */
| 
| 
| ac_ext=cpp
| ac_cpp='  -D_GNU_SOURCE -D_XOPEN_SOURE=700'
| ac_compile='g++ -c -g -O2  -D_GNU_SOURCE -D_XOPEN_SOURE=700 conftest.cpp >&5'
| ac_link='g++ -o conftest -g -O2  -D_GNU_SOURCE -D_XOPEN_SOURE=700  conftest.cpp  >&5'
| ac_compiler_gnu=yes
| 
| 
| #include <dirent.h>
| #include <string.h>
| #include <unistd.h>
| #include <stdio.h>
| #include <fcntl.h>
| 
| int
| main ()
| {
|   int rc, i;
|   struct dirent *d1 = NULL, *d2 = NULL;
|   char *s1 = NULL, *s2 = NULL, *s3 = NULL;
|   FILE *f = NULL;
|   size_t len = 1024;
|   ssize_t si;
| 
|   rc = alphasort( &d1, &d2 );
|   rc = faccessat( 1, s1, R_OK, AT_EACCESS );
|   rc = fexecve( 1, &s1, &s2 );
|   f = fmemopen( s1, 1024, s2 );
|   si = getdelim( &s1, &len, ' ', f );
|   si = getline( &s1, &len, f );
|   s3 = stpcpy( s1, s2 );
|   s3 = stpncpy( s1, s2, len );
|   len = strnlen( s1, 1024 );
|   s2 = strndup( s1, 1024 );
|   s1 = strsignal( SIGINT );
| 
|   return 0;
| }
| 
| ac_ext=cpp
| ac_cpp='  -D_GNU_SOURCE -D_XOPEN_SOURE=700'
| ac_compile='g++ -c -g -O2  -D_GNU_SOURCE -D_XOPEN_SOURE=700 conftest.cpp >&5'
| ac_link='g++ -o conftest -g -O2  -D_GNU_SOURCE -D_XOPEN_SOURE=700  conftest.cpp  >&5'
| ac_compiler_gnu=yes
| 
| 
configure:6471: result: none ()
configure:6489: checking if libssl is wanted
configure:6507: result: check
configure:6510: checking if libssl wants a prefix
configure:6541: result: no
configure:6547: checking if libtomcrypt is wanted
configure:6565: result: check
configure:6568: checking if libtomcrypt wants a prefix
configure:6599: result: no
configure:6605: checking if libdes is wanted
configure:6623: result: check
configure:6626: checking if libdes wants a prefix
configure:6657: result: no
configure:6771: checking whether compiling for native Win32
configure:6792: gcc -c -g -O2  -D_GNU_SOURCE conftest.c >&5
conftest.c: In function 'main':
conftest.c:30:22: error: #error "Not Win32"
                     #error "Not Win32"
                      ^~~~~
configure:6792: $? = 1
configure: failed program was:
| /* confdefs.h */
| #define PACKAGE_NAME "snmp++"
| #define PACKAGE_TARNAME "snmp++"
| #define PACKAGE_VERSION "3.3.11"
| #define PACKAGE_STRING "snmp++ 3.3.11"
| #define PACKAGE_BUGREPORT "support@agentpp.com"
| #define PACKAGE_URL ""
| #define PACKAGE "snmp++"
| #define VERSION "3.3.11"
| #define OS_TYPE "linux-gnu"
| #define STDC_HEADERS 1
| #define HAVE_SYS_TYPES_H 1
| #define HAVE_SYS_STAT_H 1
| #define HAVE_STDLIB_H 1
| #define HAVE_STRING_H 1
| #define HAVE_MEMORY_H 1
| #define HAVE_STRINGS_H 1
| #define HAVE_INTTYPES_H 1
| #define HAVE_STDINT_H 1
| #define HAVE_UNISTD_H 1
| #define HAVE_XOPEN_SOURCE 
| #define DEBUG 1
| /* end confdefs.h.  */
| 
| int
| main ()
| {
| 
|                     #ifndef _WIN32
|                     #error "Not Win32"
|                     #endif
| 
| 
|   ;
|   return 0;
| }
configure:6801: result: no
configure:6935: checking whether pthreads work without any flags
configure:7023: gcc -o conftest -g -O2   -D_GNU_SOURCE  conftest.c   >&5
/tmp/ccvg7QQo.o: In function `main':
/home/Toni/repos/repo-epp/libs/snmp++-3.3.11/conftest.c:28: undefined reference to `pthread_join'
/home/Toni/repos/repo-epp/libs/snmp++-3.3.11/conftest.c:29: undefined reference to `__pthread_register_cancel'
/home/Toni/repos/repo-epp/libs/snmp++-3.3.11/conftest.c:30: undefined reference to `pthread_create'
/home/Toni/repos/repo-epp/libs/snmp++-3.3.11/conftest.c:30: undefined reference to `__pthread_unregister_cancel'
collect2: error: ld returned 1 exit status
configure:7023: $? = 1
configure: failed program was:
| /* confdefs.h */
| #define PACKAGE_NAME "snmp++"
| #define PACKAGE_TARNAME "snmp++"
| #define PACKAGE_VERSION "3.3.11"
| #define PACKAGE_STRING "snmp++ 3.3.11"
| #define PACKAGE_BUGREPORT "support@agentpp.com"
| #define PACKAGE_URL ""
| #define PACKAGE "snmp++"
| #define VERSION "3.3.11"
| #define OS_TYPE "linux-gnu"
| #define STDC_HEADERS 1
| #define HAVE_SYS_TYPES_H 1
| #define HAVE_SYS_STAT_H 1
| #define HAVE_STDLIB_H 1
| #define HAVE_STRING_H 1
| #define HAVE_MEMORY_H 1
| #define HAVE_STRINGS_H 1
| #define HAVE_INTTYPES_H 1
| #define HAVE_STDINT_H 1
| #define HAVE_UNISTD_H 1
| #define HAVE_XOPEN_SOURCE 
| #define DEBUG 1
| /* end confdefs.h.  */
| #include <pthread.h>
| int
| main ()
| {
| pthread_t th; pthread_join(th, 0);
|                      pthread_attr_init(0); pthread_cleanup_push(0, 0);
|                      pthread_create(0,0,0,0); pthread_cleanup_pop(0);
|   ;
|   return 0;
| }
configure:7032: result: no
configure:6940: checking whether pthreads work with -Kthread
configure:7023: gcc -o conftest -g -O2 -Kthread  -D_GNU_SOURCE  conftest.c   >&5
gcc: error: unrecognized command line option '-Kthread'; did you mean '-pthread'?
configure:7023: $? = 1
configure: failed program was:
| /* confdefs.h */
| #define PACKAGE_NAME "snmp++"
| #define PACKAGE_TARNAME "snmp++"
| #define PACKAGE_VERSION "3.3.11"
| #define PACKAGE_STRING "snmp++ 3.3.11"
| #define PACKAGE_BUGREPORT "support@agentpp.com"
| #define PACKAGE_URL ""
| #define PACKAGE "snmp++"
| #define VERSION "3.3.11"
| #define OS_TYPE "linux-gnu"
| #define STDC_HEADERS 1
| #define HAVE_SYS_TYPES_H 1
| #define HAVE_SYS_STAT_H 1
| #define HAVE_STDLIB_H 1
| #define HAVE_STRING_H 1
| #define HAVE_MEMORY_H 1
| #define HAVE_STRINGS_H 1
| #define HAVE_INTTYPES_H 1
| #define HAVE_STDINT_H 1
| #define HAVE_UNISTD_H 1
| #define HAVE_XOPEN_SOURCE 
| #define DEBUG 1
| /* end confdefs.h.  */
| #include <pthread.h>
| int
| main ()
| {
| pthread_t th; pthread_join(th, 0);
|                      pthread_attr_init(0); pthread_cleanup_push(0, 0);
|                      pthread_create(0,0,0,0); pthread_cleanup_pop(0);
|   ;
|   return 0;
| }
configure:7032: result: no
configure:6940: checking whether pthreads work with -kthread
configure:7023: gcc -o conftest -g -O2 -kthread  -D_GNU_SOURCE  conftest.c   >&5
gcc: error: unrecognized command line option '-kthread'; did you mean '-pthread'?
configure:7023: $? = 1
configure: failed program was:
| /* confdefs.h */
| #define PACKAGE_NAME "snmp++"
| #define PACKAGE_TARNAME "snmp++"
| #define PACKAGE_VERSION "3.3.11"
| #define PACKAGE_STRING "snmp++ 3.3.11"
| #define PACKAGE_BUGREPORT "support@agentpp.com"
| #define PACKAGE_URL ""
| #define PACKAGE "snmp++"
| #define VERSION "3.3.11"
| #define OS_TYPE "linux-gnu"
| #define STDC_HEADERS 1
| #define HAVE_SYS_TYPES_H 1
| #define HAVE_SYS_STAT_H 1
| #define HAVE_STDLIB_H 1
| #define HAVE_STRING_H 1
| #define HAVE_MEMORY_H 1
| #define HAVE_STRINGS_H 1
| #define HAVE_INTTYPES_H 1
| #define HAVE_STDINT_H 1
| #define HAVE_UNISTD_H 1
| #define HAVE_XOPEN_SOURCE 
| #define DEBUG 1
| /* end confdefs.h.  */
| #include <pthread.h>
| int
| main ()
| {
| pthread_t th; pthread_join(th, 0);
|                      pthread_attr_init(0); pthread_cleanup_push(0, 0);
|                      pthread_create(0,0,0,0); pthread_cleanup_pop(0);
|   ;
|   return 0;
| }
configure:7032: result: no
configure:6990: checking for the pthreads library -llthread
configure:7023: gcc -o conftest -g -O2   -D_GNU_SOURCE  conftest.c -llthread  >&5
/usr/bin/ld: cannot find -llthread
collect2: error: ld returned 1 exit status
configure:7023: $? = 1
configure: failed program was:
| /* confdefs.h */
| #define PACKAGE_NAME "snmp++"
| #define PACKAGE_TARNAME "snmp++"
| #define PACKAGE_VERSION "3.3.11"
| #define PACKAGE_STRING "snmp++ 3.3.11"
| #define PACKAGE_BUGREPORT "support@agentpp.com"
| #define PACKAGE_URL ""
| #define PACKAGE "snmp++"
| #define VERSION "3.3.11"
| #define OS_TYPE "linux-gnu"
| #define STDC_HEADERS 1
| #define HAVE_SYS_TYPES_H 1
| #define HAVE_SYS_STAT_H 1
| #define HAVE_STDLIB_H 1
| #define HAVE_STRING_H 1
| #define HAVE_MEMORY_H 1
| #define HAVE_STRINGS_H 1
| #define HAVE_INTTYPES_H 1
| #define HAVE_STDINT_H 1
| #define HAVE_UNISTD_H 1
| #define HAVE_XOPEN_SOURCE 
| #define DEBUG 1
| /* end confdefs.h.  */
| #include <pthread.h>
| int
| main ()
| {
| pthread_t th; pthread_join(th, 0);
|                      pthread_attr_init(0); pthread_cleanup_push(0, 0);
|                      pthread_create(0,0,0,0); pthread_cleanup_pop(0);
|   ;
|   return 0;
| }
configure:7032: result: no
configure:6940: checking whether pthreads work with -pthread
configure:7023: gcc -o conftest -g -O2 -pthread  -D_GNU_SOURCE  conftest.c   >&5
configure:7023: $? = 0
configure:7032: result: yes
configure:7051: checking for joinable pthread attribute
configure:7066: gcc -o conftest -g -O2 -pthread  -D_GNU_SOURCE  conftest.c   >&5
configure:7066: $? = 0
configure:7072: result: PTHREAD_CREATE_JOINABLE
configure:7082: checking if more special flags are required for pthreads
configure:7089: result: no
configure:7252: checking for ANSI C header files
configure:7356: result: yes
configure:7367: checking arpa/inet.h usability
configure:7367: gcc -c -g -O2 -pthread  -D_GNU_SOURCE conftest.c >&5
configure:7367: $? = 0
configure:7367: result: yes
configure:7367: checking arpa/inet.h presence
configure:7367: gcc -E  -D_GNU_SOURCE conftest.c
configure:7367: $? = 0
configure:7367: result: yes
configure:7367: checking for arpa/inet.h
configure:7367: result: yes
configure:7367: checking ctype.h usability
configure:7367: gcc -c -g -O2 -pthread  -D_GNU_SOURCE conftest.c >&5
configure:7367: $? = 0
configure:7367: result: yes
configure:7367: checking ctype.h presence
configure:7367: gcc -E  -D_GNU_SOURCE conftest.c
configure:7367: $? = 0
configure:7367: result: yes
configure:7367: checking for ctype.h
configure:7367: result: yes
configure:7367: checking errno.h usability
configure:7367: gcc -c -g -O2 -pthread  -D_GNU_SOURCE conftest.c >&5
configure:7367: $? = 0
configure:7367: result: yes
configure:7367: checking errno.h presence
configure:7367: gcc -E  -D_GNU_SOURCE conftest.c
configure:7367: $? = 0
configure:7367: result: yes
configure:7367: checking for errno.h
configure:7367: result: yes
configure:7367: checking float.h usability
configure:7367: gcc -c -g -O2 -pthread  -D_GNU_SOURCE conftest.c >&5
configure:7367: $? = 0
configure:7367: result: yes
configure:7367: checking float.h presence
configure:7367: gcc -E  -D_GNU_SOURCE conftest.c
configure:7367: $? = 0
configure:7367: result: yes
configure:7367: checking for float.h
configure:7367: result: yes
configure:7367: checking for inttypes.h
configure:7367: result: yes
configure:7367: checking limits.h usability
configure:7367: gcc -c -g -O2 -pthread  -D_GNU_SOURCE conftest.c >&5
configure:7367: $? = 0
configure:7367: result: yes
configure:7367: checking limits.h presence
configure:7367: gcc -E  -D_GNU_SOURCE conftest.c
configure:7367: $? = 0
configure:7367: result: yes
configure:7367: checking for limits.h
configure:7367: result: yes
configure:7367: checking for memory.h
configure:7367: result: yes
configure:7367: checking netdb.h usability
configure:7367: gcc -c -g -O2 -pthread  -D_GNU_SOURCE conftest.c >&5
configure:7367: $? = 0
configure:7367: result: yes
configure:7367: checking netdb.h presence
configure:7367: gcc -E  -D_GNU_SOURCE conftest.c
configure:7367: $? = 0
configure:7367: result: yes
configure:7367: checking for netdb.h
configure:7367: result: yes
configure:7367: checking netinet/in.h usability
configure:7367: gcc -c -g -O2 -pthread  -D_GNU_SOURCE conftest.c >&5
configure:7367: $? = 0
configure:7367: result: yes
configure:7367: checking netinet/in.h presence
configure:7367: gcc -E  -D_GNU_SOURCE conftest.c
configure:7367: $? = 0
configure:7367: result: yes
configure:7367: checking for netinet/in.h
configure:7367: result: yes
configure:7367: checking poll.h usability
configure:7367: gcc -c -g -O2 -pthread  -D_GNU_SOURCE conftest.c >&5
configure:7367: $? = 0
configure:7367: result: yes
configure:7367: checking poll.h presence
configure:7367: gcc -E  -D_GNU_SOURCE conftest.c
configure:7367: $? = 0
configure:7367: result: yes
configure:7367: checking for poll.h
configure:7367: result: yes
configure:7367: checking signal.h usability
configure:7367: gcc -c -g -O2 -pthread  -D_GNU_SOURCE conftest.c >&5
configure:7367: $? = 0
configure:7367: result: yes
configure:7367: checking signal.h presence
configure:7367: gcc -E  -D_GNU_SOURCE conftest.c
configure:7367: $? = 0
configure:7367: result: yes
configure:7367: checking for signal.h
configure:7367: result: yes
configure:7367: checking stdio.h usability
configure:7367: gcc -c -g -O2 -pthread  -D_GNU_SOURCE conftest.c >&5
configure:7367: $? = 0
configure:7367: result: yes
configure:7367: checking stdio.h presence
configure:7367: gcc -E  -D_GNU_SOURCE conftest.c
configure:7367: $? = 0
configure:7367: result: yes
configure:7367: checking for stdio.h
configure:7367: result: yes
configure:7367: checking for stdlib.h
configure:7367: result: yes
configure:7367: checking for string.h
configure:7367: result: yes
configure:7367: checking for strings.h
configure:7367: result: yes
configure:7367: checking sys/param.h usability
configure:7367: gcc -c -g -O2 -pthread  -D_GNU_SOURCE conftest.c >&5
configure:7367: $? = 0
configure:7367: result: yes
configure:7367: checking sys/param.h presence
configure:7367: gcc -E  -D_GNU_SOURCE conftest.c
configure:7367: $? = 0
configure:7367: result: yes
configure:7367: checking for sys/param.h
configure:7367: result: yes
configure:7367: checking sys/select.h usability
configure:7367: gcc -c -g -O2 -pthread  -D_GNU_SOURCE conftest.c >&5
configure:7367: $? = 0
configure:7367: result: yes
configure:7367: checking sys/select.h presence
configure:7367: gcc -E  -D_GNU_SOURCE conftest.c
configure:7367: $? = 0
configure:7367: result: yes
configure:7367: checking for sys/select.h
configure:7367: result: yes
configure:7367: checking sys/socket.h usability
configure:7367: gcc -c -g -O2 -pthread  -D_GNU_SOURCE conftest.c >&5
configure:7367: $? = 0
configure:7367: result: yes
configure:7367: checking sys/socket.h presence
configure:7367: gcc -E  -D_GNU_SOURCE conftest.c
configure:7367: $? = 0
configure:7367: result: yes
configure:7367: checking for sys/socket.h
configure:7367: result: yes
configure:7367: checking sys/time.h usability
configure:7367: gcc -c -g -O2 -pthread  -D_GNU_SOURCE conftest.c >&5
configure:7367: $? = 0
configure:7367: result: yes
configure:7367: checking sys/time.h presence
configure:7367: gcc -E  -D_GNU_SOURCE conftest.c
configure:7367: $? = 0
configure:7367: result: yes
configure:7367: checking for sys/time.h
configure:7367: result: yes
configure:7367: checking sys/timeb.h usability
configure:7367: gcc -c -g -O2 -pthread  -D_GNU_SOURCE conftest.c >&5
configure:7367: $? = 0
configure:7367: result: yes
configure:7367: checking sys/timeb.h presence
configure:7367: gcc -E  -D_GNU_SOURCE conftest.c
configure:7367: $? = 0
configure:7367: result: yes
configure:7367: checking for sys/timeb.h
configure:7367: result: yes
configure:7367: checking for sys/types.h
configure:7367: result: yes
configure:7367: checking sys/unistd.h usability
configure:7367: gcc -c -g -O2 -pthread  -D_GNU_SOURCE conftest.c >&5
configure:7367: $? = 0
configure:7367: result: yes
configure:7367: checking sys/unistd.h presence
configure:7367: gcc -E  -D_GNU_SOURCE conftest.c
configure:7367: $? = 0
configure:7367: result: yes
configure:7367: checking for sys/unistd.h
configure:7367: result: yes
configure:7367: checking time.h usability
configure:7367: gcc -c -g -O2 -pthread  -D_GNU_SOURCE conftest.c >&5
configure:7367: $? = 0
configure:7367: result: yes
configure:7367: checking time.h presence
configure:7367: gcc -E  -D_GNU_SOURCE conftest.c
configure:7367: $? = 0
configure:7367: result: yes
configure:7367: checking for time.h
configure:7367: result: yes
configure:7367: checking for unistd.h
configure:7367: result: yes
configure:7501: checking for library containing gethostent
configure:7532: gcc -o conftest -g -O2 -pthread  -D_GNU_SOURCE  conftest.c  >&5
configure:7532: $? = 0
configure:7549: result: none required
configure:7557: checking for library containing setsockopt
configure:7588: gcc -o conftest -g -O2 -pthread  -D_GNU_SOURCE  conftest.c  >&5
configure:7588: $? = 0
configure:7605: result: none required
configure:7613: checking for library containing connect
configure:7644: gcc -o conftest -g -O2 -pthread  -D_GNU_SOURCE  conftest.c  >&5
configure:7644: $? = 0
configure:7661: result: none required
configure:7670: checking for library containing clock_gettime
configure:7701: gcc -o conftest -g -O2 -pthread  -D_GNU_SOURCE  conftest.c  >&5
configure:7701: $? = 0
configure:7718: result: none required
configure:7735: checking whether compiling for native Win32
configure:7765: result: no
configure:7904: checking for stdbool.h that conforms to C99
configure:7971: gcc -c -g -O2 -pthread  -D_GNU_SOURCE conftest.c >&5
configure:7971: $? = 0
configure:7978: result: yes
configure:7980: checking for _Bool
configure:7980: gcc -c -g -O2 -pthread  -D_GNU_SOURCE conftest.c >&5
configure:7980: $? = 0
configure:7980: gcc -c -g -O2 -pthread  -D_GNU_SOURCE conftest.c >&5
conftest.c: In function 'main':
conftest.c:87:20: error: expected expression before ')' token
 if (sizeof ((_Bool)))
                    ^
configure:7980: $? = 1
configure: failed program was:
| /* confdefs.h */
| #define PACKAGE_NAME "snmp++"
| #define PACKAGE_TARNAME "snmp++"
| #define PACKAGE_VERSION "3.3.11"
| #define PACKAGE_STRING "snmp++ 3.3.11"
| #define PACKAGE_BUGREPORT "support@agentpp.com"
| #define PACKAGE_URL ""
| #define PACKAGE "snmp++"
| #define VERSION "3.3.11"
| #define OS_TYPE "linux-gnu"
| #define STDC_HEADERS 1
| #define HAVE_SYS_TYPES_H 1
| #define HAVE_SYS_STAT_H 1
| #define HAVE_STDLIB_H 1
| #define HAVE_STRING_H 1
| #define HAVE_MEMORY_H 1
| #define HAVE_STRINGS_H 1
| #define HAVE_INTTYPES_H 1
| #define HAVE_STDINT_H 1
| #define HAVE_UNISTD_H 1
| #define HAVE_XOPEN_SOURCE 
| #define DEBUG 1
| #define ENABLE_THREADS 1
| #define HAVE_PTHREAD 1
| #define STDC_HEADERS 1
| #define HAVE_ARPA_INET_H 1
| #define HAVE_CTYPE_H 1
| #define HAVE_ERRNO_H 1
| #define HAVE_FLOAT_H 1
| #define HAVE_INTTYPES_H 1
| #define HAVE_LIMITS_H 1
| #define HAVE_MEMORY_H 1
| #define HAVE_NETDB_H 1
| #define HAVE_NETINET_IN_H 1
| #define HAVE_POLL_H 1
| #define HAVE_SIGNAL_H 1
| #define HAVE_STDIO_H 1
| #define HAVE_STDLIB_H 1
| #define HAVE_STRING_H 1
| #define HAVE_STRINGS_H 1
| #define HAVE_SYS_PARAM_H 1
| #define HAVE_SYS_SELECT_H 1
| #define HAVE_SYS_SOCKET_H 1
| #define HAVE_SYS_TIME_H 1
| #define HAVE_SYS_TIMEB_H 1
| #define HAVE_SYS_TYPES_H 1
| #define HAVE_SYS_UNISTD_H 1
| #define HAVE_TIME_H 1
| #define HAVE_UNISTD_H 1
| /* end confdefs.h.  */
| #include <stdio.h>
| #ifdef HAVE_SYS_TYPES_H
| # include <sys/types.h>
| #endif
| #ifdef HAVE_SYS_STAT_H
| # include <sys/stat.h>
| #endif
| #ifdef STDC_HEADERS
| # include <stdlib.h>
| # include <stddef.h>
| #else
| # ifdef HAVE_STDLIB_H
| #  include <stdlib.h>
| # endif
| #endif
| #ifdef HAVE_STRING_H
| # if !defined STDC_HEADERS && defined HAVE_MEMORY_H
| #  include <memory.h>
| # endif
| # include <string.h>
| #endif
| #ifdef HAVE_STRINGS_H
| # include <strings.h>
| #endif
| #ifdef HAVE_INTTYPES_H
| # include <inttypes.h>
| #endif
| #ifdef HAVE_STDINT_H
| # include <stdint.h>
| #endif
| #ifdef HAVE_UNISTD_H
| # include <unistd.h>
| #endif
| int
| main ()
| {
| if (sizeof ((_Bool)))
| 	    return 0;
|   ;
|   return 0;
| }
configure:7980: result: yes
configure:7997: checking for inline
configure:8013: gcc -c -g -O2 -pthread  -D_GNU_SOURCE conftest.c >&5
configure:8013: $? = 0
configure:8021: result: inline
configure:8039: checking for int8_t
configure:8039: gcc -c -g -O2 -pthread  -D_GNU_SOURCE conftest.c >&5
configure:8039: $? = 0
configure:8039: gcc -c -g -O2 -pthread  -D_GNU_SOURCE conftest.c >&5
conftest.c: In function 'main':
conftest.c:90:12: error: size of array 'test_array' is negative
 static int test_array [1 - 2 * !((int8_t) (((((int8_t) 1 << N) << N) - 1) * 2 + 1)
            ^~~~~~~~~~
configure:8039: $? = 1
configure: failed program was:
| /* confdefs.h */
| #define PACKAGE_NAME "snmp++"
| #define PACKAGE_TARNAME "snmp++"
| #define PACKAGE_VERSION "3.3.11"
| #define PACKAGE_STRING "snmp++ 3.3.11"
| #define PACKAGE_BUGREPORT "support@agentpp.com"
| #define PACKAGE_URL ""
| #define PACKAGE "snmp++"
| #define VERSION "3.3.11"
| #define OS_TYPE "linux-gnu"
| #define STDC_HEADERS 1
| #define HAVE_SYS_TYPES_H 1
| #define HAVE_SYS_STAT_H 1
| #define HAVE_STDLIB_H 1
| #define HAVE_STRING_H 1
| #define HAVE_MEMORY_H 1
| #define HAVE_STRINGS_H 1
| #define HAVE_INTTYPES_H 1
| #define HAVE_STDINT_H 1
| #define HAVE_UNISTD_H 1
| #define HAVE_XOPEN_SOURCE 
| #define DEBUG 1
| #define ENABLE_THREADS 1
| #define HAVE_PTHREAD 1
| #define STDC_HEADERS 1
| #define HAVE_ARPA_INET_H 1
| #define HAVE_CTYPE_H 1
| #define HAVE_ERRNO_H 1
| #define HAVE_FLOAT_H 1
| #define HAVE_INTTYPES_H 1
| #define HAVE_LIMITS_H 1
| #define HAVE_MEMORY_H 1
| #define HAVE_NETDB_H 1
| #define HAVE_NETINET_IN_H 1
| #define HAVE_POLL_H 1
| #define HAVE_SIGNAL_H 1
| #define HAVE_STDIO_H 1
| #define HAVE_STDLIB_H 1
| #define HAVE_STRING_H 1
| #define HAVE_STRINGS_H 1
| #define HAVE_SYS_PARAM_H 1
| #define HAVE_SYS_SELECT_H 1
| #define HAVE_SYS_SOCKET_H 1
| #define HAVE_SYS_TIME_H 1
| #define HAVE_SYS_TIMEB_H 1
| #define HAVE_SYS_TYPES_H 1
| #define HAVE_SYS_UNISTD_H 1
| #define HAVE_TIME_H 1
| #define HAVE_UNISTD_H 1
| #define HAVE__BOOL 1
| #define HAVE_STDBOOL_H 1
| /* end confdefs.h.  */
| #include <stdio.h>
| #ifdef HAVE_SYS_TYPES_H
| # include <sys/types.h>
| #endif
| #ifdef HAVE_SYS_STAT_H
| # include <sys/stat.h>
| #endif
| #ifdef STDC_HEADERS
| # include <stdlib.h>
| # include <stddef.h>
| #else
| # ifdef HAVE_STDLIB_H
| #  include <stdlib.h>
| # endif
| #endif
| #ifdef HAVE_STRING_H
| # if !defined STDC_HEADERS && defined HAVE_MEMORY_H
| #  include <memory.h>
| # endif
| # include <string.h>
| #endif
| #ifdef HAVE_STRINGS_H
| # include <strings.h>
| #endif
| #ifdef HAVE_INTTYPES_H
| # include <inttypes.h>
| #endif
| #ifdef HAVE_STDINT_H
| # include <stdint.h>
| #endif
| #ifdef HAVE_UNISTD_H
| # include <unistd.h>
| #endif
| 	        enum { N = 8 / 2 - 1 };
| int
| main ()
| {
| static int test_array [1 - 2 * !((int8_t) (((((int8_t) 1 << N) << N) - 1) * 2 + 1)
| 		 < (int8_t) (((((int8_t) 1 << N) << N) - 1) * 2 + 2))];
| test_array [0] = 0;
| return test_array [0];
| 
|   ;
|   return 0;
| }
configure:8039: result: yes
configure:8050: checking for int16_t
configure:8050: gcc -c -g -O2 -pthread  -D_GNU_SOURCE conftest.c >&5
configure:8050: $? = 0
configure:8050: gcc -c -g -O2 -pthread  -D_GNU_SOURCE conftest.c >&5
conftest.c: In function 'main':
conftest.c:90:12: error: size of array 'test_array' is negative
 static int test_array [1 - 2 * !((int16_t) (((((int16_t) 1 << N) << N) - 1) * 2 + 1)
            ^~~~~~~~~~
configure:8050: $? = 1
configure: failed program was:
| /* confdefs.h */
| #define PACKAGE_NAME "snmp++"
| #define PACKAGE_TARNAME "snmp++"
| #define PACKAGE_VERSION "3.3.11"
| #define PACKAGE_STRING "snmp++ 3.3.11"
| #define PACKAGE_BUGREPORT "support@agentpp.com"
| #define PACKAGE_URL ""
| #define PACKAGE "snmp++"
| #define VERSION "3.3.11"
| #define OS_TYPE "linux-gnu"
| #define STDC_HEADERS 1
| #define HAVE_SYS_TYPES_H 1
| #define HAVE_SYS_STAT_H 1
| #define HAVE_STDLIB_H 1
| #define HAVE_STRING_H 1
| #define HAVE_MEMORY_H 1
| #define HAVE_STRINGS_H 1
| #define HAVE_INTTYPES_H 1
| #define HAVE_STDINT_H 1
| #define HAVE_UNISTD_H 1
| #define HAVE_XOPEN_SOURCE 
| #define DEBUG 1
| #define ENABLE_THREADS 1
| #define HAVE_PTHREAD 1
| #define STDC_HEADERS 1
| #define HAVE_ARPA_INET_H 1
| #define HAVE_CTYPE_H 1
| #define HAVE_ERRNO_H 1
| #define HAVE_FLOAT_H 1
| #define HAVE_INTTYPES_H 1
| #define HAVE_LIMITS_H 1
| #define HAVE_MEMORY_H 1
| #define HAVE_NETDB_H 1
| #define HAVE_NETINET_IN_H 1
| #define HAVE_POLL_H 1
| #define HAVE_SIGNAL_H 1
| #define HAVE_STDIO_H 1
| #define HAVE_STDLIB_H 1
| #define HAVE_STRING_H 1
| #define HAVE_STRINGS_H 1
| #define HAVE_SYS_PARAM_H 1
| #define HAVE_SYS_SELECT_H 1
| #define HAVE_SYS_SOCKET_H 1
| #define HAVE_SYS_TIME_H 1
| #define HAVE_SYS_TIMEB_H 1
| #define HAVE_SYS_TYPES_H 1
| #define HAVE_SYS_UNISTD_H 1
| #define HAVE_TIME_H 1
| #define HAVE_UNISTD_H 1
| #define HAVE__BOOL 1
| #define HAVE_STDBOOL_H 1
| /* end confdefs.h.  */
| #include <stdio.h>
| #ifdef HAVE_SYS_TYPES_H
| # include <sys/types.h>
| #endif
| #ifdef HAVE_SYS_STAT_H
| # include <sys/stat.h>
| #endif
| #ifdef STDC_HEADERS
| # include <stdlib.h>
| # include <stddef.h>
| #else
| # ifdef HAVE_STDLIB_H
| #  include <stdlib.h>
| # endif
| #endif
| #ifdef HAVE_STRING_H
| # if !defined STDC_HEADERS && defined HAVE_MEMORY_H
| #  include <memory.h>
| # endif
| # include <string.h>
| #endif
| #ifdef HAVE_STRINGS_H
| # include <strings.h>
| #endif
| #ifdef HAVE_INTTYPES_H
| # include <inttypes.h>
| #endif
| #ifdef HAVE_STDINT_H
| # include <stdint.h>
| #endif
| #ifdef HAVE_UNISTD_H
| # include <unistd.h>
| #endif
| 	        enum { N = 16 / 2 - 1 };
| int
| main ()
| {
| static int test_array [1 - 2 * !((int16_t) (((((int16_t) 1 << N) << N) - 1) * 2 + 1)
| 		 < (int16_t) (((((int16_t) 1 << N) << N) - 1) * 2 + 2))];
| test_array [0] = 0;
| return test_array [0];
| 
|   ;
|   return 0;
| }
configure:8050: result: yes
configure:8061: checking for int32_t
configure:8061: gcc -c -g -O2 -pthread  -D_GNU_SOURCE conftest.c >&5
configure:8061: $? = 0
configure:8061: gcc -c -g -O2 -pthread  -D_GNU_SOURCE conftest.c >&5
conftest.c: In function 'main':
conftest.c:91:53: warning: integer overflow in expression of type 'int' results in '-2147483648' [-Woverflow]
    < (int32_t) (((((int32_t) 1 << N) << N) - 1) * 2 + 2))];
                                                     ^
conftest.c:90:12: error: storage size of 'test_array' isn't constant
 static int test_array [1 - 2 * !((int32_t) (((((int32_t) 1 << N) << N) - 1) * 2 + 1)
            ^~~~~~~~~~
configure:8061: $? = 1
configure: failed program was:
| /* confdefs.h */
| #define PACKAGE_NAME "snmp++"
| #define PACKAGE_TARNAME "snmp++"
| #define PACKAGE_VERSION "3.3.11"
| #define PACKAGE_STRING "snmp++ 3.3.11"
| #define PACKAGE_BUGREPORT "support@agentpp.com"
| #define PACKAGE_URL ""
| #define PACKAGE "snmp++"
| #define VERSION "3.3.11"
| #define OS_TYPE "linux-gnu"
| #define STDC_HEADERS 1
| #define HAVE_SYS_TYPES_H 1
| #define HAVE_SYS_STAT_H 1
| #define HAVE_STDLIB_H 1
| #define HAVE_STRING_H 1
| #define HAVE_MEMORY_H 1
| #define HAVE_STRINGS_H 1
| #define HAVE_INTTYPES_H 1
| #define HAVE_STDINT_H 1
| #define HAVE_UNISTD_H 1
| #define HAVE_XOPEN_SOURCE 
| #define DEBUG 1
| #define ENABLE_THREADS 1
| #define HAVE_PTHREAD 1
| #define STDC_HEADERS 1
| #define HAVE_ARPA_INET_H 1
| #define HAVE_CTYPE_H 1
| #define HAVE_ERRNO_H 1
| #define HAVE_FLOAT_H 1
| #define HAVE_INTTYPES_H 1
| #define HAVE_LIMITS_H 1
| #define HAVE_MEMORY_H 1
| #define HAVE_NETDB_H 1
| #define HAVE_NETINET_IN_H 1
| #define HAVE_POLL_H 1
| #define HAVE_SIGNAL_H 1
| #define HAVE_STDIO_H 1
| #define HAVE_STDLIB_H 1
| #define HAVE_STRING_H 1
| #define HAVE_STRINGS_H 1
| #define HAVE_SYS_PARAM_H 1
| #define HAVE_SYS_SELECT_H 1
| #define HAVE_SYS_SOCKET_H 1
| #define HAVE_SYS_TIME_H 1
| #define HAVE_SYS_TIMEB_H 1
| #define HAVE_SYS_TYPES_H 1
| #define HAVE_SYS_UNISTD_H 1
| #define HAVE_TIME_H 1
| #define HAVE_UNISTD_H 1
| #define HAVE__BOOL 1
| #define HAVE_STDBOOL_H 1
| /* end confdefs.h.  */
| #include <stdio.h>
| #ifdef HAVE_SYS_TYPES_H
| # include <sys/types.h>
| #endif
| #ifdef HAVE_SYS_STAT_H
| # include <sys/stat.h>
| #endif
| #ifdef STDC_HEADERS
| # include <stdlib.h>
| # include <stddef.h>
| #else
| # ifdef HAVE_STDLIB_H
| #  include <stdlib.h>
| # endif
| #endif
| #ifdef HAVE_STRING_H
| # if !defined STDC_HEADERS && defined HAVE_MEMORY_H
| #  include <memory.h>
| # endif
| # include <string.h>
| #endif
| #ifdef HAVE_STRINGS_H
| # include <strings.h>
| #endif
| #ifdef HAVE_INTTYPES_H
| # include <inttypes.h>
| #endif
| #ifdef HAVE_STDINT_H
| # include <stdint.h>
| #endif
| #ifdef HAVE_UNISTD_H
| # include <unistd.h>
| #endif
| 	        enum { N = 32 / 2 - 1 };
| int
| main ()
| {
| static int test_array [1 - 2 * !((int32_t) (((((int32_t) 1 << N) << N) - 1) * 2 + 1)
| 		 < (int32_t) (((((int32_t) 1 << N) << N) - 1) * 2 + 2))];
| test_array [0] = 0;
| return test_array [0];
| 
|   ;
|   return 0;
| }
configure:8061: result: yes
configure:8072: checking for int64_t
configure:8072: gcc -c -g -O2 -pthread  -D_GNU_SOURCE conftest.c >&5
configure:8072: $? = 0
configure:8072: gcc -c -g -O2 -pthread  -D_GNU_SOURCE conftest.c >&5
conftest.c: In function 'main':
conftest.c:91:53: warning: integer overflow in expression of type 'long int' results in '-9223372036854775808' [-Woverflow]
    < (int64_t) (((((int64_t) 1 << N) << N) - 1) * 2 + 2))];
                                                     ^
conftest.c:90:12: error: storage size of 'test_array' isn't constant
 static int test_array [1 - 2 * !((int64_t) (((((int64_t) 1 << N) << N) - 1) * 2 + 1)
            ^~~~~~~~~~
configure:8072: $? = 1
configure: failed program was:
| /* confdefs.h */
| #define PACKAGE_NAME "snmp++"
| #define PACKAGE_TARNAME "snmp++"
| #define PACKAGE_VERSION "3.3.11"
| #define PACKAGE_STRING "snmp++ 3.3.11"
| #define PACKAGE_BUGREPORT "support@agentpp.com"
| #define PACKAGE_URL ""
| #define PACKAGE "snmp++"
| #define VERSION "3.3.11"
| #define OS_TYPE "linux-gnu"
| #define STDC_HEADERS 1
| #define HAVE_SYS_TYPES_H 1
| #define HAVE_SYS_STAT_H 1
| #define HAVE_STDLIB_H 1
| #define HAVE_STRING_H 1
| #define HAVE_MEMORY_H 1
| #define HAVE_STRINGS_H 1
| #define HAVE_INTTYPES_H 1
| #define HAVE_STDINT_H 1
| #define HAVE_UNISTD_H 1
| #define HAVE_XOPEN_SOURCE 
| #define DEBUG 1
| #define ENABLE_THREADS 1
| #define HAVE_PTHREAD 1
| #define STDC_HEADERS 1
| #define HAVE_ARPA_INET_H 1
| #define HAVE_CTYPE_H 1
| #define HAVE_ERRNO_H 1
| #define HAVE_FLOAT_H 1
| #define HAVE_INTTYPES_H 1
| #define HAVE_LIMITS_H 1
| #define HAVE_MEMORY_H 1
| #define HAVE_NETDB_H 1
| #define HAVE_NETINET_IN_H 1
| #define HAVE_POLL_H 1
| #define HAVE_SIGNAL_H 1
| #define HAVE_STDIO_H 1
| #define HAVE_STDLIB_H 1
| #define HAVE_STRING_H 1
| #define HAVE_STRINGS_H 1
| #define HAVE_SYS_PARAM_H 1
| #define HAVE_SYS_SELECT_H 1
| #define HAVE_SYS_SOCKET_H 1
| #define HAVE_SYS_TIME_H 1
| #define HAVE_SYS_TIMEB_H 1
| #define HAVE_SYS_TYPES_H 1
| #define HAVE_SYS_UNISTD_H 1
| #define HAVE_TIME_H 1
| #define HAVE_UNISTD_H 1
| #define HAVE__BOOL 1
| #define HAVE_STDBOOL_H 1
| /* end confdefs.h.  */
| #include <stdio.h>
| #ifdef HAVE_SYS_TYPES_H
| # include <sys/types.h>
| #endif
| #ifdef HAVE_SYS_STAT_H
| # include <sys/stat.h>
| #endif
| #ifdef STDC_HEADERS
| # include <stdlib.h>
| # include <stddef.h>
| #else
| # ifdef HAVE_STDLIB_H
| #  include <stdlib.h>
| # endif
| #endif
| #ifdef HAVE_STRING_H
| # if !defined STDC_HEADERS && defined HAVE_MEMORY_H
| #  include <memory.h>
| # endif
| # include <string.h>
| #endif
| #ifdef HAVE_STRINGS_H
| # include <strings.h>
| #endif
| #ifdef HAVE_INTTYPES_H
| # include <inttypes.h>
| #endif
| #ifdef HAVE_STDINT_H
| # include <stdint.h>
| #endif
| #ifdef HAVE_UNISTD_H
| # include <unistd.h>
| #endif
| 	        enum { N = 64 / 2 - 1 };
| int
| main ()
| {
| static int test_array [1 - 2 * !((int64_t) (((((int64_t) 1 << N) << N) - 1) * 2 + 1)
| 		 < (int64_t) (((((int64_t) 1 << N) << N) - 1) * 2 + 2))];
| test_array [0] = 0;
| return test_array [0];
| 
|   ;
|   return 0;
| }
configure:8072: result: yes
configure:8083: checking for uint8_t
configure:8083: gcc -c -g -O2 -pthread  -D_GNU_SOURCE conftest.c >&5
configure:8083: $? = 0
configure:8083: result: yes
configure:8097: checking for uint16_t
configure:8097: gcc -c -g -O2 -pthread  -D_GNU_SOURCE conftest.c >&5
configure:8097: $? = 0
configure:8097: result: yes
configure:8109: checking for uint32_t
configure:8109: gcc -c -g -O2 -pthread  -D_GNU_SOURCE conftest.c >&5
configure:8109: $? = 0
configure:8109: result: yes
configure:8123: checking for uint64_t
configure:8123: gcc -c -g -O2 -pthread  -D_GNU_SOURCE conftest.c >&5
configure:8123: $? = 0
configure:8123: result: yes
configure:8137: checking for size_t
configure:8137: gcc -c -g -O2 -pthread  -D_GNU_SOURCE conftest.c >&5
configure:8137: $? = 0
configure:8137: gcc -c -g -O2 -pthread  -D_GNU_SOURCE conftest.c >&5
conftest.c: In function 'main':
conftest.c:89:21: error: expected expression before ')' token
 if (sizeof ((size_t)))
                     ^
configure:8137: $? = 1
configure: failed program was:
| /* confdefs.h */
| #define PACKAGE_NAME "snmp++"
| #define PACKAGE_TARNAME "snmp++"
| #define PACKAGE_VERSION "3.3.11"
| #define PACKAGE_STRING "snmp++ 3.3.11"
| #define PACKAGE_BUGREPORT "support@agentpp.com"
| #define PACKAGE_URL ""
| #define PACKAGE "snmp++"
| #define VERSION "3.3.11"
| #define OS_TYPE "linux-gnu"
| #define STDC_HEADERS 1
| #define HAVE_SYS_TYPES_H 1
| #define HAVE_SYS_STAT_H 1
| #define HAVE_STDLIB_H 1
| #define HAVE_STRING_H 1
| #define HAVE_MEMORY_H 1
| #define HAVE_STRINGS_H 1
| #define HAVE_INTTYPES_H 1
| #define HAVE_STDINT_H 1
| #define HAVE_UNISTD_H 1
| #define HAVE_XOPEN_SOURCE 
| #define DEBUG 1
| #define ENABLE_THREADS 1
| #define HAVE_PTHREAD 1
| #define STDC_HEADERS 1
| #define HAVE_ARPA_INET_H 1
| #define HAVE_CTYPE_H 1
| #define HAVE_ERRNO_H 1
| #define HAVE_FLOAT_H 1
| #define HAVE_INTTYPES_H 1
| #define HAVE_LIMITS_H 1
| #define HAVE_MEMORY_H 1
| #define HAVE_NETDB_H 1
| #define HAVE_NETINET_IN_H 1
| #define HAVE_POLL_H 1
| #define HAVE_SIGNAL_H 1
| #define HAVE_STDIO_H 1
| #define HAVE_STDLIB_H 1
| #define HAVE_STRING_H 1
| #define HAVE_STRINGS_H 1
| #define HAVE_SYS_PARAM_H 1
| #define HAVE_SYS_SELECT_H 1
| #define HAVE_SYS_SOCKET_H 1
| #define HAVE_SYS_TIME_H 1
| #define HAVE_SYS_TIMEB_H 1
| #define HAVE_SYS_TYPES_H 1
| #define HAVE_SYS_UNISTD_H 1
| #define HAVE_TIME_H 1
| #define HAVE_UNISTD_H 1
| #define HAVE__BOOL 1
| #define HAVE_STDBOOL_H 1
| /* end confdefs.h.  */
| #include <stdio.h>
| #ifdef HAVE_SYS_TYPES_H
| # include <sys/types.h>
| #endif
| #ifdef HAVE_SYS_STAT_H
| # include <sys/stat.h>
| #endif
| #ifdef STDC_HEADERS
| # include <stdlib.h>
| # include <stddef.h>
| #else
| # ifdef HAVE_STDLIB_H
| #  include <stdlib.h>
| # endif
| #endif
| #ifdef HAVE_STRING_H
| # if !defined STDC_HEADERS && defined HAVE_MEMORY_H
| #  include <memory.h>
| # endif
| # include <string.h>
| #endif
| #ifdef HAVE_STRINGS_H
| # include <strings.h>
| #endif
| #ifdef HAVE_INTTYPES_H
| # include <inttypes.h>
| #endif
| #ifdef HAVE_STDINT_H
| # include <stdint.h>
| #endif
| #ifdef HAVE_UNISTD_H
| # include <unistd.h>
| #endif
| int
| main ()
| {
| if (sizeof ((size_t)))
| 	    return 0;
|   ;
|   return 0;
| }
configure:8137: result: yes
configure:8148: checking for ssize_t
configure:8148: gcc -c -g -O2 -pthread  -D_GNU_SOURCE conftest.c >&5
configure:8148: $? = 0
configure:8148: gcc -c -g -O2 -pthread  -D_GNU_SOURCE conftest.c >&5
conftest.c: In function 'main':
conftest.c:89:22: error: expected expression before ')' token
 if (sizeof ((ssize_t)))
                      ^
configure:8148: $? = 1
configure: failed program was:
| /* confdefs.h */
| #define PACKAGE_NAME "snmp++"
| #define PACKAGE_TARNAME "snmp++"
| #define PACKAGE_VERSION "3.3.11"
| #define PACKAGE_STRING "snmp++ 3.3.11"
| #define PACKAGE_BUGREPORT "support@agentpp.com"
| #define PACKAGE_URL ""
| #define PACKAGE "snmp++"
| #define VERSION "3.3.11"
| #define OS_TYPE "linux-gnu"
| #define STDC_HEADERS 1
| #define HAVE_SYS_TYPES_H 1
| #define HAVE_SYS_STAT_H 1
| #define HAVE_STDLIB_H 1
| #define HAVE_STRING_H 1
| #define HAVE_MEMORY_H 1
| #define HAVE_STRINGS_H 1
| #define HAVE_INTTYPES_H 1
| #define HAVE_STDINT_H 1
| #define HAVE_UNISTD_H 1
| #define HAVE_XOPEN_SOURCE 
| #define DEBUG 1
| #define ENABLE_THREADS 1
| #define HAVE_PTHREAD 1
| #define STDC_HEADERS 1
| #define HAVE_ARPA_INET_H 1
| #define HAVE_CTYPE_H 1
| #define HAVE_ERRNO_H 1
| #define HAVE_FLOAT_H 1
| #define HAVE_INTTYPES_H 1
| #define HAVE_LIMITS_H 1
| #define HAVE_MEMORY_H 1
| #define HAVE_NETDB_H 1
| #define HAVE_NETINET_IN_H 1
| #define HAVE_POLL_H 1
| #define HAVE_SIGNAL_H 1
| #define HAVE_STDIO_H 1
| #define HAVE_STDLIB_H 1
| #define HAVE_STRING_H 1
| #define HAVE_STRINGS_H 1
| #define HAVE_SYS_PARAM_H 1
| #define HAVE_SYS_SELECT_H 1
| #define HAVE_SYS_SOCKET_H 1
| #define HAVE_SYS_TIME_H 1
| #define HAVE_SYS_TIMEB_H 1
| #define HAVE_SYS_TYPES_H 1
| #define HAVE_SYS_UNISTD_H 1
| #define HAVE_TIME_H 1
| #define HAVE_UNISTD_H 1
| #define HAVE__BOOL 1
| #define HAVE_STDBOOL_H 1
| /* end confdefs.h.  */
| #include <stdio.h>
| #ifdef HAVE_SYS_TYPES_H
| # include <sys/types.h>
| #endif
| #ifdef HAVE_SYS_STAT_H
| # include <sys/stat.h>
| #endif
| #ifdef STDC_HEADERS
| # include <stdlib.h>
| # include <stddef.h>
| #else
| # ifdef HAVE_STDLIB_H
| #  include <stdlib.h>
| # endif
| #endif
| #ifdef HAVE_STRING_H
| # if !defined STDC_HEADERS && defined HAVE_MEMORY_H
| #  include <memory.h>
| # endif
| # include <string.h>
| #endif
| #ifdef HAVE_STRINGS_H
| # include <strings.h>
| #endif
| #ifdef HAVE_INTTYPES_H
| # include <inttypes.h>
| #endif
| #ifdef HAVE_STDINT_H
| # include <stdint.h>
| #endif
| #ifdef HAVE_UNISTD_H
| # include <unistd.h>
| #endif
| int
| main ()
| {
| if (sizeof ((ssize_t)))
| 	    return 0;
|   ;
|   return 0;
| }
configure:8148: result: yes
configure:8159: checking for off_t
configure:8159: gcc -c -g -O2 -pthread  -D_GNU_SOURCE conftest.c >&5
configure:8159: $? = 0
configure:8159: gcc -c -g -O2 -pthread  -D_GNU_SOURCE conftest.c >&5
conftest.c: In function 'main':
conftest.c:89:20: error: expected expression before ')' token
 if (sizeof ((off_t)))
                    ^
configure:8159: $? = 1
configure: failed program was:
| /* confdefs.h */
| #define PACKAGE_NAME "snmp++"
| #define PACKAGE_TARNAME "snmp++"
| #define PACKAGE_VERSION "3.3.11"
| #define PACKAGE_STRING "snmp++ 3.3.11"
| #define PACKAGE_BUGREPORT "support@agentpp.com"
| #define PACKAGE_URL ""
| #define PACKAGE "snmp++"
| #define VERSION "3.3.11"
| #define OS_TYPE "linux-gnu"
| #define STDC_HEADERS 1
| #define HAVE_SYS_TYPES_H 1
| #define HAVE_SYS_STAT_H 1
| #define HAVE_STDLIB_H 1
| #define HAVE_STRING_H 1
| #define HAVE_MEMORY_H 1
| #define HAVE_STRINGS_H 1
| #define HAVE_INTTYPES_H 1
| #define HAVE_STDINT_H 1
| #define HAVE_UNISTD_H 1
| #define HAVE_XOPEN_SOURCE 
| #define DEBUG 1
| #define ENABLE_THREADS 1
| #define HAVE_PTHREAD 1
| #define STDC_HEADERS 1
| #define HAVE_ARPA_INET_H 1
| #define HAVE_CTYPE_H 1
| #define HAVE_ERRNO_H 1
| #define HAVE_FLOAT_H 1
| #define HAVE_INTTYPES_H 1
| #define HAVE_LIMITS_H 1
| #define HAVE_MEMORY_H 1
| #define HAVE_NETDB_H 1
| #define HAVE_NETINET_IN_H 1
| #define HAVE_POLL_H 1
| #define HAVE_SIGNAL_H 1
| #define HAVE_STDIO_H 1
| #define HAVE_STDLIB_H 1
| #define HAVE_STRING_H 1
| #define HAVE_STRINGS_H 1
| #define HAVE_SYS_PARAM_H 1
| #define HAVE_SYS_SELECT_H 1
| #define HAVE_SYS_SOCKET_H 1
| #define HAVE_SYS_TIME_H 1
| #define HAVE_SYS_TIMEB_H 1
| #define HAVE_SYS_TYPES_H 1
| #define HAVE_SYS_UNISTD_H 1
| #define HAVE_TIME_H 1
| #define HAVE_UNISTD_H 1
| #define HAVE__BOOL 1
| #define HAVE_STDBOOL_H 1
| /* end confdefs.h.  */
| #include <stdio.h>
| #ifdef HAVE_SYS_TYPES_H
| # include <sys/types.h>
| #endif
| #ifdef HAVE_SYS_STAT_H
| # include <sys/stat.h>
| #endif
| #ifdef STDC_HEADERS
| # include <stdlib.h>
| # include <stddef.h>
| #else
| # ifdef HAVE_STDLIB_H
| #  include <stdlib.h>
| # endif
| #endif
| #ifdef HAVE_STRING_H
| # if !defined STDC_HEADERS && defined HAVE_MEMORY_H
| #  include <memory.h>
| # endif
| # include <string.h>
| #endif
| #ifdef HAVE_STRINGS_H
| # include <strings.h>
| #endif
| #ifdef HAVE_INTTYPES_H
| # include <inttypes.h>
| #endif
| #ifdef HAVE_STDINT_H
| # include <stdint.h>
| #endif
| #ifdef HAVE_UNISTD_H
| # include <unistd.h>
| #endif
| int
| main ()
| {
| if (sizeof ((off_t)))
| 	    return 0;
|   ;
|   return 0;
| }
configure:8159: result: yes
configure:8170: checking for pid_t
configure:8170: gcc -c -g -O2 -pthread  -D_GNU_SOURCE conftest.c >&5
configure:8170: $? = 0
configure:8170: gcc -c -g -O2 -pthread  -D_GNU_SOURCE conftest.c >&5
conftest.c: In function 'main':
conftest.c:89:20: error: expected expression before ')' token
 if (sizeof ((pid_t)))
                    ^
configure:8170: $? = 1
configure: failed program was:
| /* confdefs.h */
| #define PACKAGE_NAME "snmp++"
| #define PACKAGE_TARNAME "snmp++"
| #define PACKAGE_VERSION "3.3.11"
| #define PACKAGE_STRING "snmp++ 3.3.11"
| #define PACKAGE_BUGREPORT "support@agentpp.com"
| #define PACKAGE_URL ""
| #define PACKAGE "snmp++"
| #define VERSION "3.3.11"
| #define OS_TYPE "linux-gnu"
| #define STDC_HEADERS 1
| #define HAVE_SYS_TYPES_H 1
| #define HAVE_SYS_STAT_H 1
| #define HAVE_STDLIB_H 1
| #define HAVE_STRING_H 1
| #define HAVE_MEMORY_H 1
| #define HAVE_STRINGS_H 1
| #define HAVE_INTTYPES_H 1
| #define HAVE_STDINT_H 1
| #define HAVE_UNISTD_H 1
| #define HAVE_XOPEN_SOURCE 
| #define DEBUG 1
| #define ENABLE_THREADS 1
| #define HAVE_PTHREAD 1
| #define STDC_HEADERS 1
| #define HAVE_ARPA_INET_H 1
| #define HAVE_CTYPE_H 1
| #define HAVE_ERRNO_H 1
| #define HAVE_FLOAT_H 1
| #define HAVE_INTTYPES_H 1
| #define HAVE_LIMITS_H 1
| #define HAVE_MEMORY_H 1
| #define HAVE_NETDB_H 1
| #define HAVE_NETINET_IN_H 1
| #define HAVE_POLL_H 1
| #define HAVE_SIGNAL_H 1
| #define HAVE_STDIO_H 1
| #define HAVE_STDLIB_H 1
| #define HAVE_STRING_H 1
| #define HAVE_STRINGS_H 1
| #define HAVE_SYS_PARAM_H 1
| #define HAVE_SYS_SELECT_H 1
| #define HAVE_SYS_SOCKET_H 1
| #define HAVE_SYS_TIME_H 1
| #define HAVE_SYS_TIMEB_H 1
| #define HAVE_SYS_TYPES_H 1
| #define HAVE_SYS_UNISTD_H 1
| #define HAVE_TIME_H 1
| #define HAVE_UNISTD_H 1
| #define HAVE__BOOL 1
| #define HAVE_STDBOOL_H 1
| /* end confdefs.h.  */
| #include <stdio.h>
| #ifdef HAVE_SYS_TYPES_H
| # include <sys/types.h>
| #endif
| #ifdef HAVE_SYS_STAT_H
| # include <sys/stat.h>
| #endif
| #ifdef STDC_HEADERS
| # include <stdlib.h>
| # include <stddef.h>
| #else
| # ifdef HAVE_STDLIB_H
| #  include <stdlib.h>
| # endif
| #endif
| #ifdef HAVE_STRING_H
| # if !defined STDC_HEADERS && defined HAVE_MEMORY_H
| #  include <memory.h>
| # endif
| # include <string.h>
| #endif
| #ifdef HAVE_STRINGS_H
| # include <strings.h>
| #endif
| #ifdef HAVE_INTTYPES_H
| # include <inttypes.h>
| #endif
| #ifdef HAVE_STDINT_H
| # include <stdint.h>
| #endif
| #ifdef HAVE_UNISTD_H
| # include <unistd.h>
| #endif
| int
| main ()
| {
| if (sizeof ((pid_t)))
| 	    return 0;
|   ;
|   return 0;
| }
configure:8170: result: yes
configure:8181: checking for uid_t in sys/types.h
configure:8200: result: yes
configure:8212: checking for struct sockaddr_in6
configure:8212: gcc -c -g -O2 -pthread  -D_GNU_SOURCE conftest.c >&5
configure:8212: $? = 0
configure:8212: gcc -c -g -O2 -pthread  -D_GNU_SOURCE conftest.c >&5
conftest.c: In function 'main':
conftest.c:78:34: error: expected expression before ')' token
 if (sizeof ((struct sockaddr_in6)))
                                  ^
configure:8212: $? = 1
configure: failed program was:
| /* confdefs.h */
| #define PACKAGE_NAME "snmp++"
| #define PACKAGE_TARNAME "snmp++"
| #define PACKAGE_VERSION "3.3.11"
| #define PACKAGE_STRING "snmp++ 3.3.11"
| #define PACKAGE_BUGREPORT "support@agentpp.com"
| #define PACKAGE_URL ""
| #define PACKAGE "snmp++"
| #define VERSION "3.3.11"
| #define OS_TYPE "linux-gnu"
| #define STDC_HEADERS 1
| #define HAVE_SYS_TYPES_H 1
| #define HAVE_SYS_STAT_H 1
| #define HAVE_STDLIB_H 1
| #define HAVE_STRING_H 1
| #define HAVE_MEMORY_H 1
| #define HAVE_STRINGS_H 1
| #define HAVE_INTTYPES_H 1
| #define HAVE_STDINT_H 1
| #define HAVE_UNISTD_H 1
| #define HAVE_XOPEN_SOURCE 
| #define DEBUG 1
| #define ENABLE_THREADS 1
| #define HAVE_PTHREAD 1
| #define STDC_HEADERS 1
| #define HAVE_ARPA_INET_H 1
| #define HAVE_CTYPE_H 1
| #define HAVE_ERRNO_H 1
| #define HAVE_FLOAT_H 1
| #define HAVE_INTTYPES_H 1
| #define HAVE_LIMITS_H 1
| #define HAVE_MEMORY_H 1
| #define HAVE_NETDB_H 1
| #define HAVE_NETINET_IN_H 1
| #define HAVE_POLL_H 1
| #define HAVE_SIGNAL_H 1
| #define HAVE_STDIO_H 1
| #define HAVE_STDLIB_H 1
| #define HAVE_STRING_H 1
| #define HAVE_STRINGS_H 1
| #define HAVE_SYS_PARAM_H 1
| #define HAVE_SYS_SELECT_H 1
| #define HAVE_SYS_SOCKET_H 1
| #define HAVE_SYS_TIME_H 1
| #define HAVE_SYS_TIMEB_H 1
| #define HAVE_SYS_TYPES_H 1
| #define HAVE_SYS_UNISTD_H 1
| #define HAVE_TIME_H 1
| #define HAVE_UNISTD_H 1
| #define HAVE__BOOL 1
| #define HAVE_STDBOOL_H 1
| /* end confdefs.h.  */
| 
| #if HAVE_WINSOCK2_H
| #  include <winsock2.h>
| #  if HAVE_WS2TCPIP_H
| #    include <ws2tcpip.h>
| #  endif
| #  if HAVE_WSPIAPI_H
| #    include <wspiapi.h>
| #  endif
| #else
| #  if HAVE_ARPA_INET_H
| #    include <arpa/inet.h>
| #  endif
| #  if HAVE_SYS_TYPES_H
| #    include <sys/types.h>
| #  endif
| #  if HAVE_SYS_SOCKET_H
| #    include <sys/socket.h>
| #  endif
| #endif
| 
| 
| int
| main ()
| {
| if (sizeof ((struct sockaddr_in6)))
| 	    return 0;
|   ;
|   return 0;
| }
configure:8212: result: yes
configure:8244: checking for struct sockaddr_storage.ss_family
configure:8244: gcc -c -g -O2 -pthread  -D_GNU_SOURCE conftest.c >&5
configure:8244: $? = 0
configure:8244: result: yes
configure:8277: checking for struct sockaddr_storage.__ss_family
configure:8277: gcc -c -g -O2 -pthread  -D_GNU_SOURCE conftest.c >&5
conftest.c: In function 'main':
conftest.c:84:13: error: 'struct sockaddr_storage' has no member named '__ss_family'; did you mean 'ss_family'?
 if (ac_aggr.__ss_family)
             ^~~~~~~~~~~
             ss_family
configure:8277: $? = 1
configure: failed program was:
| /* confdefs.h */
| #define PACKAGE_NAME "snmp++"
| #define PACKAGE_TARNAME "snmp++"
| #define PACKAGE_VERSION "3.3.11"
| #define PACKAGE_STRING "snmp++ 3.3.11"
| #define PACKAGE_BUGREPORT "support@agentpp.com"
| #define PACKAGE_URL ""
| #define PACKAGE "snmp++"
| #define VERSION "3.3.11"
| #define OS_TYPE "linux-gnu"
| #define STDC_HEADERS 1
| #define HAVE_SYS_TYPES_H 1
| #define HAVE_SYS_STAT_H 1
| #define HAVE_STDLIB_H 1
| #define HAVE_STRING_H 1
| #define HAVE_MEMORY_H 1
| #define HAVE_STRINGS_H 1
| #define HAVE_INTTYPES_H 1
| #define HAVE_STDINT_H 1
| #define HAVE_UNISTD_H 1
| #define HAVE_XOPEN_SOURCE 
| #define DEBUG 1
| #define ENABLE_THREADS 1
| #define HAVE_PTHREAD 1
| #define STDC_HEADERS 1
| #define HAVE_ARPA_INET_H 1
| #define HAVE_CTYPE_H 1
| #define HAVE_ERRNO_H 1
| #define HAVE_FLOAT_H 1
| #define HAVE_INTTYPES_H 1
| #define HAVE_LIMITS_H 1
| #define HAVE_MEMORY_H 1
| #define HAVE_NETDB_H 1
| #define HAVE_NETINET_IN_H 1
| #define HAVE_POLL_H 1
| #define HAVE_SIGNAL_H 1
| #define HAVE_STDIO_H 1
| #define HAVE_STDLIB_H 1
| #define HAVE_STRING_H 1
| #define HAVE_STRINGS_H 1
| #define HAVE_SYS_PARAM_H 1
| #define HAVE_SYS_SELECT_H 1
| #define HAVE_SYS_SOCKET_H 1
| #define HAVE_SYS_TIME_H 1
| #define HAVE_SYS_TIMEB_H 1
| #define HAVE_SYS_TYPES_H 1
| #define HAVE_SYS_UNISTD_H 1
| #define HAVE_TIME_H 1
| #define HAVE_UNISTD_H 1
| #define HAVE__BOOL 1
| #define HAVE_STDBOOL_H 1
| #define HAVE_STRUCT_SOCKADDR_IN6 1
| #define HAVE_STRUCT_SOCKADDR_STORAGE_SS_FAMILY 1
| /* end confdefs.h.  */
| 
| #if HAVE_WINSOCK2_H
| #  include <winsock2.h>
| #  if HAVE_WS2TCPIP_H
| #    include <ws2tcpip.h>
| #  endif
| #  if HAVE_WSPIAPI_H
| #    include <wspiapi.h>
| #  endif
| #elif HAVE_WINSOCK_H
| #  include <winsock.h>
| #  include <windows.h>
| #else
| #  if HAVE_ARPA_INET_H
| #    include <arpa/inet.h>
| #  endif
| #  if HAVE_SYS_TYPES_H
| #    include <sys/types.h>
| #  endif
| #  if HAVE_SYS_SOCKET_H
| #    include <sys/socket.h>
| #  endif
| #endif
| 
| 
| int
| main ()
| {
| static struct sockaddr_storage ac_aggr;
| if (ac_aggr.__ss_family)
| return 0;
|   ;
|   return 0;
| }
configure:8277: gcc -c -g -O2 -pthread  -D_GNU_SOURCE conftest.c >&5
conftest.c: In function 'main':
conftest.c:84:20: error: 'struct sockaddr_storage' has no member named '__ss_family'; did you mean 'ss_family'?
 if (sizeof ac_aggr.__ss_family)
                    ^~~~~~~~~~~
                    ss_family
configure:8277: $? = 1
configure: failed program was:
| /* confdefs.h */
| #define PACKAGE_NAME "snmp++"
| #define PACKAGE_TARNAME "snmp++"
| #define PACKAGE_VERSION "3.3.11"
| #define PACKAGE_STRING "snmp++ 3.3.11"
| #define PACKAGE_BUGREPORT "support@agentpp.com"
| #define PACKAGE_URL ""
| #define PACKAGE "snmp++"
| #define VERSION "3.3.11"
| #define OS_TYPE "linux-gnu"
| #define STDC_HEADERS 1
| #define HAVE_SYS_TYPES_H 1
| #define HAVE_SYS_STAT_H 1
| #define HAVE_STDLIB_H 1
| #define HAVE_STRING_H 1
| #define HAVE_MEMORY_H 1
| #define HAVE_STRINGS_H 1
| #define HAVE_INTTYPES_H 1
| #define HAVE_STDINT_H 1
| #define HAVE_UNISTD_H 1
| #define HAVE_XOPEN_SOURCE 
| #define DEBUG 1
| #define ENABLE_THREADS 1
| #define HAVE_PTHREAD 1
| #define STDC_HEADERS 1
| #define HAVE_ARPA_INET_H 1
| #define HAVE_CTYPE_H 1
| #define HAVE_ERRNO_H 1
| #define HAVE_FLOAT_H 1
| #define HAVE_INTTYPES_H 1
| #define HAVE_LIMITS_H 1
| #define HAVE_MEMORY_H 1
| #define HAVE_NETDB_H 1
| #define HAVE_NETINET_IN_H 1
| #define HAVE_POLL_H 1
| #define HAVE_SIGNAL_H 1
| #define HAVE_STDIO_H 1
| #define HAVE_STDLIB_H 1
| #define HAVE_STRING_H 1
| #define HAVE_STRINGS_H 1
| #define HAVE_SYS_PARAM_H 1
| #define HAVE_SYS_SELECT_H 1
| #define HAVE_SYS_SOCKET_H 1
| #define HAVE_SYS_TIME_H 1
| #define HAVE_SYS_TIMEB_H 1
| #define HAVE_SYS_TYPES_H 1
| #define HAVE_SYS_UNISTD_H 1
| #define HAVE_TIME_H 1
| #define HAVE_UNISTD_H 1
| #define HAVE__BOOL 1
| #define HAVE_STDBOOL_H 1
| #define HAVE_STRUCT_SOCKADDR_IN6 1
| #define HAVE_STRUCT_SOCKADDR_STORAGE_SS_FAMILY 1
| /* end confdefs.h.  */
| 
| #if HAVE_WINSOCK2_H
| #  include <winsock2.h>
| #  if HAVE_WS2TCPIP_H
| #    include <ws2tcpip.h>
| #  endif
| #  if HAVE_WSPIAPI_H
| #    include <wspiapi.h>
| #  endif
| #elif HAVE_WINSOCK_H
| #  include <winsock.h>
| #  include <windows.h>
| #else
| #  if HAVE_ARPA_INET_H
| #    include <arpa/inet.h>
| #  endif
| #  if HAVE_SYS_TYPES_H
| #    include <sys/types.h>
| #  endif
| #  if HAVE_SYS_SOCKET_H
| #    include <sys/socket.h>
| #  endif
| #endif
| 
| 
| int
| main ()
| {
| static struct sockaddr_storage ac_aggr;
| if (sizeof ac_aggr.__ss_family)
| return 0;
|   ;
|   return 0;
| }
configure:8277: result: no
configure:8330: checking for type of socket length (socklen_t)
configure:8347: g++ -c -g -O2 -pthread  -D_GNU_SOURCE conftest.cpp >&5
configure:8347: $? = 0
configure:8349: result: socklen_t *
configure:8399: checking for malloc
configure:8399: gcc -o conftest -g -O2 -pthread  -D_GNU_SOURCE  conftest.c  >&5
conftest.c:80:6: warning: conflicting types for built-in function 'malloc' [-Wbuiltin-declaration-mismatch]
 char malloc ();
      ^~~~~~
configure:8399: $? = 0
configure:8399: result: yes
configure:8399: checking for realloc
configure:8399: gcc -o conftest -g -O2 -pthread  -D_GNU_SOURCE  conftest.c  >&5
conftest.c:81:6: warning: conflicting types for built-in function 'realloc' [-Wbuiltin-declaration-mismatch]
 char realloc ();
      ^~~~~~~
configure:8399: $? = 0
configure:8399: result: yes
configure:8412: checking for gethostbyaddr
configure:8412: gcc -o conftest -g -O2 -pthread  -D_GNU_SOURCE  conftest.c  >&5
configure:8412: $? = 0
configure:8412: result: yes
configure:8412: checking for gethostbyaddr_r
configure:8412: gcc -o conftest -g -O2 -pthread  -D_GNU_SOURCE  conftest.c  >&5
configure:8412: $? = 0
configure:8412: result: yes
configure:8412: checking for gethostbyname
configure:8412: gcc -o conftest -g -O2 -pthread  -D_GNU_SOURCE  conftest.c  >&5
configure:8412: $? = 0
configure:8412: result: yes
configure:8412: checking for gethostbyname2
configure:8412: gcc -o conftest -g -O2 -pthread  -D_GNU_SOURCE  conftest.c  >&5
configure:8412: $? = 0
configure:8412: result: yes
configure:8412: checking for gethostbyname_r
configure:8412: gcc -o conftest -g -O2 -pthread  -D_GNU_SOURCE  conftest.c  >&5
configure:8412: $? = 0
configure:8412: result: yes
configure:8412: checking for gethostname
configure:8412: gcc -o conftest -g -O2 -pthread  -D_GNU_SOURCE  conftest.c  >&5
configure:8412: $? = 0
configure:8412: result: yes
configure:8412: checking for gettimeofday
configure:8412: gcc -o conftest -g -O2 -pthread  -D_GNU_SOURCE  conftest.c  >&5
configure:8412: $? = 0
configure:8412: result: yes
configure:8412: checking for getpid
configure:8412: gcc -o conftest -g -O2 -pthread  -D_GNU_SOURCE  conftest.c  >&5
configure:8412: $? = 0
configure:8412: result: yes
configure:8412: checking for _getpid
configure:8412: gcc -o conftest -g -O2 -pthread  -D_GNU_SOURCE  conftest.c  >&5
/tmp/ccAXV5wY.o: In function `main':
/home/Toni/repos/repo-epp/libs/snmp++-3.3.11/conftest.c:101: undefined reference to `_getpid'
collect2: error: ld returned 1 exit status
configure:8412: $? = 1
configure: failed program was:
| /* confdefs.h */
| #define PACKAGE_NAME "snmp++"
| #define PACKAGE_TARNAME "snmp++"
| #define PACKAGE_VERSION "3.3.11"
| #define PACKAGE_STRING "snmp++ 3.3.11"
| #define PACKAGE_BUGREPORT "support@agentpp.com"
| #define PACKAGE_URL ""
| #define PACKAGE "snmp++"
| #define VERSION "3.3.11"
| #define OS_TYPE "linux-gnu"
| #define STDC_HEADERS 1
| #define HAVE_SYS_TYPES_H 1
| #define HAVE_SYS_STAT_H 1
| #define HAVE_STDLIB_H 1
| #define HAVE_STRING_H 1
| #define HAVE_MEMORY_H 1
| #define HAVE_STRINGS_H 1
| #define HAVE_INTTYPES_H 1
| #define HAVE_STDINT_H 1
| #define HAVE_UNISTD_H 1
| #define HAVE_XOPEN_SOURCE 
| #define DEBUG 1
| #define ENABLE_THREADS 1
| #define HAVE_PTHREAD 1
| #define STDC_HEADERS 1
| #define HAVE_ARPA_INET_H 1
| #define HAVE_CTYPE_H 1
| #define HAVE_ERRNO_H 1
| #define HAVE_FLOAT_H 1
| #define HAVE_INTTYPES_H 1
| #define HAVE_LIMITS_H 1
| #define HAVE_MEMORY_H 1
| #define HAVE_NETDB_H 1
| #define HAVE_NETINET_IN_H 1
| #define HAVE_POLL_H 1
| #define HAVE_SIGNAL_H 1
| #define HAVE_STDIO_H 1
| #define HAVE_STDLIB_H 1
| #define HAVE_STRING_H 1
| #define HAVE_STRINGS_H 1
| #define HAVE_SYS_PARAM_H 1
| #define HAVE_SYS_SELECT_H 1
| #define HAVE_SYS_SOCKET_H 1
| #define HAVE_SYS_TIME_H 1
| #define HAVE_SYS_TIMEB_H 1
| #define HAVE_SYS_TYPES_H 1
| #define HAVE_SYS_UNISTD_H 1
| #define HAVE_TIME_H 1
| #define HAVE_UNISTD_H 1
| #define HAVE__BOOL 1
| #define HAVE_STDBOOL_H 1
| #define HAVE_STRUCT_SOCKADDR_IN6 1
| #define HAVE_STRUCT_SOCKADDR_STORAGE_SS_FAMILY 1
| #define SNMP_SOCKLEN_T socklen_t
| #define SNMP_PP_IPv6 1
| #define HAVE_MALLOC 1
| #define HAVE_REALLOC 1
| #define HAVE_GETHOSTBYADDR 1
| #define HAVE_GETHOSTBYADDR_R 1
| #define HAVE_GETHOSTBYNAME 1
| #define HAVE_GETHOSTBYNAME2 1
| #define HAVE_GETHOSTBYNAME_R 1
| #define HAVE_GETHOSTNAME 1
| #define HAVE_GETTIMEOFDAY 1
| #define HAVE_GETPID 1
| /* end confdefs.h.  */
| /* Define _getpid to an innocuous variant, in case <limits.h> declares _getpid.
|    For example, HP-UX 11i <limits.h> declares gettimeofday.  */
| #define _getpid innocuous__getpid
| 
| /* System header to define __stub macros and hopefully few prototypes,
|     which can conflict with char _getpid (); below.
|     Prefer <limits.h> to <assert.h> if __STDC__ is defined, since
|     <limits.h> exists even on freestanding compilers.  */
| 
| #ifdef __STDC__
| # include <limits.h>
| #else
| # include <assert.h>
| #endif
| 
| #undef _getpid
| 
| /* Override any GCC internal prototype to avoid an error.
|    Use char because int might match the return type of a GCC
|    builtin and then its argument prototype would still apply.  */
| #ifdef __cplusplus
| extern "C"
| #endif
| char _getpid ();
| /* The GNU C library defines this for functions which it implements
|     to always fail with ENOSYS.  Some functions are actually named
|     something starting with __ and the normal name is an alias.  */
| #if defined __stub__getpid || defined __stub____getpid
| choke me
| #endif
| 
| int
| main ()
| {
| return _getpid ();
|   ;
|   return 0;
| }
configure:8412: result: no
configure:8412: checking for htonl
configure:8412: gcc -o conftest -g -O2 -pthread  -D_GNU_SOURCE  conftest.c  >&5
configure:8412: $? = 0
configure:8412: result: yes
configure:8412: checking for inet_aton
configure:8412: gcc -o conftest -g -O2 -pthread  -D_GNU_SOURCE  conftest.c  >&5
configure:8412: $? = 0
configure:8412: result: yes
configure:8412: checking for inet_ntoa
configure:8412: gcc -o conftest -g -O2 -pthread  -D_GNU_SOURCE  conftest.c  >&5
configure:8412: $? = 0
configure:8412: result: yes
configure:8412: checking for inet_pton
configure:8412: gcc -o conftest -g -O2 -pthread  -D_GNU_SOURCE  conftest.c  >&5
configure:8412: $? = 0
configure:8412: result: yes
configure:8412: checking for inet_ntop
configure:8412: gcc -o conftest -g -O2 -pthread  -D_GNU_SOURCE  conftest.c  >&5
configure:8412: $? = 0
configure:8412: result: yes
configure:8412: checking for isdigit
configure:8412: gcc -o conftest -g -O2 -pthread  -D_GNU_SOURCE  conftest.c  >&5
conftest.c:95:6: warning: conflicting types for built-in function 'isdigit' [-Wbuiltin-declaration-mismatch]
 char isdigit ();
      ^~~~~~~
configure:8412: $? = 0
configure:8412: result: yes
configure:8412: checking for localtime_r
configure:8412: gcc -o conftest -g -O2 -pthread  -D_GNU_SOURCE  conftest.c  >&5
configure:8412: $? = 0
configure:8412: result: yes
configure:8412: checking for memset
configure:8412: gcc -o conftest -g -O2 -pthread  -D_GNU_SOURCE  conftest.c  >&5
conftest.c:97:6: warning: conflicting types for built-in function 'memset' [-Wbuiltin-declaration-mismatch]
 char memset ();
      ^~~~~~
configure:8412: $? = 0
configure:8412: result: yes
configure:8412: checking for poll
configure:8412: gcc -o conftest -g -O2 -pthread  -D_GNU_SOURCE  conftest.c  >&5
configure:8412: $? = 0
configure:8412: result: yes
configure:8412: checking for select
configure:8412: gcc -o conftest -g -O2 -pthread  -D_GNU_SOURCE  conftest.c  >&5
configure:8412: $? = 0
configure:8412: result: yes
configure:8412: checking for socket
configure:8412: gcc -o conftest -g -O2 -pthread  -D_GNU_SOURCE  conftest.c  >&5
configure:8412: $? = 0
configure:8412: result: yes
configure:8412: checking for strcasecmp
configure:8412: gcc -o conftest -g -O2 -pthread  -D_GNU_SOURCE  conftest.c  >&5
conftest.c:101:6: warning: conflicting types for built-in function 'strcasecmp' [-Wbuiltin-declaration-mismatch]
 char strcasecmp ();
      ^~~~~~~~~~
configure:8412: $? = 0
configure:8412: result: yes
configure:8412: checking for stricmp
configure:8412: gcc -o conftest -g -O2 -pthread  -D_GNU_SOURCE  conftest.c  >&5
/tmp/ccRnTPRi.o: In function `main':
/home/Toni/repos/repo-epp/libs/snmp++-3.3.11/conftest.c:113: undefined reference to `stricmp'
collect2: error: ld returned 1 exit status
configure:8412: $? = 1
configure: failed program was:
| /* confdefs.h */
| #define PACKAGE_NAME "snmp++"
| #define PACKAGE_TARNAME "snmp++"
| #define PACKAGE_VERSION "3.3.11"
| #define PACKAGE_STRING "snmp++ 3.3.11"
| #define PACKAGE_BUGREPORT "support@agentpp.com"
| #define PACKAGE_URL ""
| #define PACKAGE "snmp++"
| #define VERSION "3.3.11"
| #define OS_TYPE "linux-gnu"
| #define STDC_HEADERS 1
| #define HAVE_SYS_TYPES_H 1
| #define HAVE_SYS_STAT_H 1
| #define HAVE_STDLIB_H 1
| #define HAVE_STRING_H 1
| #define HAVE_MEMORY_H 1
| #define HAVE_STRINGS_H 1
| #define HAVE_INTTYPES_H 1
| #define HAVE_STDINT_H 1
| #define HAVE_UNISTD_H 1
| #define HAVE_XOPEN_SOURCE 
| #define DEBUG 1
| #define ENABLE_THREADS 1
| #define HAVE_PTHREAD 1
| #define STDC_HEADERS 1
| #define HAVE_ARPA_INET_H 1
| #define HAVE_CTYPE_H 1
| #define HAVE_ERRNO_H 1
| #define HAVE_FLOAT_H 1
| #define HAVE_INTTYPES_H 1
| #define HAVE_LIMITS_H 1
| #define HAVE_MEMORY_H 1
| #define HAVE_NETDB_H 1
| #define HAVE_NETINET_IN_H 1
| #define HAVE_POLL_H 1
| #define HAVE_SIGNAL_H 1
| #define HAVE_STDIO_H 1
| #define HAVE_STDLIB_H 1
| #define HAVE_STRING_H 1
| #define HAVE_STRINGS_H 1
| #define HAVE_SYS_PARAM_H 1
| #define HAVE_SYS_SELECT_H 1
| #define HAVE_SYS_SOCKET_H 1
| #define HAVE_SYS_TIME_H 1
| #define HAVE_SYS_TIMEB_H 1
| #define HAVE_SYS_TYPES_H 1
| #define HAVE_SYS_UNISTD_H 1
| #define HAVE_TIME_H 1
| #define HAVE_UNISTD_H 1
| #define HAVE__BOOL 1
| #define HAVE_STDBOOL_H 1
| #define HAVE_STRUCT_SOCKADDR_IN6 1
| #define HAVE_STRUCT_SOCKADDR_STORAGE_SS_FAMILY 1
| #define SNMP_SOCKLEN_T socklen_t
| #define SNMP_PP_IPv6 1
| #define HAVE_MALLOC 1
| #define HAVE_REALLOC 1
| #define HAVE_GETHOSTBYADDR 1
| #define HAVE_GETHOSTBYADDR_R 1
| #define HAVE_GETHOSTBYNAME 1
| #define HAVE_GETHOSTBYNAME2 1
| #define HAVE_GETHOSTBYNAME_R 1
| #define HAVE_GETHOSTNAME 1
| #define HAVE_GETTIMEOFDAY 1
| #define HAVE_GETPID 1
| #define HAVE_HTONL 1
| #define HAVE_INET_ATON 1
| #define HAVE_INET_NTOA 1
| #define HAVE_INET_PTON 1
| #define HAVE_INET_NTOP 1
| #define HAVE_ISDIGIT 1
| #define HAVE_LOCALTIME_R 1
| #define HAVE_MEMSET 1
| #define HAVE_POLL 1
| #define HAVE_SELECT 1
| #define HAVE_SOCKET 1
| #define HAVE_STRCASECMP 1
| /* end confdefs.h.  */
| /* Define stricmp to an innocuous variant, in case <limits.h> declares stricmp.
|    For example, HP-UX 11i <limits.h> declares gettimeofday.  */
| #define stricmp innocuous_stricmp
| 
| /* System header to define __stub macros and hopefully few prototypes,
|     which can conflict with char stricmp (); below.
|     Prefer <limits.h> to <assert.h> if __STDC__ is defined, since
|     <limits.h> exists even on freestanding compilers.  */
| 
| #ifdef __STDC__
| # include <limits.h>
| #else
| # include <assert.h>
| #endif
| 
| #undef stricmp
| 
| /* Override any GCC internal prototype to avoid an error.
|    Use char because int might match the return type of a GCC
|    builtin and then its argument prototype would still apply.  */
| #ifdef __cplusplus
| extern "C"
| #endif
| char stricmp ();
| /* The GNU C library defines this for functions which it implements
|     to always fail with ENOSYS.  Some functions are actually named
|     something starting with __ and the normal name is an alias.  */
| #if defined __stub_stricmp || defined __stub___stricmp
| choke me
| #endif
| 
| int
| main ()
| {
| return stricmp ();
|   ;
|   return 0;
| }
configure:8412: result: no
configure:8412: checking for strchr
configure:8412: gcc -o conftest -g -O2 -pthread  -D_GNU_SOURCE  conftest.c  >&5
conftest.c:102:6: warning: conflicting types for built-in function 'strchr' [-Wbuiltin-declaration-mismatch]
 char strchr ();
      ^~~~~~
configure:8412: $? = 0
configure:8412: result: yes
configure:8412: checking for strerror
configure:8412: gcc -o conftest -g -O2 -pthread  -D_GNU_SOURCE  conftest.c  >&5
configure:8412: $? = 0
configure:8412: result: yes
configure:8412: checking for strstr
configure:8412: gcc -o conftest -g -O2 -pthread  -D_GNU_SOURCE  conftest.c  >&5
conftest.c:104:6: warning: conflicting types for built-in function 'strstr' [-Wbuiltin-declaration-mismatch]
 char strstr ();
      ^~~~~~
configure:8412: $? = 0
configure:8412: result: yes
configure:8412: checking for clock_gettime
configure:8412: gcc -o conftest -g -O2 -pthread  -D_GNU_SOURCE  conftest.c  >&5
configure:8412: $? = 0
configure:8412: result: yes
configure:8444: checking for getaddrinfo
configure:8444: gcc -o conftest -g -O2 -pthread  -D_GNU_SOURCE  conftest.c  >&5
configure:8444: $? = 0
configure:8444: result: yes
configure:8568: checking whether the compiler implements namespaces
configure:8591: g++ -c -g -O2 -pthread  -D_GNU_SOURCE conftest.cpp >&5
configure:8591: $? = 0
configure:8605: result: yes
configure:8614: checking if g++ supports namespace std
configure:8638: g++ -c -g -O2 -pthread  -D_GNU_SOURCE conftest.cpp >&5
configure:8638: $? = 0
configure:8652: result: yes
configure:8660: checking whether the compiler supports Standard Template Library
configure:8689: g++ -c -g -O2 -pthread  -D_GNU_SOURCE conftest.cpp >&5
configure:8689: $? = 0
configure:8703: result: yes
configure:8711: checking whether the compiler supports ISO C++ standard library
configure:8741: g++ -c -g -O2 -pthread  -D_GNU_SOURCE conftest.cpp >&5
configure:8741: $? = 0
configure:8755: result: yes
configure:8763: checking whether the compiler supports basic templates
configure:8788: g++ -c -g -O2 -pthread  -D_GNU_SOURCE conftest.cpp >&5
configure:8788: $? = 0
configure:8802: result: yes
configure:8811: checking for ISO C++ 98 include files
configure:8884: g++ -c -g -O2 -pthread  -D_GNU_SOURCE conftest.cpp >&5
configure:8884: $? = 0
configure:8898: result: yes
configure:8907: checking for ISO C++ TR1 include files
configure:8958: g++ -c -g -O2 -pthread  -D_GNU_SOURCE conftest.cpp >&5
configure:8958: $? = 0
configure:8972: result: yes
configure:8982: checking if g++ supports C++0x features without additional flags
configure:9019: g++ -c -g -O2 -pthread  -D_GNU_SOURCE conftest.cpp >&5
configure:9019: $? = 0
configure:9033: result: yes
configure:9036: checking if g++ supports C++0x features with -std=c++0x
configure:9075: g++ -c -g -O2 -pthread -std=c++0x  -D_GNU_SOURCE conftest.cpp >&5
configure:9075: $? = 0
configure:9090: result: yes
configure:9093: checking if g++ supports C++0x features with -std=gnu++0x
configure:9132: g++ -c -g -O2 -pthread -std=gnu++0x  -D_GNU_SOURCE conftest.cpp >&5
configure:9132: $? = 0
configure:9147: result: yes
configure:9159: checking if g++ supports C++0x features without additional flags
configure:9196: g++ -c -g -O2 -pthread  -D_GNU_SOURCE conftest.cpp >&5
conftest.cpp:106:23: error: cannot bind rvalue reference of type 'check_type&&' {aka 'check<int>&&'} to lvalue of type 'check_type' {aka 'check<int>'}
     check_type&& cr = c;
                       ^
configure:9196: $? = 1
configure: failed program was:
| /* confdefs.h */
| #define PACKAGE_NAME "snmp++"
| #define PACKAGE_TARNAME "snmp++"
| #define PACKAGE_VERSION "3.3.11"
| #define PACKAGE_STRING "snmp++ 3.3.11"
| #define PACKAGE_BUGREPORT "support@agentpp.com"
| #define PACKAGE_URL ""
| #define PACKAGE "snmp++"
| #define VERSION "3.3.11"
| #define OS_TYPE "linux-gnu"
| #define STDC_HEADERS 1
| #define HAVE_SYS_TYPES_H 1
| #define HAVE_SYS_STAT_H 1
| #define HAVE_STDLIB_H 1
| #define HAVE_STRING_H 1
| #define HAVE_MEMORY_H 1
| #define HAVE_STRINGS_H 1
| #define HAVE_INTTYPES_H 1
| #define HAVE_STDINT_H 1
| #define HAVE_UNISTD_H 1
| #define HAVE_XOPEN_SOURCE 
| #define DEBUG 1
| #define ENABLE_THREADS 1
| #define HAVE_PTHREAD 1
| #define STDC_HEADERS 1
| #define HAVE_ARPA_INET_H 1
| #define HAVE_CTYPE_H 1
| #define HAVE_ERRNO_H 1
| #define HAVE_FLOAT_H 1
| #define HAVE_INTTYPES_H 1
| #define HAVE_LIMITS_H 1
| #define HAVE_MEMORY_H 1
| #define HAVE_NETDB_H 1
| #define HAVE_NETINET_IN_H 1
| #define HAVE_POLL_H 1
| #define HAVE_SIGNAL_H 1
| #define HAVE_STDIO_H 1
| #define HAVE_STDLIB_H 1
| #define HAVE_STRING_H 1
| #define HAVE_STRINGS_H 1
| #define HAVE_SYS_PARAM_H 1
| #define HAVE_SYS_SELECT_H 1
| #define HAVE_SYS_SOCKET_H 1
| #define HAVE_SYS_TIME_H 1
| #define HAVE_SYS_TIMEB_H 1
| #define HAVE_SYS_TYPES_H 1
| #define HAVE_SYS_UNISTD_H 1
| #define HAVE_TIME_H 1
| #define HAVE_UNISTD_H 1
| #define HAVE__BOOL 1
| #define HAVE_STDBOOL_H 1
| #define HAVE_STRUCT_SOCKADDR_IN6 1
| #define HAVE_STRUCT_SOCKADDR_STORAGE_SS_FAMILY 1
| #define SNMP_SOCKLEN_T socklen_t
| #define SNMP_PP_IPv6 1
| #define HAVE_MALLOC 1
| #define HAVE_REALLOC 1
| #define HAVE_GETHOSTBYADDR 1
| #define HAVE_GETHOSTBYADDR_R 1
| #define HAVE_GETHOSTBYNAME 1
| #define HAVE_GETHOSTBYNAME2 1
| #define HAVE_GETHOSTBYNAME_R 1
| #define HAVE_GETHOSTNAME 1
| #define HAVE_GETTIMEOFDAY 1
| #define HAVE_GETPID 1
| #define HAVE_HTONL 1
| #define HAVE_INET_ATON 1
| #define HAVE_INET_NTOA 1
| #define HAVE_INET_PTON 1
| #define HAVE_INET_NTOP 1
| #define HAVE_ISDIGIT 1
| #define HAVE_LOCALTIME_R 1
| #define HAVE_MEMSET 1
| #define HAVE_POLL 1
| #define HAVE_SELECT 1
| #define HAVE_SOCKET 1
| #define HAVE_STRCASECMP 1
| #define HAVE_STRCHR 1
| #define HAVE_STRERROR 1
| #define HAVE_STRSTR 1
| #define HAVE_CLOCK_GETTIME 1
| #define HAVE_GETADDRINFO 1
| #define HAVE_NAMESPACES /**/
| #define HAVE_NAMESPACE_STD /**/
| #define HAVE_STL /**/
| #define HAVE_STD /**/
| #define HAVE_TEMPLATES /**/
| #define STDCXX_98_HEADERS /**/
| #define STDCXX_TR1_HEADERS /**/
| #define HAVE_STDCXX_0X /**/
| /* end confdefs.h.  */
| 
|   template <typename T>
|     struct check
|     {
|       static_assert(sizeof(int) <= sizeof(T), "not big enough");
|     };
| 
|     typedef check<check<bool>> right_angle_brackets;
| 
|     int a;
|     decltype(a) b;
| 
|     typedef check<int> check_type;
|     check_type c;
|     check_type&& cr = c;
| int
| main ()
| {
| 
|   ;
|   return 0;
| }
configure:9210: result: no
configure:9213: checking if g++ supports C++0x features with -std=c++0x
configure:9252: g++ -c -g -O2 -pthread -std=c++0x  -D_GNU_SOURCE conftest.cpp >&5
conftest.cpp:106:23: error: cannot bind rvalue reference of type 'check_type&&' {aka 'check<int>&&'} to lvalue of type 'check_type' {aka 'check<int>'}
     check_type&& cr = c;
                       ^
configure:9252: $? = 1
configure: failed program was:
| /* confdefs.h */
| #define PACKAGE_NAME "snmp++"
| #define PACKAGE_TARNAME "snmp++"
| #define PACKAGE_VERSION "3.3.11"
| #define PACKAGE_STRING "snmp++ 3.3.11"
| #define PACKAGE_BUGREPORT "support@agentpp.com"
| #define PACKAGE_URL ""
| #define PACKAGE "snmp++"
| #define VERSION "3.3.11"
| #define OS_TYPE "linux-gnu"
| #define STDC_HEADERS 1
| #define HAVE_SYS_TYPES_H 1
| #define HAVE_SYS_STAT_H 1
| #define HAVE_STDLIB_H 1
| #define HAVE_STRING_H 1
| #define HAVE_MEMORY_H 1
| #define HAVE_STRINGS_H 1
| #define HAVE_INTTYPES_H 1
| #define HAVE_STDINT_H 1
| #define HAVE_UNISTD_H 1
| #define HAVE_XOPEN_SOURCE 
| #define DEBUG 1
| #define ENABLE_THREADS 1
| #define HAVE_PTHREAD 1
| #define STDC_HEADERS 1
| #define HAVE_ARPA_INET_H 1
| #define HAVE_CTYPE_H 1
| #define HAVE_ERRNO_H 1
| #define HAVE_FLOAT_H 1
| #define HAVE_INTTYPES_H 1
| #define HAVE_LIMITS_H 1
| #define HAVE_MEMORY_H 1
| #define HAVE_NETDB_H 1
| #define HAVE_NETINET_IN_H 1
| #define HAVE_POLL_H 1
| #define HAVE_SIGNAL_H 1
| #define HAVE_STDIO_H 1
| #define HAVE_STDLIB_H 1
| #define HAVE_STRING_H 1
| #define HAVE_STRINGS_H 1
| #define HAVE_SYS_PARAM_H 1
| #define HAVE_SYS_SELECT_H 1
| #define HAVE_SYS_SOCKET_H 1
| #define HAVE_SYS_TIME_H 1
| #define HAVE_SYS_TIMEB_H 1
| #define HAVE_SYS_TYPES_H 1
| #define HAVE_SYS_UNISTD_H 1
| #define HAVE_TIME_H 1
| #define HAVE_UNISTD_H 1
| #define HAVE__BOOL 1
| #define HAVE_STDBOOL_H 1
| #define HAVE_STRUCT_SOCKADDR_IN6 1
| #define HAVE_STRUCT_SOCKADDR_STORAGE_SS_FAMILY 1
| #define SNMP_SOCKLEN_T socklen_t
| #define SNMP_PP_IPv6 1
| #define HAVE_MALLOC 1
| #define HAVE_REALLOC 1
| #define HAVE_GETHOSTBYADDR 1
| #define HAVE_GETHOSTBYADDR_R 1
| #define HAVE_GETHOSTBYNAME 1
| #define HAVE_GETHOSTBYNAME2 1
| #define HAVE_GETHOSTBYNAME_R 1
| #define HAVE_GETHOSTNAME 1
| #define HAVE_GETTIMEOFDAY 1
| #define HAVE_GETPID 1
| #define HAVE_HTONL 1
| #define HAVE_INET_ATON 1
| #define HAVE_INET_NTOA 1
| #define HAVE_INET_PTON 1
| #define HAVE_INET_NTOP 1
| #define HAVE_ISDIGIT 1
| #define HAVE_LOCALTIME_R 1
| #define HAVE_MEMSET 1
| #define HAVE_POLL 1
| #define HAVE_SELECT 1
| #define HAVE_SOCKET 1
| #define HAVE_STRCASECMP 1
| #define HAVE_STRCHR 1
| #define HAVE_STRERROR 1
| #define HAVE_STRSTR 1
| #define HAVE_CLOCK_GETTIME 1
| #define HAVE_GETADDRINFO 1
| #define HAVE_NAMESPACES /**/
| #define HAVE_NAMESPACE_STD /**/
| #define HAVE_STL /**/
| #define HAVE_STD /**/
| #define HAVE_TEMPLATES /**/
| #define STDCXX_98_HEADERS /**/
| #define STDCXX_TR1_HEADERS /**/
| #define HAVE_STDCXX_0X /**/
| /* end confdefs.h.  */
| 
|   template <typename T>
|     struct check
|     {
|       static_assert(sizeof(int) <= sizeof(T), "not big enough");
|     };
| 
|     typedef check<check<bool>> right_angle_brackets;
| 
|     int a;
|     decltype(a) b;
| 
|     typedef check<int> check_type;
|     check_type c;
|     check_type&& cr = c;
| int
| main ()
| {
| 
|   ;
|   return 0;
| }
configure:9267: result: no
configure:9270: checking if g++ supports C++0x features with -std=gnu++0x
configure:9309: g++ -c -g -O2 -pthread -std=gnu++0x  -D_GNU_SOURCE conftest.cpp >&5
conftest.cpp:106:23: error: cannot bind rvalue reference of type 'check_type&&' {aka 'check<int>&&'} to lvalue of type 'check_type' {aka 'check<int>'}
     check_type&& cr = c;
                       ^
configure:9309: $? = 1
configure: failed program was:
| /* confdefs.h */
| #define PACKAGE_NAME "snmp++"
| #define PACKAGE_TARNAME "snmp++"
| #define PACKAGE_VERSION "3.3.11"
| #define PACKAGE_STRING "snmp++ 3.3.11"
| #define PACKAGE_BUGREPORT "support@agentpp.com"
| #define PACKAGE_URL ""
| #define PACKAGE "snmp++"
| #define VERSION "3.3.11"
| #define OS_TYPE "linux-gnu"
| #define STDC_HEADERS 1
| #define HAVE_SYS_TYPES_H 1
| #define HAVE_SYS_STAT_H 1
| #define HAVE_STDLIB_H 1
| #define HAVE_STRING_H 1
| #define HAVE_MEMORY_H 1
| #define HAVE_STRINGS_H 1
| #define HAVE_INTTYPES_H 1
| #define HAVE_STDINT_H 1
| #define HAVE_UNISTD_H 1
| #define HAVE_XOPEN_SOURCE 
| #define DEBUG 1
| #define ENABLE_THREADS 1
| #define HAVE_PTHREAD 1
| #define STDC_HEADERS 1
| #define HAVE_ARPA_INET_H 1
| #define HAVE_CTYPE_H 1
| #define HAVE_ERRNO_H 1
| #define HAVE_FLOAT_H 1
| #define HAVE_INTTYPES_H 1
| #define HAVE_LIMITS_H 1
| #define HAVE_MEMORY_H 1
| #define HAVE_NETDB_H 1
| #define HAVE_NETINET_IN_H 1
| #define HAVE_POLL_H 1
| #define HAVE_SIGNAL_H 1
| #define HAVE_STDIO_H 1
| #define HAVE_STDLIB_H 1
| #define HAVE_STRING_H 1
| #define HAVE_STRINGS_H 1
| #define HAVE_SYS_PARAM_H 1
| #define HAVE_SYS_SELECT_H 1
| #define HAVE_SYS_SOCKET_H 1
| #define HAVE_SYS_TIME_H 1
| #define HAVE_SYS_TIMEB_H 1
| #define HAVE_SYS_TYPES_H 1
| #define HAVE_SYS_UNISTD_H 1
| #define HAVE_TIME_H 1
| #define HAVE_UNISTD_H 1
| #define HAVE__BOOL 1
| #define HAVE_STDBOOL_H 1
| #define HAVE_STRUCT_SOCKADDR_IN6 1
| #define HAVE_STRUCT_SOCKADDR_STORAGE_SS_FAMILY 1
| #define SNMP_SOCKLEN_T socklen_t
| #define SNMP_PP_IPv6 1
| #define HAVE_MALLOC 1
| #define HAVE_REALLOC 1
| #define HAVE_GETHOSTBYADDR 1
| #define HAVE_GETHOSTBYADDR_R 1
| #define HAVE_GETHOSTBYNAME 1
| #define HAVE_GETHOSTBYNAME2 1
| #define HAVE_GETHOSTBYNAME_R 1
| #define HAVE_GETHOSTNAME 1
| #define HAVE_GETTIMEOFDAY 1
| #define HAVE_GETPID 1
| #define HAVE_HTONL 1
| #define HAVE_INET_ATON 1
| #define HAVE_INET_NTOA 1
| #define HAVE_INET_PTON 1
| #define HAVE_INET_NTOP 1
| #define HAVE_ISDIGIT 1
| #define HAVE_LOCALTIME_R 1
| #define HAVE_MEMSET 1
| #define HAVE_POLL 1
| #define HAVE_SELECT 1
| #define HAVE_SOCKET 1
| #define HAVE_STRCASECMP 1
| #define HAVE_STRCHR 1
| #define HAVE_STRERROR 1
| #define HAVE_STRSTR 1
| #define HAVE_CLOCK_GETTIME 1
| #define HAVE_GETADDRINFO 1
| #define HAVE_NAMESPACES /**/
| #define HAVE_NAMESPACE_STD /**/
| #define HAVE_STL /**/
| #define HAVE_STD /**/
| #define HAVE_TEMPLATES /**/
| #define STDCXX_98_HEADERS /**/
| #define STDCXX_TR1_HEADERS /**/
| #define HAVE_STDCXX_0X /**/
| /* end confdefs.h.  */
| 
|   template <typename T>
|     struct check
|     {
|       static_assert(sizeof(int) <= sizeof(T), "not big enough");
|     };
| 
|     typedef check<check<bool>> right_angle_brackets;
| 
|     int a;
|     decltype(a) b;
| 
|     typedef check<int> check_type;
|     check_type c;
|     check_type&& cr = c;
| int
| main ()
| {
| 
|   ;
|   return 0;
| }
configure:9324: result: no
configure:9336: checking for ISO C++ 0x include files
configure:9441: g++ -c -g -O2 -pthread -std=gnu++0x  -D_GNU_SOURCE conftest.cpp >&5
configure:9441: $? = 0
configure:9456: result: yes
configure:9491: enable using of namespace Snmp_pp
configure:9517: checking which log-profile will be used
configure:9553: result: "original"
configure:9600: checking for ld used by gcc
configure:9667: result: /usr/bin/ld
configure:9674: checking if the linker (/usr/bin/ld) is GNU ld
configure:9689: result: yes
configure:9696: checking for shared library run path origin
configure:9709: result: done
configure:9820: checking if libssl is wanted
configure:9838: result: check
configure:9841: checking if libssl wants a prefix
configure:9872: result: no
configure:9913: checking for ssl
configure:9920: $PKG_CONFIG --exists --print-errors "openssl"
configure:9923: $? = 0
configure:9937: $PKG_CONFIG --exists --print-errors "openssl"
configure:9940: $? = 0
configure:9982: result: yes
configure:10036: checking if libssl can be linked with flags from pkg-config
configure:10063: gcc -o conftest -g -O2 -pthread  -D_GNU_SOURCE  conftest.c -lssl -lcrypto >&5
configure:10063: $? = 0
configure:10065: result: yes
configure:10799: compiling in support for SSL via OpenSSL (LIBS="-lssl -lcrypto")
configure:10829: checking if libtomcrypt is wanted
configure:10847: result: check
configure:10850: checking if libtomcrypt wants a prefix
configure:10881: result: no
configure:10913: checking if libtomcrypt is in /usr/local
configure:11035: result: no
configure:10913: checking if libtomcrypt is in /usr
configure:11035: result: no
configure:11172: checking if libdes is wanted
configure:11190: result: check
configure:11193: checking if libdes wants a prefix
configure:11224: result: no
configure:11256: checking if libdes is in /usr/local
configure:11380: result: no
configure:11256: checking if libdes is in /usr
configure:11380: result: no
configure:11424: checking if libdes is wanted
configure:11442: result: check
configure:11445: checking if libdes wants a prefix
configure:11476: result: no
configure:11508: checking if libdes is in /usr/local
configure:11632: result: no
configure:11508: checking if libdes is in /usr
configure:11632: result: no
configure:12199: checking snmp v3 status
configure:12222: result: supported (openssl)
configure:12323: checking how to print strings
configure:12350: result: printf
configure:12371: checking for a sed that does not truncate output
configure:12435: result: /usr/bin/sed
configure:12453: checking for fgrep
configure:12515: result: /usr/bin/grep -F
configure:12550: checking for ld used by gcc
configure:12617: result: /usr/bin/ld
configure:12624: checking if the linker (/usr/bin/ld) is GNU ld
configure:12639: result: yes
configure:12651: checking for BSD- or MS-compatible name lister (nm)
configure:12705: result: /usr/bin/nm -B
configure:12835: checking the name lister (/usr/bin/nm -B) interface
configure:12842: gcc -c -g -O2 -pthread  -D_GNU_SOURCE conftest.c >&5
configure:12845: /usr/bin/nm -B "conftest.o"
configure:12848: output
0000000000000000 B some_variable
configure:12855: result: BSD nm
configure:12859: checking the maximum length of command line arguments
configure:12990: result: 1572864
configure:13038: checking how to convert x86_64-unknown-linux-gnu file names to x86_64-unknown-linux-gnu format
configure:13078: result: func_convert_file_noop
configure:13085: checking how to convert x86_64-unknown-linux-gnu file names to toolchain format
configure:13105: result: func_convert_file_noop
configure:13112: checking for /usr/bin/ld option to reload object files
configure:13119: result: -r
configure:13193: checking for objdump
configure:13209: found /usr/bin/objdump
configure:13220: result: objdump
configure:13252: checking how to recognize dependent libraries
configure:13452: result: pass_all
configure:13537: checking for dlltool
configure:13567: result: no
configure:13597: checking how to associate runtime and link libraries
configure:13624: result: printf %s\n
configure:13748: checking for archiver @FILE support
configure:13765: gcc -c -g -O2 -pthread  -D_GNU_SOURCE conftest.c >&5
configure:13765: $? = 0
configure:13768: ar cru libconftest.a @conftest.lst >&5
configure:13771: $? = 0
configure:13776: ar cru libconftest.a @conftest.lst >&5
ar: conftest.o: No such file or directory
configure:13779: $? = 1
configure:13791: result: @
configure:13849: checking for strip
configure:13865: found /usr/bin/strip
configure:13876: result: strip
configure:13948: checking for ranlib
configure:13964: found /usr/bin/ranlib
configure:13975: result: ranlib
configure:14077: checking command to parse /usr/bin/nm -B output from gcc object
configure:14230: gcc -c -g -O2 -pthread  -D_GNU_SOURCE conftest.c >&5
configure:14233: $? = 0
configure:14237: /usr/bin/nm -B conftest.o \| sed -n -e 's/^.*[ ]\([ABCDGIRSTW][ABCDGIRSTW]*\)[ ][ ]*\([_A-Za-z][_A-Za-z0-9]*\)$/\1 \2 \2/p' | sed '/ __gnu_lto/d' \> conftest.nm
configure:14240: $? = 0
configure:14306: gcc -o conftest -g -O2 -pthread  -D_GNU_SOURCE  conftest.c conftstm.o >&5
configure:14309: $? = 0
configure:14347: result: ok
configure:14394: checking for sysroot
configure:14424: result: no
configure:14431: checking for a working dd
configure:14469: result: /usr/bin/dd
configure:14473: checking how to truncate binary pipes
configure:14488: result: /usr/bin/dd bs=4096 count=1
configure:14624: gcc -c -g -O2 -pthread  -D_GNU_SOURCE conftest.c >&5
configure:14627: $? = 0
configure:14817: checking for mt
configure:14847: result: no
configure:14867: checking if : is a manifest tool
configure:14873: : '-?'
configure:14881: result: no
configure:15555: checking for dlfcn.h
configure:15555: gcc -c -g -O2 -pthread  -D_GNU_SOURCE conftest.c >&5
configure:15555: $? = 0
configure:15555: result: yes
configure:15821: checking for objdir
configure:15836: result: .libs
configure:16100: checking if gcc supports -fno-rtti -fno-exceptions
configure:16118: gcc -c -g -O2 -pthread  -D_GNU_SOURCE -fno-rtti -fno-exceptions conftest.c >&5
cc1: warning: command line option '-fno-rtti' is valid for C++/ObjC++ but not for C
configure:16122: $? = 0
configure:16135: result: no
configure:16493: checking for gcc option to produce PIC
configure:16500: result: -fPIC -DPIC
configure:16508: checking if gcc PIC flag -fPIC -DPIC works
configure:16526: gcc -c -g -O2 -pthread  -D_GNU_SOURCE -fPIC -DPIC -DPIC conftest.c >&5
configure:16530: $? = 0
configure:16543: result: yes
configure:16572: checking if gcc static flag -static works
configure:16600: result: no
configure:16615: checking if gcc supports -c -o file.o
configure:16636: gcc -c -g -O2 -pthread  -D_GNU_SOURCE -o out/conftest2.o conftest.c >&5
configure:16640: $? = 0
configure:16662: result: yes
configure:16670: checking if gcc supports -c -o file.o
configure:16717: result: yes
configure:16750: checking whether the gcc linker (/usr/bin/ld -m elf_x86_64) supports shared libraries
configure:18013: result: yes
configure:18050: checking whether -lc should be explicitly linked in
configure:18058: gcc -c -g -O2 -pthread  -D_GNU_SOURCE conftest.c >&5
configure:18061: $? = 0
configure:18076: gcc -shared  -fPIC -DPIC conftest.o  -v -Wl,-soname -Wl,conftest -o conftest 2\>\&1 \| /usr/bin/grep  -lc  \>/dev/null 2\>\&1
configure:18079: $? = 0
configure:18093: result: no
configure:18253: checking dynamic linker characteristics
configure:18834: gcc -o conftest -g -O2 -pthread  -D_GNU_SOURCE  -Wl,-rpath -Wl,/foo conftest.c  >&5
configure:18834: $? = 0
configure:19083: result: GNU/Linux ld.so
configure:19205: checking how to hardcode library paths into programs
configure:19230: result: immediate
configure:19778: checking whether stripping libraries is possible
configure:19783: result: yes
configure:19818: checking if libtool supports shared libraries
configure:19820: result: yes
configure:19823: checking whether to build shared libraries
configure:19848: result: yes
configure:19851: checking whether to build static libraries
configure:19855: result: yes
configure:19878: checking how to run the C++ preprocessor
configure:19905: g++ -E  -D_GNU_SOURCE conftest.cpp
configure:19905: $? = 0
configure:19919: g++ -E  -D_GNU_SOURCE conftest.cpp
conftest.cpp:97:10: fatal error: ac_nonexistent.h: No such file or directory
 #include <ac_nonexistent.h>
          ^~~~~~~~~~~~~~~~~~
compilation terminated.
configure:19919: $? = 1
configure: failed program was:
| /* confdefs.h */
| #define PACKAGE_NAME "snmp++"
| #define PACKAGE_TARNAME "snmp++"
| #define PACKAGE_VERSION "3.3.11"
| #define PACKAGE_STRING "snmp++ 3.3.11"
| #define PACKAGE_BUGREPORT "support@agentpp.com"
| #define PACKAGE_URL ""
| #define PACKAGE "snmp++"
| #define VERSION "3.3.11"
| #define OS_TYPE "linux-gnu"
| #define STDC_HEADERS 1
| #define HAVE_SYS_TYPES_H 1
| #define HAVE_SYS_STAT_H 1
| #define HAVE_STDLIB_H 1
| #define HAVE_STRING_H 1
| #define HAVE_MEMORY_H 1
| #define HAVE_STRINGS_H 1
| #define HAVE_INTTYPES_H 1
| #define HAVE_STDINT_H 1
| #define HAVE_UNISTD_H 1
| #define HAVE_XOPEN_SOURCE 
| #define DEBUG 1
| #define ENABLE_THREADS 1
| #define HAVE_PTHREAD 1
| #define STDC_HEADERS 1
| #define HAVE_ARPA_INET_H 1
| #define HAVE_CTYPE_H 1
| #define HAVE_ERRNO_H 1
| #define HAVE_FLOAT_H 1
| #define HAVE_INTTYPES_H 1
| #define HAVE_LIMITS_H 1
| #define HAVE_MEMORY_H 1
| #define HAVE_NETDB_H 1
| #define HAVE_NETINET_IN_H 1
| #define HAVE_POLL_H 1
| #define HAVE_SIGNAL_H 1
| #define HAVE_STDIO_H 1
| #define HAVE_STDLIB_H 1
| #define HAVE_STRING_H 1
| #define HAVE_STRINGS_H 1
| #define HAVE_SYS_PARAM_H 1
| #define HAVE_SYS_SELECT_H 1
| #define HAVE_SYS_SOCKET_H 1
| #define HAVE_SYS_TIME_H 1
| #define HAVE_SYS_TIMEB_H 1
| #define HAVE_SYS_TYPES_H 1
| #define HAVE_SYS_UNISTD_H 1
| #define HAVE_TIME_H 1
| #define HAVE_UNISTD_H 1
| #define HAVE__BOOL 1
| #define HAVE_STDBOOL_H 1
| #define HAVE_STRUCT_SOCKADDR_IN6 1
| #define HAVE_STRUCT_SOCKADDR_STORAGE_SS_FAMILY 1
| #define SNMP_SOCKLEN_T socklen_t
| #define SNMP_PP_IPv6 1
| #define HAVE_MALLOC 1
| #define HAVE_REALLOC 1
| #define HAVE_GETHOSTBYADDR 1
| #define HAVE_GETHOSTBYADDR_R 1
| #define HAVE_GETHOSTBYNAME 1
| #define HAVE_GETHOSTBYNAME2 1
| #define HAVE_GETHOSTBYNAME_R 1
| #define HAVE_GETHOSTNAME 1
| #define HAVE_GETTIMEOFDAY 1
| #define HAVE_GETPID 1
| #define HAVE_HTONL 1
| #define HAVE_INET_ATON 1
| #define HAVE_INET_NTOA 1
| #define HAVE_INET_PTON 1
| #define HAVE_INET_NTOP 1
| #define HAVE_ISDIGIT 1
| #define HAVE_LOCALTIME_R 1
| #define HAVE_MEMSET 1
| #define HAVE_POLL 1
| #define HAVE_SELECT 1
| #define HAVE_SOCKET 1
| #define HAVE_STRCASECMP 1
| #define HAVE_STRCHR 1
| #define HAVE_STRERROR 1
| #define HAVE_STRSTR 1
| #define HAVE_CLOCK_GETTIME 1
| #define HAVE_GETADDRINFO 1
| #define HAVE_NAMESPACES /**/
| #define HAVE_NAMESPACE_STD /**/
| #define HAVE_STL /**/
| #define HAVE_STD /**/
| #define HAVE_TEMPLATES /**/
| #define STDCXX_98_HEADERS /**/
| #define STDCXX_TR1_HEADERS /**/
| #define HAVE_STDCXX_0X /**/
| #define STDCXX_0X_HEADERS /**/
| #define DEFAULT_LOG_PROFILE "original"
| #define _SNMPv3 1
| #define HAVE_DLFCN_H 1
| #define LT_OBJDIR ".libs/"
| /* end confdefs.h.  */
| #include <ac_nonexistent.h>
configure:19944: result: g++ -E
configure:19964: g++ -E  -D_GNU_SOURCE conftest.cpp
configure:19964: $? = 0
configure:19978: g++ -E  -D_GNU_SOURCE conftest.cpp
conftest.cpp:97:10: fatal error: ac_nonexistent.h: No such file or directory
 #include <ac_nonexistent.h>
          ^~~~~~~~~~~~~~~~~~
compilation terminated.
configure:19978: $? = 1
configure: failed program was:
| /* confdefs.h */
| #define PACKAGE_NAME "snmp++"
| #define PACKAGE_TARNAME "snmp++"
| #define PACKAGE_VERSION "3.3.11"
| #define PACKAGE_STRING "snmp++ 3.3.11"
| #define PACKAGE_BUGREPORT "support@agentpp.com"
| #define PACKAGE_URL ""
| #define PACKAGE "snmp++"
| #define VERSION "3.3.11"
| #define OS_TYPE "linux-gnu"
| #define STDC_HEADERS 1
| #define HAVE_SYS_TYPES_H 1
| #define HAVE_SYS_STAT_H 1
| #define HAVE_STDLIB_H 1
| #define HAVE_STRING_H 1
| #define HAVE_MEMORY_H 1
| #define HAVE_STRINGS_H 1
| #define HAVE_INTTYPES_H 1
| #define HAVE_STDINT_H 1
| #define HAVE_UNISTD_H 1
| #define HAVE_XOPEN_SOURCE 
| #define DEBUG 1
| #define ENABLE_THREADS 1
| #define HAVE_PTHREAD 1
| #define STDC_HEADERS 1
| #define HAVE_ARPA_INET_H 1
| #define HAVE_CTYPE_H 1
| #define HAVE_ERRNO_H 1
| #define HAVE_FLOAT_H 1
| #define HAVE_INTTYPES_H 1
| #define HAVE_LIMITS_H 1
| #define HAVE_MEMORY_H 1
| #define HAVE_NETDB_H 1
| #define HAVE_NETINET_IN_H 1
| #define HAVE_POLL_H 1
| #define HAVE_SIGNAL_H 1
| #define HAVE_STDIO_H 1
| #define HAVE_STDLIB_H 1
| #define HAVE_STRING_H 1
| #define HAVE_STRINGS_H 1
| #define HAVE_SYS_PARAM_H 1
| #define HAVE_SYS_SELECT_H 1
| #define HAVE_SYS_SOCKET_H 1
| #define HAVE_SYS_TIME_H 1
| #define HAVE_SYS_TIMEB_H 1
| #define HAVE_SYS_TYPES_H 1
| #define HAVE_SYS_UNISTD_H 1
| #define HAVE_TIME_H 1
| #define HAVE_UNISTD_H 1
| #define HAVE__BOOL 1
| #define HAVE_STDBOOL_H 1
| #define HAVE_STRUCT_SOCKADDR_IN6 1
| #define HAVE_STRUCT_SOCKADDR_STORAGE_SS_FAMILY 1
| #define SNMP_SOCKLEN_T socklen_t
| #define SNMP_PP_IPv6 1
| #define HAVE_MALLOC 1
| #define HAVE_REALLOC 1
| #define HAVE_GETHOSTBYADDR 1
| #define HAVE_GETHOSTBYADDR_R 1
| #define HAVE_GETHOSTBYNAME 1
| #define HAVE_GETHOSTBYNAME2 1
| #define HAVE_GETHOSTBYNAME_R 1
| #define HAVE_GETHOSTNAME 1
| #define HAVE_GETTIMEOFDAY 1
| #define HAVE_GETPID 1
| #define HAVE_HTONL 1
| #define HAVE_INET_ATON 1
| #define HAVE_INET_NTOA 1
| #define HAVE_INET_PTON 1
| #define HAVE_INET_NTOP 1
| #define HAVE_ISDIGIT 1
| #define HAVE_LOCALTIME_R 1
| #define HAVE_MEMSET 1
| #define HAVE_POLL 1
| #define HAVE_SELECT 1
| #define HAVE_SOCKET 1
| #define HAVE_STRCASECMP 1
| #define HAVE_STRCHR 1
| #define HAVE_STRERROR 1
| #define HAVE_STRSTR 1
| #define HAVE_CLOCK_GETTIME 1
| #define HAVE_GETADDRINFO 1
| #define HAVE_NAMESPACES /**/
| #define HAVE_NAMESPACE_STD /**/
| #define HAVE_STL /**/
| #define HAVE_STD /**/
| #define HAVE_TEMPLATES /**/
| #define STDCXX_98_HEADERS /**/
| #define STDCXX_TR1_HEADERS /**/
| #define HAVE_STDCXX_0X /**/
| #define STDCXX_0X_HEADERS /**/
| #define DEFAULT_LOG_PROFILE "original"
| #define _SNMPv3 1
| #define HAVE_DLFCN_H 1
| #define LT_OBJDIR ".libs/"
| /* end confdefs.h.  */
| #include <ac_nonexistent.h>
configure:20140: checking for ld used by g++
configure:20207: result: /usr/bin/ld -m elf_x86_64
configure:20214: checking if the linker (/usr/bin/ld -m elf_x86_64) is GNU ld
configure:20229: result: yes
configure:20284: checking whether the g++ linker (/usr/bin/ld -m elf_x86_64) supports shared libraries
configure:21357: result: yes
configure:21393: g++ -c -g -O2 -pthread  -D_GNU_SOURCE conftest.cpp >&5
configure:21396: $? = 0
configure:21877: checking for g++ option to produce PIC
configure:21884: result: -fPIC -DPIC
configure:21892: checking if g++ PIC flag -fPIC -DPIC works
configure:21910: g++ -c -g -O2 -pthread  -D_GNU_SOURCE -fPIC -DPIC -DPIC conftest.cpp >&5
configure:21914: $? = 0
configure:21927: result: yes
configure:21950: checking if g++ static flag -static works
configure:21978: result: no
configure:21990: checking if g++ supports -c -o file.o
configure:22011: g++ -c -g -O2 -pthread  -D_GNU_SOURCE -o out/conftest2.o conftest.cpp >&5
configure:22015: $? = 0
configure:22037: result: yes
configure:22042: checking if g++ supports -c -o file.o
configure:22089: result: yes
configure:22119: checking whether the g++ linker (/usr/bin/ld -m elf_x86_64) supports shared libraries
configure:22162: result: yes
configure:22303: checking dynamic linker characteristics
configure:23060: result: GNU/Linux ld.so
configure:23125: checking how to hardcode library paths into programs
configure:23150: result: immediate
configure:23386: checking that generated files are newer than configure
configure:23392: result: done
configure:23423: creating ./config.status

## ---------------------- ##
## Running config.status. ##
## ---------------------- ##

This file was extended by snmp++ config.status 3.3.11, which was
generated by GNU Autoconf 2.69.  Invocation command line was

  CONFIG_FILES    = 
  CONFIG_HEADERS  = 
  CONFIG_LINKS    = 
  CONFIG_COMMANDS = 
  $ ./config.status 

on localhost.localdomain

config.status:1306: creating Makefile
config.status:1306: creating include/Makefile
config.status:1306: creating include/snmp_pp/Makefile
config.status:1306: creating consoleExamples/Makefile
config.status:1306: creating src/Makefile
config.status:1306: creating snmp++-3.pc
config.status:1306: creating include/snmp_pp/config_snmp_pp.h
config.status:1306: creating libsnmp.h
config.status:1306: creating config.h
config.status:1535: executing depfiles commands
config.status:1535: executing libtool commands

## ---------------- ##
## Cache variables. ##
## ---------------- ##

ac_cv_build=x86_64-unknown-linux-gnu
ac_cv_c_compiler_gnu=yes
ac_cv_c_inline=inline
ac_cv_c_int16_t=yes
ac_cv_c_int32_t=yes
ac_cv_c_int64_t=yes
ac_cv_c_int8_t=yes
ac_cv_c_uint16_t=yes
ac_cv_c_uint32_t=yes
ac_cv_c_uint64_t=yes
ac_cv_c_uint8_t=yes
ac_cv_cxx_compile_cxx0x_cxx=no
ac_cv_cxx_compile_cxx0x_gxx=no
ac_cv_cxx_compile_cxx0x_native=no
ac_cv_cxx_compiler_gnu=yes
ac_cv_enable_threads=yes
ac_cv_env_CCC_set=
ac_cv_env_CCC_value=
ac_cv_env_CC_set=
ac_cv_env_CC_value=
ac_cv_env_CFLAGS_set=
ac_cv_env_CFLAGS_value=
ac_cv_env_CPPFLAGS_set=
ac_cv_env_CPPFLAGS_value=
ac_cv_env_CPP_set=
ac_cv_env_CPP_value=
ac_cv_env_CXXCPP_set=
ac_cv_env_CXXCPP_value=
ac_cv_env_CXXFLAGS_set=
ac_cv_env_CXXFLAGS_value=
ac_cv_env_CXX_set=
ac_cv_env_CXX_value=
ac_cv_env_LDFLAGS_set=
ac_cv_env_LDFLAGS_value=
ac_cv_env_LIBS_set=
ac_cv_env_LIBS_value=
ac_cv_env_LT_SYS_LIBRARY_PATH_set=
ac_cv_env_LT_SYS_LIBRARY_PATH_value=
ac_cv_env_PKG_CONFIG_LIBDIR_set=
ac_cv_env_PKG_CONFIG_LIBDIR_value=
ac_cv_env_PKG_CONFIG_PATH_set=
ac_cv_env_PKG_CONFIG_PATH_value=
ac_cv_env_PKG_CONFIG_set=
ac_cv_env_PKG_CONFIG_value=
ac_cv_env_build_alias_set=
ac_cv_env_build_alias_value=
ac_cv_env_host_alias_set=
ac_cv_env_host_alias_value=
ac_cv_env_ssl_CFLAGS_set=
ac_cv_env_ssl_CFLAGS_value=
ac_cv_env_ssl_LIBS_set=
ac_cv_env_ssl_LIBS_value=
ac_cv_env_target_alias_set=
ac_cv_env_target_alias_value=
ac_cv_func__getpid=no
ac_cv_func_clock_gettime=yes
ac_cv_func_getaddrinfo=yes
ac_cv_func_gethostbyaddr=yes
ac_cv_func_gethostbyaddr_r=yes
ac_cv_func_gethostbyname2=yes
ac_cv_func_gethostbyname=yes
ac_cv_func_gethostbyname_r=yes
ac_cv_func_gethostname=yes
ac_cv_func_getpid=yes
ac_cv_func_gettimeofday=yes
ac_cv_func_htonl=yes
ac_cv_func_inet_aton=yes
ac_cv_func_inet_ntoa=yes
ac_cv_func_inet_ntop=yes
ac_cv_func_inet_pton=yes
ac_cv_func_isdigit=yes
ac_cv_func_localtime_r=yes
ac_cv_func_malloc=yes
ac_cv_func_memset=yes
ac_cv_func_poll=yes
ac_cv_func_realloc=yes
ac_cv_func_select=yes
ac_cv_func_socket=yes
ac_cv_func_strcasecmp=yes
ac_cv_func_strchr=yes
ac_cv_func_strerror=yes
ac_cv_func_stricmp=no
ac_cv_func_strstr=yes
ac_cv_have_decl__AIX=no
ac_cv_have_decl___linux=yes
ac_cv_have_decl___sun=no
ac_cv_header_arpa_inet_h=yes
ac_cv_header_ctype_h=yes
ac_cv_header_dlfcn_h=yes
ac_cv_header_errno_h=yes
ac_cv_header_float_h=yes
ac_cv_header_inttypes_h=yes
ac_cv_header_limits_h=yes
ac_cv_header_memory_h=yes
ac_cv_header_netdb_h=yes
ac_cv_header_netinet_in_h=yes
ac_cv_header_poll_h=yes
ac_cv_header_signal_h=yes
ac_cv_header_stdbool_h=yes
ac_cv_header_stdc=yes
ac_cv_header_stdint_h=yes
ac_cv_header_stdio_h=yes
ac_cv_header_stdlib_h=yes
ac_cv_header_string_h=yes
ac_cv_header_strings_h=yes
ac_cv_header_sys_param_h=yes
ac_cv_header_sys_select_h=yes
ac_cv_header_sys_socket_h=yes
ac_cv_header_sys_stat_h=yes
ac_cv_header_sys_time_h=yes
ac_cv_header_sys_timeb_h=yes
ac_cv_header_sys_types_h=yes
ac_cv_header_sys_unistd_h=yes
ac_cv_header_time_h=yes
ac_cv_header_unistd_h=yes
ac_cv_host=x86_64-unknown-linux-gnu
ac_cv_member_struct_sockaddr_storage___ss_family=no
ac_cv_member_struct_sockaddr_storage_ss_family=yes
ac_cv_native_win32=no
ac_cv_need_minus_d_gnu_source=yes
ac_cv_objext=o
ac_cv_path_EGREP='/usr/bin/grep -E'
ac_cv_path_FGREP='/usr/bin/grep -F'
ac_cv_path_GREP=/usr/bin/grep
ac_cv_path_SED=/usr/bin/sed
ac_cv_path_ac_pt_PKG_CONFIG=/usr/bin/pkg-config
ac_cv_path_install='/usr/bin/install -c'
ac_cv_path_lt_DD=/usr/bin/dd
ac_cv_path_mkdir=/usr/bin/mkdir
ac_cv_prog_AWK=gawk
ac_cv_prog_CPP='gcc -E'
ac_cv_prog_CXXCPP='g++ -E'
ac_cv_prog_ac_ct_AR=ar
ac_cv_prog_ac_ct_CC=gcc
ac_cv_prog_ac_ct_CXX=g++
ac_cv_prog_ac_ct_OBJDUMP=objdump
ac_cv_prog_ac_ct_RANLIB=ranlib
ac_cv_prog_ac_ct_STRIP=strip
ac_cv_prog_cc_c89=
ac_cv_prog_cc_g=yes
ac_cv_prog_cxx_g=yes
ac_cv_prog_make_make_set=yes
ac_cv_search_clock_gettime='none required'
ac_cv_search_connect='none required'
ac_cv_search_gethostent='none required'
ac_cv_search_setsockopt='none required'
ac_cv_type__Bool=yes
ac_cv_type_off_t=yes
ac_cv_type_pid_t=yes
ac_cv_type_size_t=yes
ac_cv_type_ssize_t=yes
ac_cv_type_struct_sockaddr_in6=yes
ac_cv_type_uid_t=yes
acl_cv_hardcode_direct=no
acl_cv_hardcode_libdir_flag_spec='${wl}-rpath ${wl}$libdir'
acl_cv_hardcode_libdir_separator=
acl_cv_hardcode_minus_L=no
acl_cv_libext=a
acl_cv_libname_spec='lib$name'
acl_cv_library_names_spec='$libname$shrext'
acl_cv_path_LD=/usr/bin/ld
acl_cv_prog_gnu_ld=yes
acl_cv_rpath=done
acl_cv_shlibext=so
acl_cv_wl=-Wl,
acx_cv_found_libdes=
acx_cv_found_libssl=yes
acx_cv_found_libtomcrypt=
acx_cv_with_libdes=check
acx_cv_with_libdes_prefix=no
acx_cv_with_libssl=check
acx_cv_with_libssl_prefix=no
acx_cv_with_libtomcrypt=check
acx_cv_with_libtomcrypt_prefix=no
am_cv_CC_dependencies_compiler_type=gcc3
am_cv_CXX_dependencies_compiler_type=gcc3
am_cv_ar_interface=ar
am_cv_make_support_nested_variables=yes
am_cv_prog_cc_c_o=yes
ax_cv_cxx_compile_cxx0x_cxx=yes
ax_cv_cxx_compile_cxx0x_gxx=yes
ax_cv_cxx_compile_cxx0x_native=yes
ax_cv_cxx_have_std=yes
ax_cv_cxx_have_std_namespace=yes
ax_cv_cxx_have_stl=yes
ax_cv_cxx_namespaces=yes
ax_cv_cxx_stdcxx_0x=yes
ax_cv_cxx_stdcxx_98=yes
ax_cv_cxx_stdcxx_tr1=yes
ax_cv_cxx_templates=yes
lt_cv_ar_at_file=@
lt_cv_archive_cmds_need_lc=no
lt_cv_deplibs_check_method=pass_all
lt_cv_file_magic_cmd='$MAGIC_CMD'
lt_cv_file_magic_test_file=
lt_cv_ld_reload_flag=-r
lt_cv_nm_interface='BSD nm'
lt_cv_objdir=.libs
lt_cv_path_LD=/usr/bin/ld
lt_cv_path_LDCXX='/usr/bin/ld -m elf_x86_64'
lt_cv_path_NM='/usr/bin/nm -B'
lt_cv_path_mainfest_tool=no
lt_cv_prog_compiler_c_o=yes
lt_cv_prog_compiler_c_o_CXX=yes
lt_cv_prog_compiler_pic='-fPIC -DPIC'
lt_cv_prog_compiler_pic_CXX='-fPIC -DPIC'
lt_cv_prog_compiler_pic_works=yes
lt_cv_prog_compiler_pic_works_CXX=yes
lt_cv_prog_compiler_rtti_exceptions=no
lt_cv_prog_compiler_static_works=no
lt_cv_prog_compiler_static_works_CXX=no
lt_cv_prog_gnu_ld=yes
lt_cv_prog_gnu_ldcxx=yes
lt_cv_sharedlib_from_linklib_cmd='printf %s\n'
lt_cv_shlibpath_overrides_runpath=no
lt_cv_sys_global_symbol_pipe='sed -n -e '\''s/^.*[	 ]\([ABCDGIRSTW][ABCDGIRSTW]*\)[	 ][	 ]*\([_A-Za-z][_A-Za-z0-9]*\)$/\1 \2 \2/p'\'' | sed '\''/ __gnu_lto/d'\'''
lt_cv_sys_global_symbol_to_c_name_address='sed -n -e '\''s/^: \(.*\) .*$/  {"\1", (void *) 0},/p'\'' -e '\''s/^[ABCDGIRSTW][ABCDGIRSTW]* .* \(.*\)$/  {"\1", (void *) \&\1},/p'\'''
lt_cv_sys_global_symbol_to_c_name_address_lib_prefix='sed -n -e '\''s/^: \(.*\) .*$/  {"\1", (void *) 0},/p'\'' -e '\''s/^[ABCDGIRSTW][ABCDGIRSTW]* .* \(lib.*\)$/  {"\1", (void *) \&\1},/p'\'' -e '\''s/^[ABCDGIRSTW][ABCDGIRSTW]* .* \(.*\)$/  {"lib\1", (void *) \&\1},/p'\'''
lt_cv_sys_global_symbol_to_cdecl='sed -n -e '\''s/^T .* \(.*\)$/extern int \1();/p'\'' -e '\''s/^[ABCDGIRSTW][ABCDGIRSTW]* .* \(.*\)$/extern char \1;/p'\'''
lt_cv_sys_global_symbol_to_import=
lt_cv_sys_max_cmd_len=1572864
lt_cv_to_host_file_cmd=func_convert_file_noop
lt_cv_to_tool_file_cmd=func_convert_file_noop
lt_cv_truncate_bin='/usr/bin/dd bs=4096 count=1'
pkg_cv_ssl_CFLAGS=
pkg_cv_ssl_LIBS='-lssl -lcrypto '

## ----------------- ##
## Output variables. ##
## ----------------- ##

ACLOCAL='aclocal-1.15'
AMDEPBACKSLASH='\'
AMDEP_FALSE='#'
AMDEP_TRUE=''
AMTAR='$${TAR-tar}'
AM_BACKSLASH='\'
AM_DEFAULT_V='$(AM_DEFAULT_VERBOSITY)'
AM_DEFAULT_VERBOSITY='1'
AM_V='$(V)'
AR='ar'
AUTOCONF='autoconf'
AUTOHEADER='autoheader'
AUTOMAKE='automake-1.15'
AWK='gawk'
CC='gcc'
CCDEPMODE='depmode=gcc3'
CFLAGS='-g -O2 -pthread'
CLIBFLAGS=''
CNF_HAVE_ARPA_INET_H='1'
CNF_HAVE_CTYPE_H='1'
CNF_HAVE_ERRNO_H='1'
CNF_HAVE_GETPID='1'
CNF_HAVE_INTTYPES_H='1'
CNF_HAVE_IO_H='0'
CNF_HAVE_MEMORY_H='1'
CNF_HAVE_NAMESPACE_STD='1'
CNF_HAVE_NETDB_H='1'
CNF_HAVE_NETINET_IN_H='1'
CNF_HAVE_POLL_H='1'
CNF_HAVE_PROCESS_H='0'
CNF_HAVE_SIGNAL_H='1'
CNF_HAVE_STDINT_H='1'
CNF_HAVE_STDLIB_H='1'
CNF_HAVE_STRCASECMP='1'
CNF_HAVE_STRICMP='0'
CNF_HAVE_STRINGS_H='1'
CNF_HAVE_STRING_H='1'
CNF_HAVE_STRUCT_SOCKADDR_STORAGE_SS_FAMILY='1'
CNF_HAVE_STRUCT_SOCKADDR_STORAGE___SS_FAMILY='0'
CNF_HAVE_SYS_PARAM_H='1'
CNF_HAVE_SYS_SELECT_H='1'
CNF_HAVE_SYS_SOCKET_H='1'
CNF_HAVE_SYS_STAT_H='1'
CNF_HAVE_SYS_TIMEB_H='1'
CNF_HAVE_SYS_TIME_H='1'
CNF_HAVE_SYS_TYPES_H='1'
CNF_HAVE_SYS_UNISTD_H='1'
CNF_HAVE_TIME_H='1'
CNF_HAVE_UNISTD_H='1'
CNF_HAVE_WINSOCK2_H='0'
CNF_HAVE_WINSOCK_H='0'
CNF_HAVE_WS2TCPIP_H='0'
CNF_HAVE_WSPIAPI_H='0'
CNF_HAVE__GETPID='0'
CNF_STDCXX_98_HEADERS='1'
CNF_STDC_HEADERS='1'
CPP='gcc -E'
CPPFLAGS=' -D_GNU_SOURCE'
CXX='g++'
CXXCPP='g++ -E'
CXXDEPMODE='depmode=gcc3'
CXXFLAGS='-g -O2 -pthread'
CYGPATH_W='echo'
DEFS='-DHAVE_CONFIG_H'
DEPDIR='.deps'
DLLTOOL='false'
DSYMUTIL=''
DUMPBIN=''
ECHO_C=''
ECHO_N='-n'
ECHO_T=''
EGREP='/usr/bin/grep -E'
EXEEXT=''
FGREP='/usr/bin/grep -F'
GREP='/usr/bin/grep'
HAVE_LIBDES=''
HAVE_LIBSSL='yes'
HAVE_LIBTOMCRYPT=''
INC_DES=''
INC_SSL=''
INC_TOMCRYPT=''
INSTALL_DATA='${INSTALL} -m 644'
INSTALL_PROGRAM='${INSTALL}'
INSTALL_SCRIPT='${INSTALL}'
INSTALL_STRIP_PROGRAM='$(install_sh) -c -s'
LD='/usr/bin/ld -m elf_x86_64'
LDFLAGS=''
LIBOBJS=''
LIBS=''
LIBS_DES=''
LIBS_SSL='-lssl -lcrypto'
LIBS_TOMCRYPT=''
LIBTOOL='$(SHELL) $(top_builddir)/libtool'
LINKFLAGS='-lssl -lcrypto'
LIPO=''
LN_S='ln -s'
LTLIBOBJS=''
LT_SYS_LIBRARY_PATH=''
MAINT='#'
MAINTAINER_MODE_FALSE=''
MAINTAINER_MODE_TRUE='#'
MAKEINFO='makeinfo'
MANIFEST_TOOL=':'
MKDIR_P='/usr/bin/mkdir -p'
NM='/usr/bin/nm -B'
NMEDIT=''
OBJDUMP='objdump'
OBJEXT='o'
OTOOL64=''
OTOOL=''
PACKAGE='snmp++'
PACKAGE_BUGREPORT='support@agentpp.com'
PACKAGE_NAME='snmp++'
PACKAGE_STRING='snmp++ 3.3.11'
PACKAGE_TARNAME='snmp++'
PACKAGE_URL=''
PACKAGE_VERSION='3.3.11'
PATH_SEPARATOR=':'
PKG_CONFIG='/usr/bin/pkg-config'
PKG_CONFIG_LIBDIR=''
PKG_CONFIG_PATH=''
PTHREAD_CC='gcc'
PTHREAD_CFLAGS='-pthread'
PTHREAD_CXX='g++'
PTHREAD_LIBS=''
RANLIB='ranlib'
SED='/usr/bin/sed'
SET_MAKE=''
SHELL='/bin/sh'
SNMP_PP_MAJOR_VERSION='3'
SNMP_PP_MICRO_VERSION='11'
SNMP_PP_MINOR_VERSION='3'
STRIP='strip'
VERSION='3.3.11'
WITH_IPXADDRESS='0'
WITH_LIBDES='0'
WITH_LIBSSL='1'
WITH_LIBTOMCRYPT='0'
WITH_LOGGING='1'
WITH_LOG_PROFILES='1'
WITH_MACADDRESS='0'
WITH_MODULES=''
WITH_NAMESPACE='1'
WITH_PTHREAD='1'
WITH_SNMP_PP_IPv6='1'
WITH_THREADS='1'
_SNMPv3='1'
ac_ct_AR='ar'
ac_ct_CC='gcc'
ac_ct_CXX='g++'
ac_ct_DUMPBIN=''
acx_pthread_config=''
am__EXEEXT_FALSE=''
am__EXEEXT_TRUE='#'
am__fastdepCC_FALSE='#'
am__fastdepCC_TRUE=''
am__fastdepCXX_FALSE='#'
am__fastdepCXX_TRUE=''
am__include='include'
am__isrc=''
am__leading_dot='.'
am__nodep='_no'
am__quote=''
am__tar='$${TAR-tar} chof - "$$tardir"'
am__untar='$${TAR-tar} xf -'
bindir='${exec_prefix}/bin'
build='x86_64-unknown-linux-gnu'
build_alias=''
build_cpu='x86_64'
build_os='linux-gnu'
build_vendor='unknown'
datadir='${datarootdir}'
datarootdir='${prefix}/share'
docdir='${datarootdir}/doc/${PACKAGE_TARNAME}'
dvidir='${docdir}'
exec_prefix='${prefix}'
host='x86_64-unknown-linux-gnu'
host_alias=''
host_cpu='x86_64'
host_os='linux-gnu'
host_vendor='unknown'
htmldir='${docdir}'
includedir='${prefix}/include'
infodir='${datarootdir}/info'
install_sh='${SHELL} /home/Toni/repos/repo-epp/libs/snmp++-3.3.11/build-aux/install-sh'
libdir='${exec_prefix}/lib'
libexecdir='${exec_prefix}/libexec'
localedir='${datarootdir}/locale'
localstatedir='${prefix}/var'
mandir='${datarootdir}/man'
mkdir_p='$(MKDIR_P)'
oldincludedir='/usr/include'
pdfdir='${docdir}'
prefix='/usr/local'
program_transform_name='s,x,x,'
psdir='${docdir}'
runstatedir='${localstatedir}/run'
sbindir='${exec_prefix}/sbin'
sharedstatedir='${prefix}/com'
ssl_CFLAGS=''
ssl_LIBS='-lssl -lcrypto '
sysconfdir='${prefix}/etc'
target_alias=''

## ----------- ##
## confdefs.h. ##
## ----------- ##

/* confdefs.h */
#define PACKAGE_NAME "snmp++"
#define PACKAGE_TARNAME "snmp++"
#define PACKAGE_VERSION "3.3.11"
#define PACKAGE_STRING "snmp++ 3.3.11"
#define PACKAGE_BUGREPORT "support@agentpp.com"
#define PACKAGE_URL ""
#define PACKAGE "snmp++"
#define VERSION "3.3.11"
#define OS_TYPE "linux-gnu"
#define STDC_HEADERS 1
#define HAVE_SYS_TYPES_H 1
#define HAVE_SYS_STAT_H 1
#define HAVE_STDLIB_H 1
#define HAVE_STRING_H 1
#define HAVE_MEMORY_H 1
#define HAVE_STRINGS_H 1
#define HAVE_INTTYPES_H 1
#define HAVE_STDINT_H 1
#define HAVE_UNISTD_H 1
#define HAVE_XOPEN_SOURCE 
#define DEBUG 1
#define ENABLE_THREADS 1
#define HAVE_PTHREAD 1
#define STDC_HEADERS 1
#define HAVE_ARPA_INET_H 1
#define HAVE_CTYPE_H 1
#define HAVE_ERRNO_H 1
#define HAVE_FLOAT_H 1
#define HAVE_INTTYPES_H 1
#define HAVE_LIMITS_H 1
#define HAVE_MEMORY_H 1
#define HAVE_NETDB_H 1
#define HAVE_NETINET_IN_H 1
#define HAVE_POLL_H 1
#define HAVE_SIGNAL_H 1
#define HAVE_STDIO_H 1
#define HAVE_STDLIB_H 1
#define HAVE_STRING_H 1
#define HAVE_STRINGS_H 1
#define HAVE_SYS_PARAM_H 1
#define HAVE_SYS_SELECT_H 1
#define HAVE_SYS_SOCKET_H 1
#define HAVE_SYS_TIME_H 1
#define HAVE_SYS_TIMEB_H 1
#define HAVE_SYS_TYPES_H 1
#define HAVE_SYS_UNISTD_H 1
#define HAVE_TIME_H 1
#define HAVE_UNISTD_H 1
#define HAVE__BOOL 1
#define HAVE_STDBOOL_H 1
#define HAVE_STRUCT_SOCKADDR_IN6 1
#define HAVE_STRUCT_SOCKADDR_STORAGE_SS_FAMILY 1
#define SNMP_SOCKLEN_T socklen_t
#define SNMP_PP_IPv6 1
#define HAVE_MALLOC 1
#define HAVE_REALLOC 1
#define HAVE_GETHOSTBYADDR 1
#define HAVE_GETHOSTBYADDR_R 1
#define HAVE_GETHOSTBYNAME 1
#define HAVE_GETHOSTBYNAME2 1
#define HAVE_GETHOSTBYNAME_R 1
#define HAVE_GETHOSTNAME 1
#define HAVE_GETTIMEOFDAY 1
#define HAVE_GETPID 1
#define HAVE_HTONL 1
#define HAVE_INET_ATON 1
#define HAVE_INET_NTOA 1
#define HAVE_INET_PTON 1
#define HAVE_INET_NTOP 1
#define HAVE_ISDIGIT 1
#define HAVE_LOCALTIME_R 1
#define HAVE_MEMSET 1
#define HAVE_POLL 1
#define HAVE_SELECT 1
#define HAVE_SOCKET 1
#define HAVE_STRCASECMP 1
#define HAVE_STRCHR 1
#define HAVE_STRERROR 1
#define HAVE_STRSTR 1
#define HAVE_CLOCK_GETTIME 1
#define HAVE_GETADDRINFO 1
#define HAVE_NAMESPACES /**/
#define HAVE_NAMESPACE_STD /**/
#define HAVE_STL /**/
#define HAVE_STD /**/
#define HAVE_TEMPLATES /**/
#define STDCXX_98_HEADERS /**/
#define STDCXX_TR1_HEADERS /**/
#define HAVE_STDCXX_0X /**/
#define STDCXX_0X_HEADERS /**/
#define DEFAULT_LOG_PROFILE "original"
#define _SNMPv3 1
#define HAVE_DLFCN_H 1
#define LT_OBJDIR ".libs/"

configure: exit 0
